Results of doctest builder run on 2016-09-22 16:00:12
=====================================================

Document: vcs/graphics/isoline
------------------------------
**********************************************************************
File "vcs/graphics/isoline.rst", line 7, in xyscale_isoline
Failed example:
    ex=a.createisoline('xyscale_ex') # create a boxfill to work with
Exception raised:
    Traceback (most recent call last):
      File "/home/edward/anaconda2/envs/2.6-71-ga2d9061/lib/python2.7/doctest.py", line 1315, in __run
        compileflags, 1) in test.globs
      File "<doctest xyscale_isoline[1]>", line 1, in <module>
        ex=a.createisoline('xyscale_ex') # create a boxfill to work with
      File "/home/edward/anaconda2/envs/2.6-71-ga2d9061/lib/python2.7/site-packages/vcs-2.6-py2.7.egg/vcs/Canvas.py", line 1416, in createisoline
        return vcs.createisoline(name, source)
      File "/home/edward/anaconda2/envs/2.6-71-ga2d9061/lib/python2.7/site-packages/vcs-2.6-py2.7.egg/vcs/manageElements.py", line 368, in createisoline
        name, source = check_name_source(name, source, 'isoline')
      File "/home/edward/anaconda2/envs/2.6-71-ga2d9061/lib/python2.7/site-packages/vcs-2.6-py2.7.egg/vcs/manageElements.py", line 57, in check_name_source
        raise vcsError("Error %s object named %s already exists" % (typ, name))
    vcsError: Error isoline object named xyscale_ex already exists
**********************************************************************
File "vcs/graphics/isoline.rst", line 8, in xyscale_isoline
Failed example:
    ex.xyscale(xat='linear', yat='linear') # set xaxisconvert and yaxisconvert to 'linear'
Exception raised:
    Traceback (most recent call last):
      File "/home/edward/anaconda2/envs/2.6-71-ga2d9061/lib/python2.7/doctest.py", line 1315, in __run
        compileflags, 1) in test.globs
      File "<doctest xyscale_isoline[2]>", line 1, in <module>
        ex.xyscale(xat='linear', yat='linear') # set xaxisconvert and yaxisconvert to 'linear'
    AttributeError: 'NoneType' object has no attribute 'xyscale'
1 items passed all tests:
   4 tests in script_examples
**********************************************************************
1 items had failures:
   2 of   3 in xyscale_isoline
7 tests in 2 items.
5 passed and 2 failed.
***Test Failed*** 2 failures.
2 items passed all tests:
   1 tests in script_examples (cleanup code)
   1 tests in xyscale_isoline (cleanup code)
2 tests in 2 items.
2 passed and 0 failed.
Test passed.

Document: vcs/misc/animate_helper
---------------------------------
**********************************************************************
File "vcs/misc/animate_helper.rst", line 11, in animate_helper_obj_old
Failed example:
    a.plot(array,'default','isofill','quick')
Exception raised:
    Traceback (most recent call last):
      File "/home/edward/anaconda2/envs/2.6-71-ga2d9061/lib/python2.7/doctest.py", line 1315, in __run
        compileflags, 1) in test.globs
      File "<doctest animate_helper_obj_old[1]>", line 1, in <module>
        a.plot(array,'default','isofill','quick')
    NameError: name 'array' is not defined
**********************************************************************
File "vcs/misc/animate_helper.rst", line 12, in animate_helper_obj_old
Failed example:
    a.animate()
Exception raised:
    Traceback (most recent call last):
      File "/home/edward/anaconda2/envs/2.6-71-ga2d9061/lib/python2.7/doctest.py", line 1315, in __run
        compileflags, 1) in test.globs
      File "<doctest animate_helper_obj_old[2]>", line 1, in <module>
        a.animate()
    TypeError: 'VTKAnimate' object is not callable
**********************************************************************
1 items had failures:
   2 of   3 in animate_helper_obj_old
3 tests in 1 items.
1 passed and 2 failed.
***Test Failed*** 2 failures.
1 items passed all tests:
   1 tests in animate_helper_obj_old (cleanup code)
1 tests in 1 items.
1 passed and 0 failed.
Test passed.

Document: vcs/secondary/textcombined
------------------------------------
**********************************************************************
File "vcs/secondary/textcombined.rst", line 19, in script_examples
Failed example:
    a.createtextcombined('EXAMPLE_tt', 'qa', 'EXAMPLE_tto', '7left') # Create 'EXAMPLE_tt' and 'EXAMPLE_tto'
Exception raised:
    Traceback (most recent call last):
      File "/home/edward/anaconda2/envs/2.6-71-ga2d9061/lib/python2.7/doctest.py", line 1315, in __run
        compileflags, 1) in test.globs
      File "<doctest script_examples[1]>", line 1, in <module>
        a.createtextcombined('EXAMPLE_tt', 'qa', 'EXAMPLE_tto', '7left') # Create 'EXAMPLE_tt' and 'EXAMPLE_tto'
      File "/home/edward/anaconda2/envs/2.6-71-ga2d9061/lib/python2.7/site-packages/vcs-2.6-py2.7.egg/vcs/Canvas.py", line 2117, in createtextcombined
        x, y, height, angle, path, halign, valign, projection)
      File "/home/edward/anaconda2/envs/2.6-71-ga2d9061/lib/python2.7/site-packages/vcs-2.6-py2.7.egg/vcs/manageElements.py", line 1336, in createtextcombined
        Tt_name, Tt_source = check_name_source(Tt_name, Tt_source, 'texttable')
      File "/home/edward/anaconda2/envs/2.6-71-ga2d9061/lib/python2.7/site-packages/vcs-2.6-py2.7.egg/vcs/manageElements.py", line 57, in check_name_source
        raise vcsError("Error %s object named %s already exists" % (typ, name))
    vcsError: Error texttable object named EXAMPLE_tt already exists
**********************************************************************
File "vcs/secondary/textcombined.rst", line 21, in script_examples
Failed example:
    ex=a.gettextcombined('EXAMPLE_tt', 'EXAMPLE_tto') # Get default textcombined
Exception raised:
    Traceback (most recent call last):
      File "/home/edward/anaconda2/envs/2.6-71-ga2d9061/lib/python2.7/doctest.py", line 1315, in __run
        compileflags, 1) in test.globs
      File "<doctest script_examples[2]>", line 1, in <module>
        ex=a.gettextcombined('EXAMPLE_tt', 'EXAMPLE_tto') # Get default textcombined
      File "/home/edward/anaconda2/envs/2.6-71-ga2d9061/lib/python2.7/site-packages/vcs-2.6-py2.7.egg/vcs/Canvas.py", line 2130, in gettextcombined
        x, y, height, angle, path, halign, valign)
      File "/home/edward/anaconda2/envs/2.6-71-ga2d9061/lib/python2.7/site-packages/vcs-2.6-py2.7.egg/vcs/manageElements.py", line 1458, in gettextcombined
        (Tt_name_src, To_name_src))
    Exception: No such text combined: EXAMPLE_tt:::EXAMPLE_tto
**********************************************************************
File "vcs/secondary/textcombined.rst", line 22, in script_examples
Failed example:
    ex.script('filename.py') # Append to a Python script named 'filename.py'
Exception raised:
    Traceback (most recent call last):
      File "/home/edward/anaconda2/envs/2.6-71-ga2d9061/lib/python2.7/doctest.py", line 1315, in __run
        compileflags, 1) in test.globs
      File "<doctest script_examples[3]>", line 1, in <module>
        ex.script('filename.py') # Append to a Python script named 'filename.py'
    AttributeError: 'NoneType' object has no attribute 'script'
**********************************************************************
File "vcs/secondary/textcombined.rst", line 23, in script_examples
Failed example:
    ex.script('filename','w') # Create or overwrite a JSON file 'filename.json'.
Exception raised:
    Traceback (most recent call last):
      File "/home/edward/anaconda2/envs/2.6-71-ga2d9061/lib/python2.7/doctest.py", line 1315, in __run
        compileflags, 1) in test.globs
      File "<doctest script_examples[4]>", line 1, in <module>
        ex.script('filename','w') # Create or overwrite a JSON file 'filename.json'.
    AttributeError: 'NoneType' object has no attribute 'script'
**********************************************************************
1 items had failures:
   4 of   5 in script_examples
5 tests in 1 items.
1 passed and 4 failed.
***Test Failed*** 4 failures.
1 items passed all tests:
   1 tests in script_examples (cleanup code)
1 tests in 1 items.
1 passed and 0 failed.
Test passed.

Document: vcs/graphics/taylor
-----------------------------
1 items passed all tests:
   4 tests in script_examples
4 tests in 1 items.
4 passed and 0 failed.
Test passed.
1 items passed all tests:
   1 tests in script_examples (cleanup code)
1 tests in 1 items.
1 passed and 0 failed.
Test passed.

Document: vcs/template/template
-------------------------------
**********************************************************************
File "vcs/template/template.rst", line 9, in template_scale
Failed example:
    t = vcs.createtemplate('example1', 'default') # Create template 'example1', inherits from 'default'
Exception raised:
    Traceback (most recent call last):
      File "/home/edward/anaconda2/envs/2.6-71-ga2d9061/lib/python2.7/doctest.py", line 1315, in __run
        compileflags, 1) in test.globs
      File "<doctest template_scale[0]>", line 1, in <module>
        t = vcs.createtemplate('example1', 'default') # Create template 'example1', inherits from 'default'
      File "/home/edward/anaconda2/envs/2.6-71-ga2d9061/lib/python2.7/site-packages/vcs-2.6-py2.7.egg/vcs/manageElements.py", line 79, in createtemplate
        name, source = check_name_source(name, source, 'template')
      File "/home/edward/anaconda2/envs/2.6-71-ga2d9061/lib/python2.7/site-packages/vcs-2.6-py2.7.egg/vcs/manageElements.py", line 57, in check_name_source
        raise vcsError("Error %s object named %s already exists" % (typ, name))
    vcsError: Error template object named example1 already exists
**********************************************************************
File "vcs/template/template.rst", line 10, in template_scale
Failed example:
    t.scale(0.5) # Halves the template size
Exception raised:
    Traceback (most recent call last):
      File "/home/edward/anaconda2/envs/2.6-71-ga2d9061/lib/python2.7/doctest.py", line 1315, in __run
        compileflags, 1) in test.globs
      File "<doctest template_scale[1]>", line 1, in <module>
        t.scale(0.5) # Halves the template size
    NameError: name 't' is not defined
**********************************************************************
File "vcs/template/template.rst", line 11, in template_scale
Failed example:
    t.scale(1.2) # Upsize everything to 20% more than the original size
Exception raised:
    Traceback (most recent call last):
      File "/home/edward/anaconda2/envs/2.6-71-ga2d9061/lib/python2.7/doctest.py", line 1315, in __run
        compileflags, 1) in test.globs
      File "<doctest template_scale[2]>", line 1, in <module>
        t.scale(1.2) # Upsize everything to 20% more than the original size
    NameError: name 't' is not defined
**********************************************************************
File "vcs/template/template.rst", line 12, in template_scale
Failed example:
    t.scale(2,'x') # Double the x axis
Exception raised:
    Traceback (most recent call last):
      File "/home/edward/anaconda2/envs/2.6-71-ga2d9061/lib/python2.7/doctest.py", line 1315, in __run
        compileflags, 1) in test.globs
      File "<doctest template_scale[3]>", line 1, in <module>
        t.scale(2,'x') # Double the x axis
    NameError: name 't' is not defined
**********************************************************************
File "vcs/template/template.rst", line 6, in template_moveto
Failed example:
    t = vcs.createtemplate('example1', 'default') # Create template 'example1', inherits from 'default'
Exception raised:
    Traceback (most recent call last):
      File "/home/edward/anaconda2/envs/2.6-71-ga2d9061/lib/python2.7/doctest.py", line 1315, in __run
        compileflags, 1) in test.globs
      File "<doctest template_moveto[0]>", line 1, in <module>
        t = vcs.createtemplate('example1', 'default') # Create template 'example1', inherits from 'default'
      File "/home/edward/anaconda2/envs/2.6-71-ga2d9061/lib/python2.7/site-packages/vcs-2.6-py2.7.egg/vcs/manageElements.py", line 79, in createtemplate
        name, source = check_name_source(name, source, 'template')
      File "/home/edward/anaconda2/envs/2.6-71-ga2d9061/lib/python2.7/site-packages/vcs-2.6-py2.7.egg/vcs/manageElements.py", line 57, in check_name_source
        raise vcsError("Error %s object named %s already exists" % (typ, name))
    vcsError: Error template object named example1 already exists
**********************************************************************
File "vcs/template/template.rst", line 7, in template_moveto
Failed example:
    t.moveto(0.2, 0.2) # Move everything so that data.x1= 0.2 and data.y1= 0.2
Exception raised:
    Traceback (most recent call last):
      File "/home/edward/anaconda2/envs/2.6-71-ga2d9061/lib/python2.7/doctest.py", line 1315, in __run
        compileflags, 1) in test.globs
      File "<doctest template_moveto[1]>", line 1, in <module>
        t.moveto(0.2, 0.2) # Move everything so that data.x1= 0.2 and data.y1= 0.2
    NameError: name 't' is not defined
**********************************************************************
File "vcs/template/template.rst", line 9, in template_move
Failed example:
    t = vcs.createtemplate('example1', 'default') # Create template 'example1', inherits from 'default'
Exception raised:
    Traceback (most recent call last):
      File "/home/edward/anaconda2/envs/2.6-71-ga2d9061/lib/python2.7/doctest.py", line 1315, in __run
        compileflags, 1) in test.globs
      File "<doctest template_move[0]>", line 1, in <module>
        t = vcs.createtemplate('example1', 'default') # Create template 'example1', inherits from 'default'
      File "/home/edward/anaconda2/envs/2.6-71-ga2d9061/lib/python2.7/site-packages/vcs-2.6-py2.7.egg/vcs/manageElements.py", line 79, in createtemplate
        name, source = check_name_source(name, source, 'template')
      File "/home/edward/anaconda2/envs/2.6-71-ga2d9061/lib/python2.7/site-packages/vcs-2.6-py2.7.egg/vcs/manageElements.py", line 57, in check_name_source
        raise vcsError("Error %s object named %s already exists" % (typ, name))
    vcsError: Error template object named example1 already exists
**********************************************************************
File "vcs/template/template.rst", line 10, in template_move
Failed example:
    t.move(0.2,'x') # Move everything right by 20%
Exception raised:
    Traceback (most recent call last):
      File "/home/edward/anaconda2/envs/2.6-71-ga2d9061/lib/python2.7/doctest.py", line 1315, in __run
        compileflags, 1) in test.globs
      File "<doctest template_move[1]>", line 1, in <module>
        t.move(0.2,'x') # Move everything right by 20%
    NameError: name 't' is not defined
**********************************************************************
File "vcs/template/template.rst", line 11, in template_move
Failed example:
    t.move(0.2,'y') # Move everything up by 20%
Exception raised:
    Traceback (most recent call last):
      File "/home/edward/anaconda2/envs/2.6-71-ga2d9061/lib/python2.7/doctest.py", line 1315, in __run
        compileflags, 1) in test.globs
      File "<doctest template_move[2]>", line 1, in <module>
        t.move(0.2,'y') # Move everything up by 20%
    NameError: name 't' is not defined
1 items passed all tests:
   4 tests in script_examples
**********************************************************************
3 items had failures:
   3 of   3 in template_move
   2 of   2 in template_moveto
   4 of   4 in template_scale
13 tests in 4 items.
4 passed and 9 failed.
***Test Failed*** 9 failures.
4 items passed all tests:
   1 tests in script_examples (cleanup code)
   1 tests in template_move (cleanup code)
   1 tests in template_moveto (cleanup code)
   1 tests in template_scale (cleanup code)
4 tests in 4 items.
4 passed and 0 failed.
Test passed.

Document: vcs/misc/colormap
---------------------------
**********************************************************************
File "vcs/misc/colormap.rst", line 7, in colormap_getcolorcell
Failed example:
    cmap = a.createcolormap('example', 'default') # Create a colormap
Exception raised:
    Traceback (most recent call last):
      File "/home/edward/anaconda2/envs/2.6-71-ga2d9061/lib/python2.7/doctest.py", line 1315, in __run
        compileflags, 1) in test.globs
      File "<doctest colormap_getcolorcell[1]>", line 1, in <module>
        cmap = a.createcolormap('example', 'default') # Create a colormap
      File "/home/edward/anaconda2/envs/2.6-71-ga2d9061/lib/python2.7/site-packages/vcs-2.6-py2.7.egg/vcs/Canvas.py", line 5472, in createcolormap
        return vcs.createcolormap(Cp_name, Cp_name_src)
      File "/home/edward/anaconda2/envs/2.6-71-ga2d9061/lib/python2.7/site-packages/vcs-2.6-py2.7.egg/vcs/manageElements.py", line 1633, in createcolormap
        Cp_name, Cp_name_src = check_name_source(Cp_name, Cp_name_src, 'colormap')
      File "/home/edward/anaconda2/envs/2.6-71-ga2d9061/lib/python2.7/site-packages/vcs-2.6-py2.7.egg/vcs/manageElements.py", line 57, in check_name_source
        raise vcsError("Error %s object named %s already exists" % (typ, name))
    vcsError: Error colormap object named example already exists
**********************************************************************
File "vcs/misc/colormap.rst", line 8, in colormap_getcolorcell
Failed example:
    cmap.getcolorcell(1) # Get RGBA values
Exception raised:
    Traceback (most recent call last):
      File "/home/edward/anaconda2/envs/2.6-71-ga2d9061/lib/python2.7/doctest.py", line 1315, in __run
        compileflags, 1) in test.globs
      File "<doctest colormap_getcolorcell[2]>", line 1, in <module>
        cmap.getcolorcell(1) # Get RGBA values
    NameError: name 'cmap' is not defined
**********************************************************************
File "vcs/misc/colormap.rst", line 7, in colormap_setcolorcell
Failed example:
    cmap = a.createcolormap('example', 'default') # Create a colormap
Exception raised:
    Traceback (most recent call last):
      File "/home/edward/anaconda2/envs/2.6-71-ga2d9061/lib/python2.7/doctest.py", line 1315, in __run
        compileflags, 1) in test.globs
      File "<doctest colormap_setcolorcell[1]>", line 1, in <module>
        cmap = a.createcolormap('example', 'default') # Create a colormap
      File "/home/edward/anaconda2/envs/2.6-71-ga2d9061/lib/python2.7/site-packages/vcs-2.6-py2.7.egg/vcs/Canvas.py", line 5472, in createcolormap
        return vcs.createcolormap(Cp_name, Cp_name_src)
      File "/home/edward/anaconda2/envs/2.6-71-ga2d9061/lib/python2.7/site-packages/vcs-2.6-py2.7.egg/vcs/manageElements.py", line 1633, in createcolormap
        Cp_name, Cp_name_src = check_name_source(Cp_name, Cp_name_src, 'colormap')
      File "/home/edward/anaconda2/envs/2.6-71-ga2d9061/lib/python2.7/site-packages/vcs-2.6-py2.7.egg/vcs/manageElements.py", line 57, in check_name_source
        raise vcsError("Error %s object named %s already exists" % (typ, name))
    vcsError: Error colormap object named example already exists
**********************************************************************
File "vcs/misc/colormap.rst", line 8, in colormap_setcolorcell
Failed example:
    cmap.setcolorcell(40,80,95,1.0) # Set RGBA values
Exception raised:
    Traceback (most recent call last):
      File "/home/edward/anaconda2/envs/2.6-71-ga2d9061/lib/python2.7/doctest.py", line 1315, in __run
        compileflags, 1) in test.globs
      File "<doctest colormap_setcolorcell[2]>", line 1, in <module>
        cmap.setcolorcell(40,80,95,1.0) # Set RGBA values
    NameError: name 'cmap' is not defined
**********************************************************************
File "vcs/misc/colormap.rst", line 20, in script_examples
Failed example:
    ex.script('filename.py') # Append to a Python script named 'filename.py'
Expected nothing
Got:
    Error reading json file,will be overwritten filename.py Extra data: line 1546 column 2 - line 2337 column 1 (char 16830 - 39410)
**********************************************************************
3 items had failures:
   2 of   3 in colormap_getcolorcell
   2 of   3 in colormap_setcolorcell
   1 of   4 in script_examples
10 tests in 3 items.
5 passed and 5 failed.
***Test Failed*** 5 failures.
3 items passed all tests:
   1 tests in colormap_getcolorcell (cleanup code)
   1 tests in colormap_setcolorcell (cleanup code)
   1 tests in script_examples (cleanup code)
3 tests in 3 items.
3 passed and 0 failed.
Test passed.

Document: vcs/misc/vcshelp
--------------------------
**********************************************************************
File "vcs/misc/vcshelp.rst", line 8, in vcshelp_objecthelp
Failed example:
    for object in objects:
        vcs.objecthelp(object)
Expected nothing
Got:
    None
    <BLANKLINE>
        The Colormap object allows the manipulation of the colormap index R,G,B values.
    <BLANKLINE>
        This class is used to define a colormap table entry used in VCS, or it
        can be used to change some or all of the colormap R,G,B attributes in an
        existing colormap table entry.
    <BLANKLINE>
        .. describe:: Some Useful Functions:
    <BLANKLINE>
            .. code-block:: python
    <BLANKLINE>
                # Constructor
                a=vcs.init()
                # Show predefined colormap objects
                a.show('colormap')
                # Updates the VCS Canvas at user's request
                a.update()
                # If mode=1, automatic update
                a.mode=1
                #If mode=0, use update function to update the VCS Canvas.
                a.mode=0
    <BLANKLINE>
    <BLANKLINE>
    <BLANKLINE>
        .. describe:: General use of a colormap:
    <BLANKLINE>
            .. code-block:: python
    <BLANKLINE>
                # Create a VCS Canvas object
                a=vcs.init()
                #To Create a new instance of colormap use:
                # Copies content of 'red' to 'new'
                cp=a.createcolormap('new','quick')
                # Copies content of 'default' to 'new'
                cp=a.createcolormap('new')
    <BLANKLINE>
        .. describe:: Modifying an existing colormap:
    <BLANKLINE>
            .. code-block:: python
    <BLANKLINE>
                cp=a.getcolormap('quick')
    <BLANKLINE>
        .. describe:: Overview of colormap attributes:
    <BLANKLINE>
            * List all the colormap indices and R,G,B attribute values
    <BLANKLINE>
                .. code-block:: python
    <BLANKLINE>
                    cp.list()
    <BLANKLINE>
            * Setting colormap attribute values:
    <BLANKLINE>
                .. code-block:: python
    <BLANKLINE>
                    # Index, R, G, B
                    cp.color=16,100,0,0
                    # Index range from 0 to 255, but can only modify from 0 to 239
                    cp.color=16,0,100,0
                    # R, G, B values range from 0 to 100, where 0 is low intensity and 100 is highest intensity
                    cp.color=17,0,0,100
    <BLANKLINE>
    <BLANKLINE>
    <BLANKLINE>
        The boxfill graphics method (Gfb) displays a two-dimensional data array
        by surrounding each data value by a colored grid box.
    <BLANKLINE>
        This class is used to define a boxfill table entry used in VCS, or it
        can be used to change some or all of the attributes in an existing
        boxfill table entry.
    <BLANKLINE>
    <BLANKLINE>
        .. describe:: General use of a boxfill:
    <BLANKLINE>
                .. code-block:: python
    <BLANKLINE>
                    # Constructor
                    a=vcs.init()
                    # Show predefined boxfill graphics methods
                    a.show('boxfill')
                    # Change the VCS color map
                    a.setcolormap("AMIP")
                    # Plot data 's' with boxfill 'b' and 'default' template
                    a.boxfill(s,b,'default')
    <BLANKLINE>
        .. describe:: Updating a boxfill:
    <BLANKLINE>
            .. code-block:: python
    <BLANKLINE>
                # Updates the VCS Canvas at user's request
                a.update()
                # Set VCS Canvas to automatic update mode
                a.mode=1
                # Use update function to update the VCS Canvas
                a.mode=0
    <BLANKLINE>
        .. describe:: Create a new instance of boxfill:
    <BLANKLINE>
            .. code-block:: python
    <BLANKLINE>
                #  Copies content of 'quick' to 'new'
                box=a.createboxfill('new','quick')
                #  Copies content of 'default' to 'new'
                box=a.createboxfill('new')
    <BLANKLINE>
        .. describe:: Modifying an existing boxfill:
    <BLANKLINE>
            .. code-block:: python
    <BLANKLINE>
                fill=a.getboxfill('quick')
    <BLANKLINE>
                # Set index using fillarea
                box.fillareaindices=(7,fill,4,9,fill,15)
                # list fillarea attributes
                fill.list()
                # change style
                fill.style='hatch'
                # change color
                fill.color=241
                # change style index
                fill.index=3
    <BLANKLINE>
        .. describe:: Overview of boxfill attributes:
    <BLANKLINE>
            * Listing all the boxfill attribute values:
    <BLANKLINE>
                .. code-block:: python
    <BLANKLINE>
                    box.list()
    <BLANKLINE>
            * Setting boxfill attribute values:
    <BLANKLINE>
                .. code-block:: python
    <BLANKLINE>
                    box.projection='linear'
                    lon30={-180:'180W',-150:'150W',0:'Eq'}
                    box.xticlabels1=lon30
                    box.xticlabels2=lon30
                    # Will set them both
                    box.xticlabels(lon30, lon30)
                    box.xmtics1=''
                    box.xmtics2=''
                    # Will set them both
                    box.xmtics(lon30, lon30)
                    box.yticlabels1=lat10
                    box.yticlabels2=lat10
                    # Will set them both
                    box.yticlabels(lat10, lat10)
                    box.ymtics1=''
                    box.ymtics2=''
                    # Will set them both
                    box.ymtics(lat10, lat10)
                    box.datawc_y1=-90.0
                    box.datawc_y2=90.0
                    box.datawc_x1=-180.0
                    box.datawc_x2=180.0
                    # Will set them all
                    box.datawc(-90, 90, -180, 180)
                    box.xaxisconvert='linear'
                    box.yaxisconvert='linear'
                    # Will set them both
                    box.xyscale('linear', 'area_wt')
                    box.level_1=1e20
                    box.level_2=1e20
                    box.color_1=16
                    box.color_2=239
                    # Will set them both
                    box.colors(16, 239 )
                    # 'linear' - compute or specify legend
                    box.boxfill_type='linear'
                    # 'log10' - plot using log10
                    box.boxfill_type='log10'
                    # 'custom' - use custom values to display legend evenly
                    box.boxfill_type='custom'
                    # Hold the legend values
                    box.legend=None
                    # Show left overflow arrow
                    box.ext_1='n'
                    # Show right overflow arrow
                    box.ext_2='y'
                    # Will set them both
                    box.exts('n', 'y' )
                    # Color index value range 0 to 255
                    box.missing=241
    <BLANKLINE>
            * Setting the boxfill levels:
    <BLANKLINE>
                .. code-block:: python
    <BLANKLINE>
                    # Case 1: Levels are all contiguous:
                    box.levels=([0,20,25,30,35,40],)
                    box.levels=([0,20,25,30,35,40,45,50])
                    box.levels=[0,20,25,30,35,40]
                    box.levels=(0.0,20.0,25.0,30.0,35.0,40.0,50.0)
    <BLANKLINE>
                    # Case 2: Levels are not contiguous:
                    box.levels=([0,20],[30,40],[50,60])
                    box.levels=([0,20,25,30,35,40],[30,40],[50,60])
    <BLANKLINE>
            * Setting the fillarea color indices:
    <BLANKLINE>
                .. code-block:: python
    <BLANKLINE>
                    # Three different methods for setting color indices:
                    box.fillareacolors=([22,33,44,55,66,77])
                    box.fillareacolors=(16,19,33,44)
                    box.fillareacolors=None
    <BLANKLINE>
            * Setting the fillarea style:
    <BLANKLINE>
                .. code-block:: python
    <BLANKLINE>
                    box.fillareastyle = 'solid'
                    box.fillareastyle = 'hatch'
                    box.fillareastyle = 'pattern'
    <BLANKLINE>
            * Setting the fillarea hatch or pattern indices:
    <BLANKLINE>
                .. code-block:: python
    <BLANKLINE>
                    box.fillareaindices=([1,3,5,6,9,20])
                    box.fillareaindices=(7,1,4,9,6,15)
    <BLANKLINE>
            * Using the fillarea secondary object (Ex):
    <BLANKLINE>
                .. code-block:: python
    <BLANKLINE>
                    f=createfillarea('fill1')
                    #To Create a new instance of fillarea use:
                    # Copies 'quick' to 'new'
                    fill=a.createfillarea('new','quick')
                    # Copies 'default' to 'new'
                    fill=a.createfillarea('new')
    <BLANKLINE>
            .. _boxfill-attribute-descriptions:
    <BLANKLINE>
            * Attribute descriptions:
    <BLANKLINE>
    <BLANKLINE>
                .. py:attribute:: boxfill_type (str)
    <BLANKLINE>
                    Type of boxfill legend. One of 'linear', 'log10', or 'custom'. See examples above for usage.
    <BLANKLINE>
                .. py:attribute:: level_1 (float)
    <BLANKLINE>
                    Used in conjunction with boxfill_type linear/log10. Sets the value of the legend's first level
    <BLANKLINE>
                .. py:attribute:: level_2 (float)
    <BLANKLINE>
                    Used in conjunction with boxfill_type linear/log10, sets the value of the legend's end level
    <BLANKLINE>
                .. py:attribute:: color_1 (float)
    <BLANKLINE>
                    Used in conjunction with boxfill_type linear/log10, sets the legend's color range first value
    <BLANKLINE>
                .. py:attribute:: color_2 (float)
    <BLANKLINE>
                    Used in conjunction with boxfill_type linear/log10, sets the legend's color range lasst value
    <BLANKLINE>
                .. py:attribute:: levels (list of floats)
    <BLANKLINE>
                    Used in conjunction for boxfill_type custom, sets the levels range to use, can be
                    either a list of contiguous levels, or list of tuples indicating first
                    and last value of the range.
    <BLANKLINE>
                .. py:attribte:: fillareacolors (list)
    <BLANKLINE>
                    Used in conjunction for boxfill_type custom colors to use for each level
    <BLANKLINE>
                .. py:attribute:: legend ({float:str})
    <BLANKLINE>
                    Used in conjunction with boxfill_type linear/log10, replaces the legend values in the dictionary keys with
                    their associated string.
    <BLANKLINE>
                .. py:attribute:: ext_1 (str)
    <BLANKLINE>
                    Draws an extension arrow on right side (values less than first range value)
    <BLANKLINE>
                .. py:attribute:: ext_2 (str)
    <BLANKLINE>
                    Draws an extension arrow on left side (values greater than last range value)
    <BLANKLINE>
                .. py:attribute:: missing (int)
    <BLANKLINE>
                    Color to use for missing value or values not in defined ranges.
    <BLANKLINE>
    <BLANKLINE>
    <BLANKLINE>
                .. py:attribute:: xmtics1 (str/{float:str})
    <BLANKLINE>
                    (Ex: '') dictionary with location of intermediate tics as keys for 1st side of y axis
    <BLANKLINE>
                .. py:attribute:: xmtics2 (str/{float:str})
    <BLANKLINE>
                    (Ex: '') dictionary with location of intermediate tics as keys for 2nd side of y axis
    <BLANKLINE>
                .. py:attribute:: ymtics1 (str/{float:str})
    <BLANKLINE>
                    (Ex: '') dictionary with location of intermediate tics as keys for 1st side of y axis
    <BLANKLINE>
                .. py:attribute:: ymtics2 (str/{float:str})
    <BLANKLINE>
                    (Ex: '') dictionary with location of intermediate tics as keys for 2nd side of y axis
    <BLANKLINE>
                .. py:attribute:: xticlabels1 (str/{float:str})
    <BLANKLINE>
                    (Ex: '*') values for labels on 1st side of x axis
    <BLANKLINE>
                .. py:attribute:: xticlabels2 (str/{float:str})
    <BLANKLINE>
                    (Ex: '*') values for labels on 2nd side of x axis
    <BLANKLINE>
                .. py:attribute:: yticlabels1 (str/{float:str})
    <BLANKLINE>
                    (Ex: '*') values for labels on 1st side of y axis
    <BLANKLINE>
                .. py:attribute:: yticlabels2 (str/{float:str})
    <BLANKLINE>
                    (Ex: '*') values for labels on 2nd side of y axis
    <BLANKLINE>
                .. py:attribute:: projection (str/vcs.projection.Proj)
    <BLANKLINE>
                    (Ex: 'default') projection to use, name or object
    <BLANKLINE>
                .. py:attribute:: datawc_x1 (float)
    <BLANKLINE>
                    (Ex: 1.E20) first value of xaxis on plot
    <BLANKLINE>
                .. py:attribute:: datawc_x2 (float)
    <BLANKLINE>
                    (Ex: 1.E20) second value of xaxis on plot
    <BLANKLINE>
                .. py:attribute:: datawc_y1 (float)
    <BLANKLINE>
                    (Ex: 1.E20) first value of yaxis on plot
    <BLANKLINE>
                .. py:attribute:: datawc_y2 (float)
    <BLANKLINE>
                    (Ex: 1.E20) second value of yaxis on plot
    <BLANKLINE>
    <BLANKLINE>
                .. py:attribute:: datawc_timeunits (str)
    <BLANKLINE>
                    (Ex: 'days since 2000') units to use when displaying time dimension auto tick
    <BLANKLINE>
                .. py:attribute:: datawc_calendar (int)
    <BLANKLINE>
                    (Ex: 135441) calendar to use when displaying time dimension auto tick, default is proleptic gregorian calendar
    <BLANKLINE>
    <BLANKLINE>
    <BLANKLINE>
    <BLANKLINE>
**********************************************************************
1 items had failures:
   1 of   2 in vcshelp_objecthelp
2 tests in 1 items.
1 passed and 1 failed.
***Test Failed*** 1 failures.
1 items passed all tests:
   1 tests in vcshelp_objecthelp (cleanup code)
1 tests in 1 items.
1 passed and 0 failed.
Test passed.

Document: vcs/misc/queries
--------------------------
**********************************************************************
File "vcs/misc/queries.rst", line 11, in queries_isplot
Failed example:
    vcs.queries.isplot(dsp_plot)
Expected:
    1
Got:
    0
**********************************************************************
File "vcs/misc/queries.rst", line 7, in queries_is
Failed example:
    a.createtextcombined('EXAMPLE_tt', 'qa', 'EXAMPLE_tto', '7left') # Create 'EXAMPLE_tt' and 'EXAMPLE_tto'
Exception raised:
    Traceback (most recent call last):
      File "/home/edward/anaconda2/envs/2.6-71-ga2d9061/lib/python2.7/doctest.py", line 1315, in __run
        compileflags, 1) in test.globs
      File "<doctest queries_is[1]>", line 1, in <module>
        a.createtextcombined('EXAMPLE_tt', 'qa', 'EXAMPLE_tto', '7left') # Create 'EXAMPLE_tt' and 'EXAMPLE_tto'
      File "/home/edward/anaconda2/envs/2.6-71-ga2d9061/lib/python2.7/site-packages/vcs-2.6-py2.7.egg/vcs/Canvas.py", line 2117, in createtextcombined
        x, y, height, angle, path, halign, valign, projection)
      File "/home/edward/anaconda2/envs/2.6-71-ga2d9061/lib/python2.7/site-packages/vcs-2.6-py2.7.egg/vcs/manageElements.py", line 1336, in createtextcombined
        Tt_name, Tt_source = check_name_source(Tt_name, Tt_source, 'texttable')
      File "/home/edward/anaconda2/envs/2.6-71-ga2d9061/lib/python2.7/site-packages/vcs-2.6-py2.7.egg/vcs/manageElements.py", line 57, in check_name_source
        raise vcsError("Error %s object named %s already exists" % (typ, name))
    vcsError: Error texttable object named EXAMPLE_tt already exists
**********************************************************************
File "vcs/misc/queries.rst", line 9, in queries_is
Failed example:
    a.show('textcombined') # Show all available textcombined
Expected:
    *******************Textcombined Names List**********************
    ...
    *******************End Textcombined Names List**********************
Got:
    *******************Textcombined Names List**********************
    *******************End Textcombined Names List**********************
**********************************************************************
File "vcs/misc/queries.rst", line 13, in queries_is
Failed example:
    ex = a.gettextcombined('EXAMPLE_tt', 'EXAMPLE_tto') # To  test an existing textcombined object
Exception raised:
    Traceback (most recent call last):
      File "/home/edward/anaconda2/envs/2.6-71-ga2d9061/lib/python2.7/doctest.py", line 1315, in __run
        compileflags, 1) in test.globs
      File "<doctest queries_is[3]>", line 1, in <module>
        ex = a.gettextcombined('EXAMPLE_tt', 'EXAMPLE_tto') # To  test an existing textcombined object
      File "/home/edward/anaconda2/envs/2.6-71-ga2d9061/lib/python2.7/site-packages/vcs-2.6-py2.7.egg/vcs/Canvas.py", line 2130, in gettextcombined
        x, y, height, angle, path, halign, valign)
      File "/home/edward/anaconda2/envs/2.6-71-ga2d9061/lib/python2.7/site-packages/vcs-2.6-py2.7.egg/vcs/manageElements.py", line 1458, in gettextcombined
        (Tt_name_src, To_name_src))
    Exception: No such text combined: EXAMPLE_tt:::EXAMPLE_tto
**********************************************************************
File "vcs/misc/queries.rst", line 14, in queries_is
Failed example:
    vcs.queries.istextcombined(ex)
Expected:
    1
Got:
    0
**********************************************************************
File "vcs/misc/queries.rst", line 7, in queries_is
Failed example:
    a.createtextcombined('EXAMPLE_tt', 'qa', 'EXAMPLE_tto', '7left') # Create 'EXAMPLE_tt' and 'EXAMPLE_tto'
Exception raised:
    Traceback (most recent call last):
      File "/home/edward/anaconda2/envs/2.6-71-ga2d9061/lib/python2.7/doctest.py", line 1315, in __run
        compileflags, 1) in test.globs
      File "<doctest queries_is[1]>", line 1, in <module>
        a.createtextcombined('EXAMPLE_tt', 'qa', 'EXAMPLE_tto', '7left') # Create 'EXAMPLE_tt' and 'EXAMPLE_tto'
      File "/home/edward/anaconda2/envs/2.6-71-ga2d9061/lib/python2.7/site-packages/vcs-2.6-py2.7.egg/vcs/Canvas.py", line 2117, in createtextcombined
        x, y, height, angle, path, halign, valign, projection)
      File "/home/edward/anaconda2/envs/2.6-71-ga2d9061/lib/python2.7/site-packages/vcs-2.6-py2.7.egg/vcs/manageElements.py", line 1336, in createtextcombined
        Tt_name, Tt_source = check_name_source(Tt_name, Tt_source, 'texttable')
      File "/home/edward/anaconda2/envs/2.6-71-ga2d9061/lib/python2.7/site-packages/vcs-2.6-py2.7.egg/vcs/manageElements.py", line 57, in check_name_source
        raise vcsError("Error %s object named %s already exists" % (typ, name))
    vcsError: Error texttable object named EXAMPLE_tt already exists
**********************************************************************
File "vcs/misc/queries.rst", line 9, in queries_is
Failed example:
    a.show('textcombined') # Show all available textcombined
Expected:
    *******************Textcombined Names List**********************
    ...
    *******************End Textcombined Names List**********************
Got:
    *******************Textcombined Names List**********************
    *******************End Textcombined Names List**********************
**********************************************************************
File "vcs/misc/queries.rst", line 13, in queries_is
Failed example:
    ex = a.gettextcombined('EXAMPLE_tt', 'EXAMPLE_tto') # To  test an existing textcombined object
Exception raised:
    Traceback (most recent call last):
      File "/home/edward/anaconda2/envs/2.6-71-ga2d9061/lib/python2.7/doctest.py", line 1315, in __run
        compileflags, 1) in test.globs
      File "<doctest queries_is[3]>", line 1, in <module>
        ex = a.gettextcombined('EXAMPLE_tt', 'EXAMPLE_tto') # To  test an existing textcombined object
      File "/home/edward/anaconda2/envs/2.6-71-ga2d9061/lib/python2.7/site-packages/vcs-2.6-py2.7.egg/vcs/Canvas.py", line 2130, in gettextcombined
        x, y, height, angle, path, halign, valign)
      File "/home/edward/anaconda2/envs/2.6-71-ga2d9061/lib/python2.7/site-packages/vcs-2.6-py2.7.egg/vcs/manageElements.py", line 1458, in gettextcombined
        (Tt_name_src, To_name_src))
    Exception: No such text combined: EXAMPLE_tt:::EXAMPLE_tto
**********************************************************************
File "vcs/misc/queries.rst", line 14, in queries_is
Failed example:
    vcs.queries.istextcombined(ex)
Expected:
    1
Got:
    0
4 items passed all tests:
   2 tests in queries_gmlist
   7 tests in queries_gmtype
   3 tests in queries_isgraphicsmethod
   4 tests in queries_issecondary
**********************************************************************
2 items had failures:
   8 of  98 in queries_is
   1 of   6 in queries_isplot
120 tests in 6 items.
111 passed and 9 failed.
***Test Failed*** 9 failures.
6 items passed all tests:
   1 tests in queries_gmlist (cleanup code)
   1 tests in queries_gmtype (cleanup code)
   1 tests in queries_is (cleanup code)
   1 tests in queries_isgraphicsmethod (cleanup code)
   1 tests in queries_isplot (cleanup code)
   1 tests in queries_issecondary (cleanup code)
6 tests in 6 items.
6 passed and 0 failed.
Test passed.

Document: vcs/misc/manageElements
---------------------------------
**********************************************************************
File "vcs/misc/manageElements.rst", line 18, in manageElements_create
Failed example:
    ex=vcs.createboxfill('boxfill_ex1') # Create boxfill 'boxfill_ex1' that inherits from 'default'
Exception raised:
    Traceback (most recent call last):
      File "/home/edward/anaconda2/envs/2.6-71-ga2d9061/lib/python2.7/doctest.py", line 1315, in __run
        compileflags, 1) in test.globs
      File "<doctest manageElements_create[1]>", line 1, in <module>
        ex=vcs.createboxfill('boxfill_ex1') # Create boxfill 'boxfill_ex1' that inherits from 'default'
      File "/home/edward/anaconda2/envs/2.6-71-ga2d9061/lib/python2.7/site-packages/vcs-2.6-py2.7.egg/vcs/manageElements.py", line 164, in createboxfill
        name, source = check_name_source(name, source, 'boxfill')
      File "/home/edward/anaconda2/envs/2.6-71-ga2d9061/lib/python2.7/site-packages/vcs-2.6-py2.7.egg/vcs/manageElements.py", line 57, in check_name_source
        raise vcsError("Error %s object named %s already exists" % (typ, name))
    vcsError: Error boxfill object named boxfill_ex1 already exists
**********************************************************************
File "vcs/misc/manageElements.rst", line 21, in manageElements_create
Failed example:
    ex2=vcs.createboxfill('boxfill_ex2','polar') # create 'boxfill_ex2' from 'polar' template
Exception raised:
    Traceback (most recent call last):
      File "/home/edward/anaconda2/envs/2.6-71-ga2d9061/lib/python2.7/doctest.py", line 1315, in __run
        compileflags, 1) in test.globs
      File "<doctest manageElements_create[3]>", line 1, in <module>
        ex2=vcs.createboxfill('boxfill_ex2','polar') # create 'boxfill_ex2' from 'polar' template
      File "/home/edward/anaconda2/envs/2.6-71-ga2d9061/lib/python2.7/site-packages/vcs-2.6-py2.7.egg/vcs/manageElements.py", line 164, in createboxfill
        name, source = check_name_source(name, source, 'boxfill')
      File "/home/edward/anaconda2/envs/2.6-71-ga2d9061/lib/python2.7/site-packages/vcs-2.6-py2.7.egg/vcs/manageElements.py", line 57, in check_name_source
        raise vcsError("Error %s object named %s already exists" % (typ, name))
    vcsError: Error boxfill object named boxfill_ex2 already exists
**********************************************************************
File "vcs/misc/manageElements.rst", line 18, in manageElements_create
Failed example:
    ex=vcs.createcolormap('colormap_ex1') # Create colormap 'colormap_ex1' that inherits from 'default'
Exception raised:
    Traceback (most recent call last):
      File "/home/edward/anaconda2/envs/2.6-71-ga2d9061/lib/python2.7/doctest.py", line 1315, in __run
        compileflags, 1) in test.globs
      File "<doctest manageElements_create[1]>", line 1, in <module>
        ex=vcs.createcolormap('colormap_ex1') # Create colormap 'colormap_ex1' that inherits from 'default'
      File "/home/edward/anaconda2/envs/2.6-71-ga2d9061/lib/python2.7/site-packages/vcs-2.6-py2.7.egg/vcs/manageElements.py", line 1633, in createcolormap
        Cp_name, Cp_name_src = check_name_source(Cp_name, Cp_name_src, 'colormap')
      File "/home/edward/anaconda2/envs/2.6-71-ga2d9061/lib/python2.7/site-packages/vcs-2.6-py2.7.egg/vcs/manageElements.py", line 57, in check_name_source
        raise vcsError("Error %s object named %s already exists" % (typ, name))
    vcsError: Error colormap object named colormap_ex1 already exists
**********************************************************************
File "vcs/misc/manageElements.rst", line 21, in manageElements_create
Failed example:
    ex2=vcs.createcolormap('colormap_ex2','rainbow') # create 'colormap_ex2' from 'rainbow' template
Exception raised:
    Traceback (most recent call last):
      File "/home/edward/anaconda2/envs/2.6-71-ga2d9061/lib/python2.7/doctest.py", line 1315, in __run
        compileflags, 1) in test.globs
      File "<doctest manageElements_create[3]>", line 1, in <module>
        ex2=vcs.createcolormap('colormap_ex2','rainbow') # create 'colormap_ex2' from 'rainbow' template
      File "/home/edward/anaconda2/envs/2.6-71-ga2d9061/lib/python2.7/site-packages/vcs-2.6-py2.7.egg/vcs/manageElements.py", line 1633, in createcolormap
        Cp_name, Cp_name_src = check_name_source(Cp_name, Cp_name_src, 'colormap')
      File "/home/edward/anaconda2/envs/2.6-71-ga2d9061/lib/python2.7/site-packages/vcs-2.6-py2.7.egg/vcs/manageElements.py", line 57, in check_name_source
        raise vcsError("Error %s object named %s already exists" % (typ, name))
    vcsError: Error colormap object named colormap_ex2 already exists
**********************************************************************
File "vcs/misc/manageElements.rst", line 18, in manageElements_create
Failed example:
    ex=vcs.createfillarea('fillarea_ex1') # Create fillarea 'fillarea_ex1' that inherits from 'default'
Exception raised:
    Traceback (most recent call last):
      File "/home/edward/anaconda2/envs/2.6-71-ga2d9061/lib/python2.7/doctest.py", line 1315, in __run
        compileflags, 1) in test.globs
      File "<doctest manageElements_create[1]>", line 1, in <module>
        ex=vcs.createfillarea('fillarea_ex1') # Create fillarea 'fillarea_ex1' that inherits from 'default'
      File "/home/edward/anaconda2/envs/2.6-71-ga2d9061/lib/python2.7/site-packages/vcs-2.6-py2.7.egg/vcs/manageElements.py", line 1015, in createfillarea
        name, source = check_name_source(name, source, 'fillarea')
      File "/home/edward/anaconda2/envs/2.6-71-ga2d9061/lib/python2.7/site-packages/vcs-2.6-py2.7.egg/vcs/manageElements.py", line 57, in check_name_source
        raise vcsError("Error %s object named %s already exists" % (typ, name))
    vcsError: Error fillarea object named fillarea_ex1 already exists
**********************************************************************
File "vcs/misc/manageElements.rst", line 18, in manageElements_create
Failed example:
    ex=vcs.createisofill('isofill_ex1') # Create isofill 'isofill_ex1' that inherits from 'default'
Exception raised:
    Traceback (most recent call last):
      File "/home/edward/anaconda2/envs/2.6-71-ga2d9061/lib/python2.7/doctest.py", line 1315, in __run
        compileflags, 1) in test.globs
      File "<doctest manageElements_create[1]>", line 1, in <module>
        ex=vcs.createisofill('isofill_ex1') # Create isofill 'isofill_ex1' that inherits from 'default'
      File "/home/edward/anaconda2/envs/2.6-71-ga2d9061/lib/python2.7/site-packages/vcs-2.6-py2.7.egg/vcs/manageElements.py", line 312, in createisofill
        name, source = check_name_source(name, source, 'isofill')
      File "/home/edward/anaconda2/envs/2.6-71-ga2d9061/lib/python2.7/site-packages/vcs-2.6-py2.7.egg/vcs/manageElements.py", line 57, in check_name_source
        raise vcsError("Error %s object named %s already exists" % (typ, name))
    vcsError: Error isofill object named isofill_ex1 already exists
**********************************************************************
File "vcs/misc/manageElements.rst", line 21, in manageElements_create
Failed example:
    ex2=vcs.createisofill('isofill_ex2','polar') # create 'isofill_ex2' from 'polar' template
Exception raised:
    Traceback (most recent call last):
      File "/home/edward/anaconda2/envs/2.6-71-ga2d9061/lib/python2.7/doctest.py", line 1315, in __run
        compileflags, 1) in test.globs
      File "<doctest manageElements_create[3]>", line 1, in <module>
        ex2=vcs.createisofill('isofill_ex2','polar') # create 'isofill_ex2' from 'polar' template
      File "/home/edward/anaconda2/envs/2.6-71-ga2d9061/lib/python2.7/site-packages/vcs-2.6-py2.7.egg/vcs/manageElements.py", line 312, in createisofill
        name, source = check_name_source(name, source, 'isofill')
      File "/home/edward/anaconda2/envs/2.6-71-ga2d9061/lib/python2.7/site-packages/vcs-2.6-py2.7.egg/vcs/manageElements.py", line 57, in check_name_source
        raise vcsError("Error %s object named %s already exists" % (typ, name))
    vcsError: Error isofill object named isofill_ex2 already exists
**********************************************************************
File "vcs/misc/manageElements.rst", line 18, in manageElements_create
Failed example:
    ex=vcs.createisoline('isoline_ex1') # Create isoline 'isoline_ex1' that inherits from 'default'
Exception raised:
    Traceback (most recent call last):
      File "/home/edward/anaconda2/envs/2.6-71-ga2d9061/lib/python2.7/doctest.py", line 1315, in __run
        compileflags, 1) in test.globs
      File "<doctest manageElements_create[1]>", line 1, in <module>
        ex=vcs.createisoline('isoline_ex1') # Create isoline 'isoline_ex1' that inherits from 'default'
      File "/home/edward/anaconda2/envs/2.6-71-ga2d9061/lib/python2.7/site-packages/vcs-2.6-py2.7.egg/vcs/manageElements.py", line 368, in createisoline
        name, source = check_name_source(name, source, 'isoline')
      File "/home/edward/anaconda2/envs/2.6-71-ga2d9061/lib/python2.7/site-packages/vcs-2.6-py2.7.egg/vcs/manageElements.py", line 57, in check_name_source
        raise vcsError("Error %s object named %s already exists" % (typ, name))
    vcsError: Error isoline object named isoline_ex1 already exists
**********************************************************************
File "vcs/misc/manageElements.rst", line 21, in manageElements_create
Failed example:
    ex2=vcs.createisoline('isoline_ex2','polar') # create 'isoline_ex2' from 'polar' template
Exception raised:
    Traceback (most recent call last):
      File "/home/edward/anaconda2/envs/2.6-71-ga2d9061/lib/python2.7/doctest.py", line 1315, in __run
        compileflags, 1) in test.globs
      File "<doctest manageElements_create[3]>", line 1, in <module>
        ex2=vcs.createisoline('isoline_ex2','polar') # create 'isoline_ex2' from 'polar' template
      File "/home/edward/anaconda2/envs/2.6-71-ga2d9061/lib/python2.7/site-packages/vcs-2.6-py2.7.egg/vcs/manageElements.py", line 368, in createisoline
        name, source = check_name_source(name, source, 'isoline')
      File "/home/edward/anaconda2/envs/2.6-71-ga2d9061/lib/python2.7/site-packages/vcs-2.6-py2.7.egg/vcs/manageElements.py", line 57, in check_name_source
        raise vcsError("Error %s object named %s already exists" % (typ, name))
    vcsError: Error isoline object named isoline_ex2 already exists
**********************************************************************
File "vcs/misc/manageElements.rst", line 18, in manageElements_create
Failed example:
    ex=vcs.createline('line_ex1') # Create line 'line_ex1' that inherits from 'default'
Exception raised:
    Traceback (most recent call last):
      File "/home/edward/anaconda2/envs/2.6-71-ga2d9061/lib/python2.7/doctest.py", line 1315, in __run
        compileflags, 1) in test.globs
      File "<doctest manageElements_create[1]>", line 1, in <module>
        ex=vcs.createline('line_ex1') # Create line 'line_ex1' that inherits from 'default'
      File "/home/edward/anaconda2/envs/2.6-71-ga2d9061/lib/python2.7/site-packages/vcs-2.6-py2.7.egg/vcs/manageElements.py", line 744, in createline
        name, source = check_name_source(name, source, 'line')
      File "/home/edward/anaconda2/envs/2.6-71-ga2d9061/lib/python2.7/site-packages/vcs-2.6-py2.7.egg/vcs/manageElements.py", line 57, in check_name_source
        raise vcsError("Error %s object named %s already exists" % (typ, name))
    vcsError: Error line object named line_ex1 already exists
**********************************************************************
File "vcs/misc/manageElements.rst", line 21, in manageElements_create
Failed example:
    ex2=vcs.createline('line_ex2','red') # create 'line_ex2' from 'red' template
Exception raised:
    Traceback (most recent call last):
      File "/home/edward/anaconda2/envs/2.6-71-ga2d9061/lib/python2.7/doctest.py", line 1315, in __run
        compileflags, 1) in test.globs
      File "<doctest manageElements_create[3]>", line 1, in <module>
        ex2=vcs.createline('line_ex2','red') # create 'line_ex2' from 'red' template
      File "/home/edward/anaconda2/envs/2.6-71-ga2d9061/lib/python2.7/site-packages/vcs-2.6-py2.7.egg/vcs/manageElements.py", line 744, in createline
        name, source = check_name_source(name, source, 'line')
      File "/home/edward/anaconda2/envs/2.6-71-ga2d9061/lib/python2.7/site-packages/vcs-2.6-py2.7.egg/vcs/manageElements.py", line 57, in check_name_source
        raise vcsError("Error %s object named %s already exists" % (typ, name))
    vcsError: Error line object named line_ex2 already exists
**********************************************************************
File "vcs/misc/manageElements.rst", line 18, in manageElements_create
Failed example:
    ex=vcs.createmarker('marker_ex1') # Create marker 'marker_ex1' that inherits from 'default'
Exception raised:
    Traceback (most recent call last):
      File "/home/edward/anaconda2/envs/2.6-71-ga2d9061/lib/python2.7/doctest.py", line 1315, in __run
        compileflags, 1) in test.globs
      File "<doctest manageElements_create[1]>", line 1, in <module>
        ex=vcs.createmarker('marker_ex1') # Create marker 'marker_ex1' that inherits from 'default'
      File "/home/edward/anaconda2/envs/2.6-71-ga2d9061/lib/python2.7/site-packages/vcs-2.6-py2.7.egg/vcs/manageElements.py", line 877, in createmarker
        name, source = check_name_source(name, source, 'marker')
      File "/home/edward/anaconda2/envs/2.6-71-ga2d9061/lib/python2.7/site-packages/vcs-2.6-py2.7.egg/vcs/manageElements.py", line 57, in check_name_source
        raise vcsError("Error %s object named %s already exists" % (typ, name))
    vcsError: Error marker object named marker_ex1 already exists
**********************************************************************
File "vcs/misc/manageElements.rst", line 21, in manageElements_create
Failed example:
    ex2=vcs.createmarker('marker_ex2','red') # create 'marker_ex2' from 'red' template
Exception raised:
    Traceback (most recent call last):
      File "/home/edward/anaconda2/envs/2.6-71-ga2d9061/lib/python2.7/doctest.py", line 1315, in __run
        compileflags, 1) in test.globs
      File "<doctest manageElements_create[3]>", line 1, in <module>
        ex2=vcs.createmarker('marker_ex2','red') # create 'marker_ex2' from 'red' template
      File "/home/edward/anaconda2/envs/2.6-71-ga2d9061/lib/python2.7/site-packages/vcs-2.6-py2.7.egg/vcs/manageElements.py", line 877, in createmarker
        name, source = check_name_source(name, source, 'marker')
      File "/home/edward/anaconda2/envs/2.6-71-ga2d9061/lib/python2.7/site-packages/vcs-2.6-py2.7.egg/vcs/manageElements.py", line 57, in check_name_source
        raise vcsError("Error %s object named %s already exists" % (typ, name))
    vcsError: Error marker object named marker_ex2 already exists
**********************************************************************
File "vcs/misc/manageElements.rst", line 18, in manageElements_create
Failed example:
    ex=vcs.createmeshfill('meshfill_ex1') # Create meshfill 'meshfill_ex1' that inherits from 'default'
Exception raised:
    Traceback (most recent call last):
      File "/home/edward/anaconda2/envs/2.6-71-ga2d9061/lib/python2.7/doctest.py", line 1315, in __run
        compileflags, 1) in test.globs
      File "<doctest manageElements_create[1]>", line 1, in <module>
        ex=vcs.createmeshfill('meshfill_ex1') # Create meshfill 'meshfill_ex1' that inherits from 'default'
      File "/home/edward/anaconda2/envs/2.6-71-ga2d9061/lib/python2.7/site-packages/vcs-2.6-py2.7.egg/vcs/manageElements.py", line 266, in createmeshfill
        name, source = check_name_source(name, source, 'meshfill')
      File "/home/edward/anaconda2/envs/2.6-71-ga2d9061/lib/python2.7/site-packages/vcs-2.6-py2.7.egg/vcs/manageElements.py", line 57, in check_name_source
        raise vcsError("Error %s object named %s already exists" % (typ, name))
    vcsError: Error meshfill object named meshfill_ex1 already exists
**********************************************************************
File "vcs/misc/manageElements.rst", line 21, in manageElements_create
Failed example:
    ex2=vcs.createmeshfill('meshfill_ex2','a_polar_meshfill') # create 'meshfill_ex2' from 'a_polar_meshfill' template
Exception raised:
    Traceback (most recent call last):
      File "/home/edward/anaconda2/envs/2.6-71-ga2d9061/lib/python2.7/doctest.py", line 1315, in __run
        compileflags, 1) in test.globs
      File "<doctest manageElements_create[3]>", line 1, in <module>
        ex2=vcs.createmeshfill('meshfill_ex2','a_polar_meshfill') # create 'meshfill_ex2' from 'a_polar_meshfill' template
      File "/home/edward/anaconda2/envs/2.6-71-ga2d9061/lib/python2.7/site-packages/vcs-2.6-py2.7.egg/vcs/manageElements.py", line 266, in createmeshfill
        name, source = check_name_source(name, source, 'meshfill')
      File "/home/edward/anaconda2/envs/2.6-71-ga2d9061/lib/python2.7/site-packages/vcs-2.6-py2.7.egg/vcs/manageElements.py", line 57, in check_name_source
        raise vcsError("Error %s object named %s already exists" % (typ, name))
    vcsError: Error meshfill object named meshfill_ex2 already exists
**********************************************************************
File "vcs/misc/manageElements.rst", line 18, in manageElements_create
Failed example:
    ex=vcs.createprojection('projection_ex1') # Create projection 'projection_ex1' that inherits from 'default'
Exception raised:
    Traceback (most recent call last):
      File "/home/edward/anaconda2/envs/2.6-71-ga2d9061/lib/python2.7/doctest.py", line 1315, in __run
        compileflags, 1) in test.globs
      File "<doctest manageElements_create[1]>", line 1, in <module>
        ex=vcs.createprojection('projection_ex1') # Create projection 'projection_ex1' that inherits from 'default'
      File "/home/edward/anaconda2/envs/2.6-71-ga2d9061/lib/python2.7/site-packages/vcs-2.6-py2.7.egg/vcs/manageElements.py", line 118, in createprojection
        name, source = check_name_source(name, source, 'projection')
      File "/home/edward/anaconda2/envs/2.6-71-ga2d9061/lib/python2.7/site-packages/vcs-2.6-py2.7.egg/vcs/manageElements.py", line 57, in check_name_source
        raise vcsError("Error %s object named %s already exists" % (typ, name))
    vcsError: Error projection object named projection_ex1 already exists
**********************************************************************
File "vcs/misc/manageElements.rst", line 21, in manageElements_create
Failed example:
    ex2=vcs.createprojection('projection_ex2','polar') # create 'projection_ex2' from 'polar' template
Exception raised:
    Traceback (most recent call last):
      File "/home/edward/anaconda2/envs/2.6-71-ga2d9061/lib/python2.7/doctest.py", line 1315, in __run
        compileflags, 1) in test.globs
      File "<doctest manageElements_create[3]>", line 1, in <module>
        ex2=vcs.createprojection('projection_ex2','polar') # create 'projection_ex2' from 'polar' template
      File "/home/edward/anaconda2/envs/2.6-71-ga2d9061/lib/python2.7/site-packages/vcs-2.6-py2.7.egg/vcs/manageElements.py", line 119, in createprojection
        return projection.Proj(name, source)
      File "/home/edward/anaconda2/envs/2.6-71-ga2d9061/lib/python2.7/site-packages/vcs-2.6-py2.7.egg/vcs/projection.py", line 434, in __init__
        self.type = src.type
      File "/home/edward/anaconda2/envs/2.6-71-ga2d9061/lib/python2.7/site-packages/vcs-2.6-py2.7.egg/vcs/projection.py", line 987, in _settype
        value = VCS_validation_functions.checkProjType(self, 'type', value)
      File "/home/edward/anaconda2/envs/2.6-71-ga2d9061/lib/python2.7/site-packages/vcs-2.6-py2.7.egg/vcs/VCS_validation_functions.py", line 1467, in checkProjType
        checkedRaise(self, value, Exception, err)
      File "/home/edward/anaconda2/envs/2.6-71-ga2d9061/lib/python2.7/site-packages/vcs-2.6-py2.7.egg/vcs/VCS_validation_functions.py", line 59, in checkedRaise
        raise ex(err)
    Exception: type can either be ('linear', 'utm', 'state plane', 'albers equal area', 'lambert', 'mercator', 'polar', 'polyconic', 'equid conic a', 'transverse mercator', 'stereographic', 'lambert azimuthal', 'azimuthal', 'gnomonic', 'orthographic', 'gen. vert. near per', 'sinusoidal', 'equirectangular', 'miller', 'van der grinten', 'hotin', 'robinson', 'space oblique', 'alaska', 'interrupted goode', 'mollweide', 'interrupted mollweide', 'hammer', 'wagner iv', 'wagner vii', 'oblated') or (0, 1, 2, 3, 4, 5, 6, 7, 8, 9, 10, 11, 12, 13, 14, 15, 16, 17, 18, 19, 20, 21, 22, 23, 24, 25, 26, 27, 28, 29, 30)
**********************************************************************
File "vcs/misc/manageElements.rst", line 22, in manageElements_create
Failed example:
    vcs.listelements('projection') # should now contain the 'projection_ex2' projection
Expected:
    [...'projection_ex2'...]
Got:
    ['default', 'lambert', 'linear', 'mercator', 'mollweide', 'orthographic', 'polar', 'polyconic', 'projection_ex1', 'robinson']
**********************************************************************
File "vcs/misc/manageElements.rst", line 18, in manageElements_create
Failed example:
    ex=vcs.createscatter('scatter_ex1') # Create scatter 'scatter_ex1' that inherits from 'default'
Exception raised:
    Traceback (most recent call last):
      File "/home/edward/anaconda2/envs/2.6-71-ga2d9061/lib/python2.7/doctest.py", line 1315, in __run
        compileflags, 1) in test.globs
      File "<doctest manageElements_create[1]>", line 1, in <module>
        ex=vcs.createscatter('scatter_ex1') # Create scatter 'scatter_ex1' that inherits from 'default'
      File "/home/edward/anaconda2/envs/2.6-71-ga2d9061/lib/python2.7/site-packages/vcs-2.6-py2.7.egg/vcs/manageElements.py", line 666, in createscatter
        raise ve
    vcsError: Error 1d object named scatter_ex1 already exists
**********************************************************************
File "vcs/misc/manageElements.rst", line 18, in manageElements_create
Failed example:
    ex=vcs.createtaylordiagram('taylordiagram_ex1') # Create taylordiagram 'taylordiagram_ex1' that inherits from 'default'
Exception raised:
    Traceback (most recent call last):
      File "/home/edward/anaconda2/envs/2.6-71-ga2d9061/lib/python2.7/doctest.py", line 1315, in __run
        compileflags, 1) in test.globs
      File "<doctest manageElements_create[1]>", line 1, in <module>
        ex=vcs.createtaylordiagram('taylordiagram_ex1') # Create taylordiagram 'taylordiagram_ex1' that inherits from 'default'
      File "/home/edward/anaconda2/envs/2.6-71-ga2d9061/lib/python2.7/site-packages/vcs-2.6-py2.7.egg/vcs/manageElements.py", line 214, in createtaylordiagram
        name, source = check_name_source(name, source, 'taylordiagram')
      File "/home/edward/anaconda2/envs/2.6-71-ga2d9061/lib/python2.7/site-packages/vcs-2.6-py2.7.egg/vcs/manageElements.py", line 57, in check_name_source
        raise vcsError("Error %s object named %s already exists" % (typ, name))
    vcsError: Error taylordiagram object named taylordiagram_ex1 already exists
**********************************************************************
File "vcs/misc/manageElements.rst", line 18, in manageElements_create
Failed example:
    ex=vcs.createtemplate('template_ex1') # Create template 'template_ex1' that inherits from 'default'
Exception raised:
    Traceback (most recent call last):
      File "/home/edward/anaconda2/envs/2.6-71-ga2d9061/lib/python2.7/doctest.py", line 1315, in __run
        compileflags, 1) in test.globs
      File "<doctest manageElements_create[1]>", line 1, in <module>
        ex=vcs.createtemplate('template_ex1') # Create template 'template_ex1' that inherits from 'default'
      File "/home/edward/anaconda2/envs/2.6-71-ga2d9061/lib/python2.7/site-packages/vcs-2.6-py2.7.egg/vcs/manageElements.py", line 79, in createtemplate
        name, source = check_name_source(name, source, 'template')
      File "/home/edward/anaconda2/envs/2.6-71-ga2d9061/lib/python2.7/site-packages/vcs-2.6-py2.7.egg/vcs/manageElements.py", line 57, in check_name_source
        raise vcsError("Error %s object named %s already exists" % (typ, name))
    vcsError: Error template object named template_ex1 already exists
**********************************************************************
File "vcs/misc/manageElements.rst", line 21, in manageElements_create
Failed example:
    ex2=vcs.createtemplate('template_ex2','polar') # create 'template_ex2' from 'polar' template
Exception raised:
    Traceback (most recent call last):
      File "/home/edward/anaconda2/envs/2.6-71-ga2d9061/lib/python2.7/doctest.py", line 1315, in __run
        compileflags, 1) in test.globs
      File "<doctest manageElements_create[3]>", line 1, in <module>
        ex2=vcs.createtemplate('template_ex2','polar') # create 'template_ex2' from 'polar' template
      File "/home/edward/anaconda2/envs/2.6-71-ga2d9061/lib/python2.7/site-packages/vcs-2.6-py2.7.egg/vcs/manageElements.py", line 79, in createtemplate
        name, source = check_name_source(name, source, 'template')
      File "/home/edward/anaconda2/envs/2.6-71-ga2d9061/lib/python2.7/site-packages/vcs-2.6-py2.7.egg/vcs/manageElements.py", line 57, in check_name_source
        raise vcsError("Error %s object named %s already exists" % (typ, name))
    vcsError: Error template object named template_ex2 already exists
**********************************************************************
File "vcs/misc/manageElements.rst", line 14, in manageElements_create
Failed example:
    vcs.show('textcombined') # show all available textcombined
Expected:
    *******************Textcombined Names List**********************
    ...
    *******************End Textcombined Names List**********************
Got:
    *******************Textcombined Names List**********************
    *******************End Textcombined Names List**********************
**********************************************************************
File "vcs/misc/manageElements.rst", line 18, in manageElements_create
Failed example:
    a.createtextcombined('EXAMPLE_tt', 'qa', 'EXAMPLE_tto', '7left') # Create 'EXAMPLE_tt' and 'EXAMPLE_tto'
Exception raised:
    Traceback (most recent call last):
      File "/home/edward/anaconda2/envs/2.6-71-ga2d9061/lib/python2.7/doctest.py", line 1315, in __run
        compileflags, 1) in test.globs
      File "<doctest manageElements_create[1]>", line 1, in <module>
        a.createtextcombined('EXAMPLE_tt', 'qa', 'EXAMPLE_tto', '7left') # Create 'EXAMPLE_tt' and 'EXAMPLE_tto'
    NameError: name 'a' is not defined
**********************************************************************
File "vcs/misc/manageElements.rst", line 20, in manageElements_create
Failed example:
    vcs.listelements('textcombined') # should now contain the 'qa_tt:::left_tto' textcombined
Expected:
    [...'qa_tt:::left_tto'...]
Got:
    []
**********************************************************************
File "vcs/misc/manageElements.rst", line 14, in manageElements_create
Failed example:
    vcs.show('textcombined') # show all available textcombined
Expected:
    *******************Textcombined Names List**********************
    ...
    *******************End Textcombined Names List**********************
Got:
    *******************Textcombined Names List**********************
    *******************End Textcombined Names List**********************
**********************************************************************
File "vcs/misc/manageElements.rst", line 18, in manageElements_create
Failed example:
    a.createtextcombined('EXAMPLE_tt', 'qa', 'EXAMPLE_tto', '7left') # Create 'EXAMPLE_tt' and 'EXAMPLE_tto'
Exception raised:
    Traceback (most recent call last):
      File "/home/edward/anaconda2/envs/2.6-71-ga2d9061/lib/python2.7/doctest.py", line 1315, in __run
        compileflags, 1) in test.globs
      File "<doctest manageElements_create[1]>", line 1, in <module>
        a.createtextcombined('EXAMPLE_tt', 'qa', 'EXAMPLE_tto', '7left') # Create 'EXAMPLE_tt' and 'EXAMPLE_tto'
    NameError: name 'a' is not defined
**********************************************************************
File "vcs/misc/manageElements.rst", line 20, in manageElements_create
Failed example:
    vcs.listelements('textcombined') # should now contain the 'qa_tt:::left_tto' textcombined
Expected:
    [...'qa_tt:::left_tto'...]
Got:
    []
**********************************************************************
File "vcs/misc/manageElements.rst", line 18, in manageElements_create
Failed example:
    ex=vcs.createtextorientation('textorientation_ex1') # Create textorientation 'textorientation_ex1' that inherits from 'default'
Exception raised:
    Traceback (most recent call last):
      File "/home/edward/anaconda2/envs/2.6-71-ga2d9061/lib/python2.7/doctest.py", line 1315, in __run
        compileflags, 1) in test.globs
      File "<doctest manageElements_create[1]>", line 1, in <module>
        ex=vcs.createtextorientation('textorientation_ex1') # Create textorientation 'textorientation_ex1' that inherits from 'default'
      File "/home/edward/anaconda2/envs/2.6-71-ga2d9061/lib/python2.7/site-packages/vcs-2.6-py2.7.egg/vcs/manageElements.py", line 1238, in createtextorientation
        name, source = check_name_source(name, source, 'textorientation')
      File "/home/edward/anaconda2/envs/2.6-71-ga2d9061/lib/python2.7/site-packages/vcs-2.6-py2.7.egg/vcs/manageElements.py", line 57, in check_name_source
        raise vcsError("Error %s object named %s already exists" % (typ, name))
    vcsError: Error textorientation object named textorientation_ex1 already exists
**********************************************************************
File "vcs/misc/manageElements.rst", line 21, in manageElements_create
Failed example:
    ex2=vcs.createtextorientation('textorientation_ex2','bigger') # create 'textorientation_ex2' from 'bigger' template
Exception raised:
    Traceback (most recent call last):
      File "/home/edward/anaconda2/envs/2.6-71-ga2d9061/lib/python2.7/doctest.py", line 1315, in __run
        compileflags, 1) in test.globs
      File "<doctest manageElements_create[3]>", line 1, in <module>
        ex2=vcs.createtextorientation('textorientation_ex2','bigger') # create 'textorientation_ex2' from 'bigger' template
      File "/home/edward/anaconda2/envs/2.6-71-ga2d9061/lib/python2.7/site-packages/vcs-2.6-py2.7.egg/vcs/manageElements.py", line 1238, in createtextorientation
        name, source = check_name_source(name, source, 'textorientation')
      File "/home/edward/anaconda2/envs/2.6-71-ga2d9061/lib/python2.7/site-packages/vcs-2.6-py2.7.egg/vcs/manageElements.py", line 57, in check_name_source
        raise vcsError("Error %s object named %s already exists" % (typ, name))
    vcsError: Error textorientation object named textorientation_ex2 already exists
**********************************************************************
File "vcs/misc/manageElements.rst", line 18, in manageElements_create
Failed example:
    ex=vcs.createtexttable('texttable_ex1') # Create texttable 'texttable_ex1' that inherits from 'default'
Exception raised:
    Traceback (most recent call last):
      File "/home/edward/anaconda2/envs/2.6-71-ga2d9061/lib/python2.7/doctest.py", line 1315, in __run
        compileflags, 1) in test.globs
      File "<doctest manageElements_create[1]>", line 1, in <module>
        ex=vcs.createtexttable('texttable_ex1') # Create texttable 'texttable_ex1' that inherits from 'default'
      File "/home/edward/anaconda2/envs/2.6-71-ga2d9061/lib/python2.7/site-packages/vcs-2.6-py2.7.egg/vcs/manageElements.py", line 1147, in createtexttable
        name, source = check_name_source(name, source, 'texttable')
      File "/home/edward/anaconda2/envs/2.6-71-ga2d9061/lib/python2.7/site-packages/vcs-2.6-py2.7.egg/vcs/manageElements.py", line 57, in check_name_source
        raise vcsError("Error %s object named %s already exists" % (typ, name))
    vcsError: Error texttable object named texttable_ex1 already exists
**********************************************************************
File "vcs/misc/manageElements.rst", line 21, in manageElements_create
Failed example:
    ex2=vcs.createtexttable('texttable_ex2','bigger') # create 'texttable_ex2' from 'bigger' template
Exception raised:
    Traceback (most recent call last):
      File "/home/edward/anaconda2/envs/2.6-71-ga2d9061/lib/python2.7/doctest.py", line 1315, in __run
        compileflags, 1) in test.globs
      File "<doctest manageElements_create[3]>", line 1, in <module>
        ex2=vcs.createtexttable('texttable_ex2','bigger') # create 'texttable_ex2' from 'bigger' template
      File "/home/edward/anaconda2/envs/2.6-71-ga2d9061/lib/python2.7/site-packages/vcs-2.6-py2.7.egg/vcs/manageElements.py", line 1147, in createtexttable
        name, source = check_name_source(name, source, 'texttable')
      File "/home/edward/anaconda2/envs/2.6-71-ga2d9061/lib/python2.7/site-packages/vcs-2.6-py2.7.egg/vcs/manageElements.py", line 57, in check_name_source
        raise vcsError("Error %s object named %s already exists" % (typ, name))
    vcsError: Error texttable object named texttable_ex2 already exists
**********************************************************************
File "vcs/misc/manageElements.rst", line 18, in manageElements_create
Failed example:
    ex=vcs.createxvsy('xvsy_ex1') # Create xvsy 'xvsy_ex1' that inherits from 'default'
Exception raised:
    Traceback (most recent call last):
      File "/home/edward/anaconda2/envs/2.6-71-ga2d9061/lib/python2.7/doctest.py", line 1315, in __run
        compileflags, 1) in test.globs
      File "<doctest manageElements_create[1]>", line 1, in <module>
        ex=vcs.createxvsy('xvsy_ex1') # Create xvsy 'xvsy_ex1' that inherits from 'default'
      File "/home/edward/anaconda2/envs/2.6-71-ga2d9061/lib/python2.7/site-packages/vcs-2.6-py2.7.egg/vcs/manageElements.py", line 569, in createxvsy
        raise ve
    vcsError: Error 1d object named xvsy_ex1 already exists
**********************************************************************
File "vcs/misc/manageElements.rst", line 18, in manageElements_create
Failed example:
    ex=vcs.createxyvsy('xyvsy_ex1') # Create xyvsy 'xyvsy_ex1' that inherits from 'default'
Exception raised:
    Traceback (most recent call last):
      File "/home/edward/anaconda2/envs/2.6-71-ga2d9061/lib/python2.7/doctest.py", line 1315, in __run
        compileflags, 1) in test.globs
      File "<doctest manageElements_create[1]>", line 1, in <module>
        ex=vcs.createxyvsy('xyvsy_ex1') # Create xyvsy 'xyvsy_ex1' that inherits from 'default'
      File "/home/edward/anaconda2/envs/2.6-71-ga2d9061/lib/python2.7/site-packages/vcs-2.6-py2.7.egg/vcs/manageElements.py", line 447, in createxyvsy
        raise ve
    vcsError: Error 1d object named xyvsy_ex1 already exists
**********************************************************************
File "vcs/misc/manageElements.rst", line 18, in manageElements_create
Failed example:
    ex=vcs.createyxvsx('yxvsx_ex1') # Create yxvsx 'yxvsx_ex1' that inherits from 'default'
Exception raised:
    Traceback (most recent call last):
      File "/home/edward/anaconda2/envs/2.6-71-ga2d9061/lib/python2.7/doctest.py", line 1315, in __run
        compileflags, 1) in test.globs
      File "<doctest manageElements_create[1]>", line 1, in <module>
        ex=vcs.createyxvsx('yxvsx_ex1') # Create yxvsx 'yxvsx_ex1' that inherits from 'default'
      File "/home/edward/anaconda2/envs/2.6-71-ga2d9061/lib/python2.7/site-packages/vcs-2.6-py2.7.egg/vcs/manageElements.py", line 509, in createyxvsx
        raise ve
    vcsError: Error 1d object named yxvsx_ex1 already exists
**********************************************************************
File "vcs/misc/manageElements.rst", line 22, in manageElements_get
Failed example:
    a.plot(ex, slab1, slab2) # plot using specified 3d_dual_scalar object
Expected:
    <vcs.displayplot.Dp ...>
Got:
    initCamera: Camera => ((0.0, 0.0, 540.0), (0.0, 0.0, 0.0), (0.0, 1.0, 0.0)) 
    <vcs.displayplot.Dp object at 0x7f7270ad1a28>
**********************************************************************
File "vcs/misc/manageElements.rst", line 21, in manageElements_get
Failed example:
    a.plot(ex, slab1) # plot using specified 3d_scalar object
Expected:
    <vcs.displayplot.Dp ...>
Got:
    initCamera: Camera => ((0.0, 0.0, 540.0), (0.0, 0.0, 0.0), (0.0, 1.0, 0.0)) 
    <vcs.displayplot.Dp object at 0x7f72af3a8910>
**********************************************************************
File "vcs/misc/manageElements.rst", line 22, in manageElements_get
Failed example:
    a.plot(ex, slab1, slab2) # plot using specified 3d_vector object
Expected:
    <vcs.displayplot.Dp ...>
Got:
    Sample rate: 6 
    Sample rate: 6 
    initCamera: Camera => ((0.0, 0.0, 540.0), (0.0, 0.0, 0.0), (0.0, 1.0, 0.0)) 
    <vcs.displayplot.Dp object at 0x7f72af207c58>
**********************************************************************
File "vcs/misc/manageElements.rst", line 21, in manageElements_get
Failed example:
    a.taylordiagram(ex, slab1) # plot using specified taylordiagram object
Exception raised:
    Traceback (most recent call last):
      File "/home/edward/anaconda2/envs/2.6-71-ga2d9061/lib/python2.7/doctest.py", line 1315, in __run
        compileflags, 1) in test.globs
      File "<doctest manageElements_get[6]>", line 1, in <module>
        a.taylordiagram(ex, slab1) # plot using specified taylordiagram object
      File "/home/edward/anaconda2/envs/2.6-71-ga2d9061/lib/python2.7/site-packages/vcs-2.6-py2.7.egg/vcs/Canvas.py", line 1271, in taylordiagram
        return self.__plot(arglist, parms)
      File "/home/edward/anaconda2/envs/2.6-71-ga2d9061/lib/python2.7/site-packages/vcs-2.6-py2.7.egg/vcs/Canvas.py", line 3625, in __plot
        t.plot(arglist[0], canvas=self, template=arglist[2], **keyargs)
      File "/home/edward/anaconda2/envs/2.6-71-ga2d9061/lib/python2.7/site-packages/vcs-2.6-py2.7.egg/vcs/taylor.py", line 1965, in plot
        self.draw(canvas, data)
      File "/home/edward/anaconda2/envs/2.6-71-ga2d9061/lib/python2.7/site-packages/vcs-2.6-py2.7.egg/vcs/taylor.py", line 1205, in draw
        d0 = float(data[i][0])
      File "/home/edward/anaconda2/envs/2.6-71-ga2d9061/lib/python2.7/site-packages/numpy/ma/core.py", line 3897, in __float__
        raise TypeError("Only length-1 arrays can be converted "
    TypeError: Only length-1 arrays can be converted to Python scalars
**********************************************************************
File "vcs/misc/manageElements.rst", line 17, in manageElements_get
Failed example:
    a.createtextcombined('EXAMPLE_tt', 'qa', 'EXAMPLE_tto', '7left') # Create 'EXAMPLE_tt' and 'EXAMPLE_tto'
Exception raised:
    Traceback (most recent call last):
      File "/home/edward/anaconda2/envs/2.6-71-ga2d9061/lib/python2.7/doctest.py", line 1315, in __run
        compileflags, 1) in test.globs
      File "<doctest manageElements_get[2]>", line 1, in <module>
        a.createtextcombined('EXAMPLE_tt', 'qa', 'EXAMPLE_tto', '7left') # Create 'EXAMPLE_tt' and 'EXAMPLE_tto'
      File "/home/edward/anaconda2/envs/2.6-71-ga2d9061/lib/python2.7/site-packages/vcs-2.6-py2.7.egg/vcs/Canvas.py", line 2117, in createtextcombined
        x, y, height, angle, path, halign, valign, projection)
      File "/home/edward/anaconda2/envs/2.6-71-ga2d9061/lib/python2.7/site-packages/vcs-2.6-py2.7.egg/vcs/manageElements.py", line 1336, in createtextcombined
        Tt_name, Tt_source = check_name_source(Tt_name, Tt_source, 'texttable')
      File "/home/edward/anaconda2/envs/2.6-71-ga2d9061/lib/python2.7/site-packages/vcs-2.6-py2.7.egg/vcs/manageElements.py", line 57, in check_name_source
        raise vcsError("Error %s object named %s already exists" % (typ, name))
    vcsError: Error texttable object named EXAMPLE_tt already exists
**********************************************************************
File "vcs/misc/manageElements.rst", line 19, in manageElements_get
Failed example:
    ex=vcs.gettextcombined('EXAMPLE_tt', 'EXAMPLE_tto')  # instance of 'EXAMPLE_tt:::EXAMPLE_tto' textcombined secondary method
Exception raised:
    Traceback (most recent call last):
      File "/home/edward/anaconda2/envs/2.6-71-ga2d9061/lib/python2.7/doctest.py", line 1315, in __run
        compileflags, 1) in test.globs
      File "<doctest manageElements_get[3]>", line 1, in <module>
        ex=vcs.gettextcombined('EXAMPLE_tt', 'EXAMPLE_tto')  # instance of 'EXAMPLE_tt:::EXAMPLE_tto' textcombined secondary method
      File "/home/edward/anaconda2/envs/2.6-71-ga2d9061/lib/python2.7/site-packages/vcs-2.6-py2.7.egg/vcs/manageElements.py", line 1458, in gettextcombined
        (Tt_name_src, To_name_src))
    Exception: No such text combined: EXAMPLE_tt:::EXAMPLE_tto
**********************************************************************
File "vcs/misc/manageElements.rst", line 20, in manageElements_get
Failed example:
    a.textcombined(ex) # plot using specified textcombined object
Exception raised:
    Traceback (most recent call last):
      File "/home/edward/anaconda2/envs/2.6-71-ga2d9061/lib/python2.7/doctest.py", line 1315, in __run
        compileflags, 1) in test.globs
      File "<doctest manageElements_get[4]>", line 1, in <module>
        a.textcombined(ex) # plot using specified textcombined object
      File "/home/edward/anaconda2/envs/2.6-71-ga2d9061/lib/python2.7/site-packages/vcs-2.6-py2.7.egg/vcs/Canvas.py", line 2193, in textcombined
        t.x = [args.pop(0)]
    IndexError: pop from empty list
**********************************************************************
File "vcs/misc/manageElements.rst", line 17, in manageElements_get
Failed example:
    a.createtextcombined('EXAMPLE_tt', 'qa', 'EXAMPLE_tto', '7left') # Create 'EXAMPLE_tt' and 'EXAMPLE_tto'
Exception raised:
    Traceback (most recent call last):
      File "/home/edward/anaconda2/envs/2.6-71-ga2d9061/lib/python2.7/doctest.py", line 1315, in __run
        compileflags, 1) in test.globs
      File "<doctest manageElements_get[2]>", line 1, in <module>
        a.createtextcombined('EXAMPLE_tt', 'qa', 'EXAMPLE_tto', '7left') # Create 'EXAMPLE_tt' and 'EXAMPLE_tto'
      File "/home/edward/anaconda2/envs/2.6-71-ga2d9061/lib/python2.7/site-packages/vcs-2.6-py2.7.egg/vcs/Canvas.py", line 2117, in createtextcombined
        x, y, height, angle, path, halign, valign, projection)
      File "/home/edward/anaconda2/envs/2.6-71-ga2d9061/lib/python2.7/site-packages/vcs-2.6-py2.7.egg/vcs/manageElements.py", line 1336, in createtextcombined
        Tt_name, Tt_source = check_name_source(Tt_name, Tt_source, 'texttable')
      File "/home/edward/anaconda2/envs/2.6-71-ga2d9061/lib/python2.7/site-packages/vcs-2.6-py2.7.egg/vcs/manageElements.py", line 57, in check_name_source
        raise vcsError("Error %s object named %s already exists" % (typ, name))
    vcsError: Error texttable object named EXAMPLE_tt already exists
**********************************************************************
File "vcs/misc/manageElements.rst", line 19, in manageElements_get
Failed example:
    ex=vcs.gettextcombined('EXAMPLE_tt', 'EXAMPLE_tto')  # instance of 'EXAMPLE_tt:::EXAMPLE_tto' textcombined secondary method
Exception raised:
    Traceback (most recent call last):
      File "/home/edward/anaconda2/envs/2.6-71-ga2d9061/lib/python2.7/doctest.py", line 1315, in __run
        compileflags, 1) in test.globs
      File "<doctest manageElements_get[3]>", line 1, in <module>
        ex=vcs.gettextcombined('EXAMPLE_tt', 'EXAMPLE_tto')  # instance of 'EXAMPLE_tt:::EXAMPLE_tto' textcombined secondary method
      File "/home/edward/anaconda2/envs/2.6-71-ga2d9061/lib/python2.7/site-packages/vcs-2.6-py2.7.egg/vcs/manageElements.py", line 1458, in gettextcombined
        (Tt_name_src, To_name_src))
    Exception: No such text combined: EXAMPLE_tt:::EXAMPLE_tto
**********************************************************************
File "vcs/misc/manageElements.rst", line 20, in manageElements_get
Failed example:
    a.textcombined(ex) # plot using specified textcombined object
Exception raised:
    Traceback (most recent call last):
      File "/home/edward/anaconda2/envs/2.6-71-ga2d9061/lib/python2.7/doctest.py", line 1315, in __run
        compileflags, 1) in test.globs
      File "<doctest manageElements_get[4]>", line 1, in <module>
        a.textcombined(ex) # plot using specified textcombined object
      File "/home/edward/anaconda2/envs/2.6-71-ga2d9061/lib/python2.7/site-packages/vcs-2.6-py2.7.egg/vcs/Canvas.py", line 2193, in textcombined
        t.x = [args.pop(0)]
    IndexError: pop from empty list
1 items passed all tests:
   5 tests in manageElements_removeobject
**********************************************************************
2 items had failures:
  35 of  91 in manageElements_create
  10 of 160 in manageElements_get
256 tests in 3 items.
211 passed and 45 failed.
***Test Failed*** 45 failures.
3 items passed all tests:
   1 tests in manageElements_create (cleanup code)
   1 tests in manageElements_get (cleanup code)
   1 tests in manageElements_removeobject (cleanup code)
3 tests in 3 items.
3 passed and 0 failed.
Test passed.

Document: vcs/graphics/isofill
------------------------------
**********************************************************************
File "vcs/graphics/isofill.rst", line 7, in xyscale_isofill
Failed example:
    ex=a.createisofill('xyscale_ex') # create a boxfill to work with
Exception raised:
    Traceback (most recent call last):
      File "/home/edward/anaconda2/envs/2.6-71-ga2d9061/lib/python2.7/doctest.py", line 1315, in __run
        compileflags, 1) in test.globs
      File "<doctest xyscale_isofill[1]>", line 1, in <module>
        ex=a.createisofill('xyscale_ex') # create a boxfill to work with
      File "/home/edward/anaconda2/envs/2.6-71-ga2d9061/lib/python2.7/site-packages/vcs-2.6-py2.7.egg/vcs/Canvas.py", line 1367, in createisofill
        return vcs.createisofill(name, source)
      File "/home/edward/anaconda2/envs/2.6-71-ga2d9061/lib/python2.7/site-packages/vcs-2.6-py2.7.egg/vcs/manageElements.py", line 312, in createisofill
        name, source = check_name_source(name, source, 'isofill')
      File "/home/edward/anaconda2/envs/2.6-71-ga2d9061/lib/python2.7/site-packages/vcs-2.6-py2.7.egg/vcs/manageElements.py", line 57, in check_name_source
        raise vcsError("Error %s object named %s already exists" % (typ, name))
    vcsError: Error isofill object named xyscale_ex already exists
**********************************************************************
File "vcs/graphics/isofill.rst", line 8, in xyscale_isofill
Failed example:
    ex.xyscale(xat='linear', yat='linear') # set xaxisconvert and yaxisconvert to 'linear'
Exception raised:
    Traceback (most recent call last):
      File "/home/edward/anaconda2/envs/2.6-71-ga2d9061/lib/python2.7/doctest.py", line 1315, in __run
        compileflags, 1) in test.globs
      File "<doctest xyscale_isofill[2]>", line 1, in <module>
        ex.xyscale(xat='linear', yat='linear') # set xaxisconvert and yaxisconvert to 'linear'
    AttributeError: 'NoneType' object has no attribute 'xyscale'
1 items passed all tests:
   4 tests in script_examples
**********************************************************************
1 items had failures:
   2 of   3 in xyscale_isofill
7 tests in 2 items.
5 passed and 2 failed.
***Test Failed*** 2 failures.
2 items passed all tests:
   1 tests in script_examples (cleanup code)
   1 tests in xyscale_isofill (cleanup code)
2 tests in 2 items.
2 passed and 0 failed.
Test passed.

Document: vcs/misc/utils
------------------------
**********************************************************************
File "vcs/misc/utils.rst", line 8, in utils_match_color
Failed example:
    print vcs.match_color('salmon')
Exception raised:
    Traceback (most recent call last):
      File "/home/edward/anaconda2/envs/2.6-71-ga2d9061/lib/python2.7/doctest.py", line 1315, in __run
        compileflags, 1) in test.globs
      File "<doctest utils_match_color[1]>", line 1, in <module>
        print vcs.match_color('salmon')
      File "/home/edward/anaconda2/envs/2.6-71-ga2d9061/lib/python2.7/site-packages/vcs-2.6-py2.7.egg/vcs/utils.py", line 1751, in match_color
        colormap = vcs.getcolormapname()
    AttributeError: 'module' object has no attribute 'getcolormapname'
**********************************************************************
File "vcs/misc/utils.rst", line 9, in utils_match_color
Failed example:
    print vcs.match_color('red')
Exception raised:
    Traceback (most recent call last):
      File "/home/edward/anaconda2/envs/2.6-71-ga2d9061/lib/python2.7/doctest.py", line 1315, in __run
        compileflags, 1) in test.globs
      File "<doctest utils_match_color[2]>", line 1, in <module>
        print vcs.match_color('red')
      File "/home/edward/anaconda2/envs/2.6-71-ga2d9061/lib/python2.7/site-packages/vcs-2.6-py2.7.egg/vcs/utils.py", line 1751, in match_color
        colormap = vcs.getcolormapname()
    AttributeError: 'module' object has no attribute 'getcolormapname'
**********************************************************************
File "vcs/misc/utils.rst", line 10, in utils_match_color
Failed example:
    print vcs.match_color([0,0,100],'default') # closest color from blue
Expected nothing
Got:
    244
**********************************************************************
File "vcs/misc/utils.rst", line 8, in generate_time_labels
Failed example:
    lbls = generate_time_labels(cdtime.reltime(0,'months since 2000'),
        cdtime.reltime(12,'months since 2000'),
        'days since 1800',) # for the year 2000 in units of 'days since 1800'
Exception raised:
    Traceback (most recent call last):
      File "/home/edward/anaconda2/envs/2.6-71-ga2d9061/lib/python2.7/doctest.py", line 1315, in __run
        compileflags, 1) in test.globs
      File "<doctest generate_time_labels[0]>", line 1, in <module>
        lbls = generate_time_labels(cdtime.reltime(0,'months since 2000'),
    NameError: name 'generate_time_labels' is not defined
**********************************************************************
File "vcs/misc/utils.rst", line 11, in generate_time_labels
Failed example:
    lbls = generate_time_labels(cdtime.reltime(0,'months since 2000'),
        cdtime.comptime(2001),
        'days since 1800',) # for the year 2000 in units of 'days since 1800'
Exception raised:
    Traceback (most recent call last):
      File "/home/edward/anaconda2/envs/2.6-71-ga2d9061/lib/python2.7/doctest.py", line 1315, in __run
        compileflags, 1) in test.globs
      File "<doctest generate_time_labels[1]>", line 1, in <module>
        lbls = generate_time_labels(cdtime.reltime(0,'months since 2000'),
    NameError: name 'generate_time_labels' is not defined
**********************************************************************
File "vcs/misc/utils.rst", line 14, in generate_time_labels
Failed example:
    lbls = generate_time_labels(0, 12, 'months since 2000', ) # Generate a dictionary of time labels
Exception raised:
    Traceback (most recent call last):
      File "/home/edward/anaconda2/envs/2.6-71-ga2d9061/lib/python2.7/doctest.py", line 1315, in __run
        compileflags, 1) in test.globs
      File "<doctest generate_time_labels[2]>", line 1, in <module>
        lbls = generate_time_labels(0, 12, 'months since 2000', ) # Generate a dictionary of time labels
    NameError: name 'generate_time_labels' is not defined
**********************************************************************
File "vcs/misc/utils.rst", line 7, in utils_show
Failed example:
    a.show('boxfill') # List boxfill objects on Canvas 'a'
Expected nothing
Got:
    *******************Boxfill Names List**********************
    __boxfill_577585921416886  a_boxfill                  a_lambert_boxfill         
    a_mollweide_boxfill        a_polar_boxfill            a_robinson_boxfill        
    boxfill_ex1                boxfill_ex2                default                   
    polar                      quick                      robinson                  
    xyscale_ex                
    *******************End Boxfill Names List**********************
**********************************************************************
File "vcs/misc/utils.rst", line 8, in utils_show
Failed example:
    a.show('isofill') # List isofill objects on Canvas 'a'
Expected nothing
Got:
    *******************Isofill Names List**********************
    a_isofill            a_lambert_isofill    a_mollweide_isofill 
    a_polar_isofill      a_robinson_isofill   default             
    isofill_ex1          isofill_ex2          polar               
    quick                robinson             xyscale_ex          
    *******************End Isofill Names List**********************
**********************************************************************
File "vcs/misc/utils.rst", line 9, in utils_show
Failed example:
    a.show('line') # List line objects on Canvas 'a'
Expected nothing
Got:
    *******************Line Names List**********************
    black         blue          brown        
    continents    cyan          default      
    deftaylordot  green         line_ex1     
    line_ex2      ltblue        navy         
    pink          purple        solid        
    std           tdgxt10       tdgxt11      
    tdgxt20       tdgxt21       tdgxt22      
    tdgxt23       tdgyt20       tdgyt21      
    tdiag_0       tdiag_1       tdiag_f0     
    tdiag_f1      tdxt10        tdxt11       
    tdxt20        tdxt21        tdxt22       
    tdxt23        tdyt20        tdyt21       
    thick         white        
    *******************End Line Names List**********************
**********************************************************************
File "vcs/misc/utils.rst", line 10, in utils_show
Failed example:
    a.show('marker') # List marker objects on Canvas 'a'
Expected nothing
Got:
    *******************Marker Names List**********************
    blue        cyan        default    
    green       ltblue      marker_ex1 
    marker_ex2  navy        pink       
    purple      red        
    *******************End Marker Names List**********************
**********************************************************************
File "vcs/misc/utils.rst", line 11, in utils_show
Failed example:
    a.show('text') # List text objects on Canvas 'a'
Exception raised:
    Traceback (most recent call last):
      File "/home/edward/anaconda2/envs/2.6-71-ga2d9061/lib/python2.7/doctest.py", line 1315, in __run
        compileflags, 1) in test.globs
      File "<doctest utils_show[5]>", line 1, in <module>
        a.show('text') # List text objects on Canvas 'a'
      File "/home/edward/anaconda2/envs/2.6-71-ga2d9061/lib/python2.7/site-packages/vcs-2.6-py2.7.egg/vcs/Canvas.py", line 5326, in show
        return vcs.show(*args)
      File "/home/edward/anaconda2/envs/2.6-71-ga2d9061/lib/python2.7/site-packages/vcs-2.6-py2.7.egg/vcs/utils.py", line 270, in show
        elts = vcs.listelements(args[0])
      File "/home/edward/anaconda2/envs/2.6-71-ga2d9061/lib/python2.7/site-packages/vcs-2.6-py2.7.egg/vcs/utils.py", line 243, in listelements
        (typ, vcs.elements.keys()))
    Exception: Error: 'text' is not a valid vcs element
    Valid vcs elements are: ['list', 'projection', 'texttable', 'textorientation', 'textcombined', 'line', 'marker', 'fillarea', 'font', 'fontNumber', 'boxfill', 'isofill', 'isoline', 'meshfill', '3d_scalar', '3d_dual_scalar', '3d_vector', 'template', 'taylordiagram', '1d', 'vector', 'yxvsx', 'xyvsy', 'xvsy', 'scatter', 'colormap', 'display']
**********************************************************************
File "vcs/misc/utils.rst", line 8, in utils_mklabels
Failed example:
    vcs.mklabels (a)
Expected:
    {20.0: '20', 18.0: '18', 16.0: '16', 14.0: '14', 12.0: '12',
        10.0: '10', 8.0: '8', 6.0: '6', 4.0: '4', 2.0: '2', 0.0: '0'}
Got:
    {0.0: '0', 2.0: '2', 4.0: '4', 6.0: '6', 8.0: '8', 10.0: '10', 12.0: '12', 14.0: '14', 16.0: '16', 18.0: '18', 20.0: '20'}
**********************************************************************
File "vcs/misc/utils.rst", line 11, in utils_mklabels
Failed example:
    vcs.mklabels ( [5,.005])
Expected:
    {0.0050000000000000001: '0.005', 5.0: '5.000'}
Got:
    {5.0: '5.000', 0.005: '0.005'}
**********************************************************************
File "vcs/misc/utils.rst", line 13, in utils_mklabels
Failed example:
    vcs.mklabels ( [.00002,.00005])
Expected:
    {2.0000000000000002e-05: '2E-5', 5.0000000000000002e-05: '5E-5'}
Got:
    {2e-05: '2E-5', 5e-05: '5E-5'}
**********************************************************************
File "vcs/misc/utils.rst", line 21, in utils_getcolors
Failed example:
    vcs.getcolors (a,white=241)
Expected:
    [72, 241, 128, 150, 172, 195, 217, 239]
Got:
    [16, 241, 128, 150, 172, 195, 217, 239]
7 items passed all tests:
   4 tests in utils_getcolorcell
   4 tests in utils_getcolormap
   4 tests in utils_minmax
   3 tests in utils_mkevenlevels
   6 tests in utils_mkscale
   2 tests in utils_rbga_color
   6 tests in utils_setcolorcell
**********************************************************************
5 items had failures:
   3 of   3 in generate_time_labels
   1 of   7 in utils_getcolors
   3 of   4 in utils_match_color
   3 of   5 in utils_mklabels
   5 of   6 in utils_show
54 tests in 12 items.
39 passed and 15 failed.
***Test Failed*** 15 failures.
12 items passed all tests:
   1 tests in generate_time_labels (cleanup code)
   1 tests in utils_getcolorcell (cleanup code)
   1 tests in utils_getcolormap (cleanup code)
   1 tests in utils_getcolors (cleanup code)
   1 tests in utils_match_color (cleanup code)
   1 tests in utils_minmax (cleanup code)
   1 tests in utils_mkevenlevels (cleanup code)
   1 tests in utils_mklabels (cleanup code)
   1 tests in utils_mkscale (cleanup code)
   1 tests in utils_rbga_color (cleanup code)
   1 tests in utils_setcolorcell (cleanup code)
   1 tests in utils_show (cleanup code)
12 tests in 12 items.
12 passed and 0 failed.
Test passed.

Document: vcs/misc/projection
-----------------------------
1 items passed all tests:
   4 tests in script_examples
4 tests in 1 items.
4 passed and 0 failed.
Test passed.
1 items passed all tests:
   1 tests in script_examples (cleanup code)
1 tests in 1 items.
1 passed and 0 failed.
Test passed.

Document: vcs/secondary/textorientation
---------------------------------------
1 items passed all tests:
   4 tests in script_examples
4 tests in 1 items.
4 passed and 0 failed.
Test passed.
1 items passed all tests:
   1 tests in script_examples (cleanup code)
1 tests in 1 items.
1 passed and 0 failed.
Test passed.

Document: vcs/secondary/line
----------------------------
1 items passed all tests:
   4 tests in script_examples
4 tests in 1 items.
4 passed and 0 failed.
Test passed.
1 items passed all tests:
   1 tests in script_examples (cleanup code)
1 tests in 1 items.
1 passed and 0 failed.
Test passed.

Document: vcs/secondary/texttable
---------------------------------
1 items passed all tests:
   4 tests in script_examples
4 tests in 1 items.
4 passed and 0 failed.
Test passed.
1 items passed all tests:
   1 tests in script_examples (cleanup code)
1 tests in 1 items.
1 passed and 0 failed.
Test passed.

Document: vcs/graphics/boxfill
------------------------------
**********************************************************************
File "vcs/graphics/boxfill.rst", line 18, in gfb_rename
Failed example:
    b.name
Expected:
    'foo'
Got:
    '__boxfill_210394762253260'
**********************************************************************
File "vcs/graphics/boxfill.rst", line 7, in xyscale_boxfill
Failed example:
    ex=a.createboxfill('xyscale_ex') # create a boxfill to work with
Exception raised:
    Traceback (most recent call last):
      File "/home/edward/anaconda2/envs/2.6-71-ga2d9061/lib/python2.7/doctest.py", line 1315, in __run
        compileflags, 1) in test.globs
      File "<doctest xyscale_boxfill[1]>", line 1, in <module>
        ex=a.createboxfill('xyscale_ex') # create a boxfill to work with
      File "/home/edward/anaconda2/envs/2.6-71-ga2d9061/lib/python2.7/site-packages/vcs-2.6-py2.7.egg/vcs/Canvas.py", line 1172, in createboxfill
        return vcs.createboxfill(name, source)
      File "/home/edward/anaconda2/envs/2.6-71-ga2d9061/lib/python2.7/site-packages/vcs-2.6-py2.7.egg/vcs/manageElements.py", line 164, in createboxfill
        name, source = check_name_source(name, source, 'boxfill')
      File "/home/edward/anaconda2/envs/2.6-71-ga2d9061/lib/python2.7/site-packages/vcs-2.6-py2.7.egg/vcs/manageElements.py", line 57, in check_name_source
        raise vcsError("Error %s object named %s already exists" % (typ, name))
    vcsError: Error boxfill object named xyscale_ex already exists
**********************************************************************
File "vcs/graphics/boxfill.rst", line 8, in xyscale_boxfill
Failed example:
    ex.xyscale(xat='linear', yat='linear') # set xaxisconvert and yaxisconvert to 'linear'
Exception raised:
    Traceback (most recent call last):
      File "/home/edward/anaconda2/envs/2.6-71-ga2d9061/lib/python2.7/doctest.py", line 1315, in __run
        compileflags, 1) in test.globs
      File "<doctest xyscale_boxfill[2]>", line 1, in <module>
        ex.xyscale(xat='linear', yat='linear') # set xaxisconvert and yaxisconvert to 'linear'
    AttributeError: 'NoneType' object has no attribute 'xyscale'
1 items passed all tests:
   4 tests in script_examples
**********************************************************************
2 items had failures:
   1 of   6 in gfb_rename
   2 of   3 in xyscale_boxfill
13 tests in 3 items.
10 passed and 3 failed.
***Test Failed*** 3 failures.
3 items passed all tests:
   1 tests in gfb_rename (cleanup code)
   1 tests in script_examples (cleanup code)
   1 tests in xyscale_boxfill (cleanup code)
3 tests in 3 items.
3 passed and 0 failed.
Test passed.

Document: vcs/graphics/meshfill
-------------------------------
**********************************************************************
File "vcs/graphics/meshfill.rst", line 7, in xyscale_meshfill
Failed example:
    ex=a.createmeshfill('xyscale_ex') # create a boxfill to work with
Exception raised:
    Traceback (most recent call last):
      File "/home/edward/anaconda2/envs/2.6-71-ga2d9061/lib/python2.7/doctest.py", line 1315, in __run
        compileflags, 1) in test.globs
      File "<doctest xyscale_meshfill[1]>", line 1, in <module>
        ex=a.createmeshfill('xyscale_ex') # create a boxfill to work with
      File "/home/edward/anaconda2/envs/2.6-71-ga2d9061/lib/python2.7/site-packages/vcs-2.6-py2.7.egg/vcs/Canvas.py", line 1274, in createmeshfill
        return vcs.createmeshfill(name, source)
      File "/home/edward/anaconda2/envs/2.6-71-ga2d9061/lib/python2.7/site-packages/vcs-2.6-py2.7.egg/vcs/manageElements.py", line 266, in createmeshfill
        name, source = check_name_source(name, source, 'meshfill')
      File "/home/edward/anaconda2/envs/2.6-71-ga2d9061/lib/python2.7/site-packages/vcs-2.6-py2.7.egg/vcs/manageElements.py", line 57, in check_name_source
        raise vcsError("Error %s object named %s already exists" % (typ, name))
    vcsError: Error meshfill object named xyscale_ex already exists
**********************************************************************
File "vcs/graphics/meshfill.rst", line 8, in xyscale_meshfill
Failed example:
    ex.xyscale(xat='linear', yat='linear') # set xaxisconvert and yaxisconvert to 'linear'
Exception raised:
    Traceback (most recent call last):
      File "/home/edward/anaconda2/envs/2.6-71-ga2d9061/lib/python2.7/doctest.py", line 1315, in __run
        compileflags, 1) in test.globs
      File "<doctest xyscale_meshfill[2]>", line 1, in <module>
        ex.xyscale(xat='linear', yat='linear') # set xaxisconvert and yaxisconvert to 'linear'
    AttributeError: 'NoneType' object has no attribute 'xyscale'
1 items passed all tests:
   4 tests in script_examples
**********************************************************************
1 items had failures:
   2 of   3 in xyscale_meshfill
7 tests in 2 items.
5 passed and 2 failed.
***Test Failed*** 2 failures.
2 items passed all tests:
   1 tests in script_examples (cleanup code)
   1 tests in xyscale_meshfill (cleanup code)
2 tests in 2 items.
2 passed and 0 failed.
Test passed.

Document: vcs/graphics/vector
-----------------------------
1 items passed all tests:
   4 tests in script_examples
4 tests in 1 items.
4 passed and 0 failed.
Test passed.
1 items passed all tests:
   1 tests in script_examples (cleanup code)
1 tests in 1 items.
1 passed and 0 failed.
Test passed.

Document: vcs/secondary/fillarea
--------------------------------
1 items passed all tests:
   4 tests in script_examples
4 tests in 1 items.
4 passed and 0 failed.
Test passed.
1 items passed all tests:
   1 tests in script_examples (cleanup code)
1 tests in 1 items.
1 passed and 0 failed.
Test passed.

Document: vcs/Canvas
--------------------
**********************************************************************
File "vcs/Canvas.rst", line 12, in canvas_line
Failed example:
    ln=a.getline('red') # Create instance of 'red'
Exception raised:
    Traceback (most recent call last):
      File "/home/edward/anaconda2/envs/2.6-71-ga2d9061/lib/python2.7/doctest.py", line 1315, in __run
        compileflags, 1) in test.globs
      File "<doctest canvas_line[2]>", line 1, in <module>
        ln=a.getline('red') # Create instance of 'red'
      File "/home/edward/anaconda2/envs/2.6-71-ga2d9061/lib/python2.7/site-packages/vcs-2.6-py2.7.egg/vcs/Canvas.py", line 1721, in getline
        name, ltype, width, color, priority, viewport, worldcoordinate, x, y)
      File "/home/edward/anaconda2/envs/2.6-71-ga2d9061/lib/python2.7/site-packages/vcs-2.6-py2.7.egg/vcs/manageElements.py", line 812, in getline
        raise ValueError("The line '%s' does not exist" % name)
    ValueError: The line 'red' does not exist
**********************************************************************
File "vcs/Canvas.rst", line 13, in canvas_line
Failed example:
    ln.width=4 # Set the line width
Exception raised:
    Traceback (most recent call last):
      File "/home/edward/anaconda2/envs/2.6-71-ga2d9061/lib/python2.7/doctest.py", line 1315, in __run
        compileflags, 1) in test.globs
      File "<doctest canvas_line[3]>", line 1, in <module>
        ln.width=4 # Set the line width
    NameError: name 'ln' is not defined
**********************************************************************
File "vcs/Canvas.rst", line 14, in canvas_line
Failed example:
    ln.color = 242 # Set the line color
Exception raised:
    Traceback (most recent call last):
      File "/home/edward/anaconda2/envs/2.6-71-ga2d9061/lib/python2.7/doctest.py", line 1315, in __run
        compileflags, 1) in test.globs
      File "<doctest canvas_line[4]>", line 1, in <module>
        ln.color = 242 # Set the line color
    NameError: name 'ln' is not defined
**********************************************************************
File "vcs/Canvas.rst", line 15, in canvas_line
Failed example:
    ln.type = 4 # Set the line type
Exception raised:
    Traceback (most recent call last):
      File "/home/edward/anaconda2/envs/2.6-71-ga2d9061/lib/python2.7/doctest.py", line 1315, in __run
        compileflags, 1) in test.globs
      File "<doctest canvas_line[5]>", line 1, in <module>
        ln.type = 4 # Set the line type
    NameError: name 'ln' is not defined
**********************************************************************
File "vcs/Canvas.rst", line 16, in canvas_line
Failed example:
    ln.x=[[0.0,2.0,2.0,0.0,0.0], [0.5,1.5]] # Set the x value points
Exception raised:
    Traceback (most recent call last):
      File "/home/edward/anaconda2/envs/2.6-71-ga2d9061/lib/python2.7/doctest.py", line 1315, in __run
        compileflags, 1) in test.globs
      File "<doctest canvas_line[6]>", line 1, in <module>
        ln.x=[[0.0,2.0,2.0,0.0,0.0], [0.5,1.5]] # Set the x value points
    NameError: name 'ln' is not defined
**********************************************************************
File "vcs/Canvas.rst", line 17, in canvas_line
Failed example:
    ln.y=[[0.0,0.0,2.0,2.0,0.0], [1.0,1.0]] # Set the y value points
Exception raised:
    Traceback (most recent call last):
      File "/home/edward/anaconda2/envs/2.6-71-ga2d9061/lib/python2.7/doctest.py", line 1315, in __run
        compileflags, 1) in test.globs
      File "<doctest canvas_line[7]>", line 1, in <module>
        ln.y=[[0.0,0.0,2.0,2.0,0.0], [1.0,1.0]] # Set the y value points
    NameError: name 'ln' is not defined
**********************************************************************
File "vcs/Canvas.rst", line 18, in canvas_line
Failed example:
    a.line(ln) # Plot using specified line object
Exception raised:
    Traceback (most recent call last):
      File "/home/edward/anaconda2/envs/2.6-71-ga2d9061/lib/python2.7/doctest.py", line 1315, in __run
        compileflags, 1) in test.globs
      File "<doctest canvas_line[8]>", line 1, in <module>
        a.line(ln) # Plot using specified line object
    NameError: name 'ln' is not defined
**********************************************************************
File "vcs/Canvas.rst", line 32, in canvas_ffmpeg
Failed example:
    a.ffmpeg('mymovie.mpeg',files="my_png__[0-9]*\.png") # generate from files with name matching regex
Exception raised:
    Traceback (most recent call last):
      File "/home/edward/anaconda2/envs/2.6-71-ga2d9061/lib/python2.7/doctest.py", line 1315, in __run
        compileflags, 1) in test.globs
      File "<doctest canvas_ffmpeg[9]>", line 1, in <module>
        a.ffmpeg('mymovie.mpeg',files="my_png__[0-9]*\.png") # generate from files with name matching regex
      File "/home/edward/anaconda2/envs/2.6-71-ga2d9061/lib/python2.7/site-packages/vcs-2.6-py2.7.egg/vcs/Canvas.py", line 4590, in ffmpeg
        if test_file is not False:
    UnboundLocalError: local variable 'test_file' referenced before assignment
**********************************************************************
File "vcs/Canvas.rst", line 18, in manageElements_create
Failed example:
    ex=vcs.create3d_dual_scalar('3d_dual_scalar_ex1') # Create 3d_dual_scalar '3d_dual_scalar_ex1' that inherits from 'default'
Exception raised:
    Traceback (most recent call last):
      File "/home/edward/anaconda2/envs/2.6-71-ga2d9061/lib/python2.7/doctest.py", line 1315, in __run
        compileflags, 1) in test.globs
      File "<doctest manageElements_create[1]>", line 1, in <module>
        ex=vcs.create3d_dual_scalar('3d_dual_scalar_ex1') # Create 3d_dual_scalar '3d_dual_scalar_ex1' that inherits from 'default'
      File "/home/edward/anaconda2/envs/2.6-71-ga2d9061/lib/python2.7/site-packages/vcs-2.6-py2.7.egg/vcs/manageElements.py", line 1569, in create3d_dual_scalar
        name, source = check_name_source(name, source, '3d_dual_scalar')
      File "/home/edward/anaconda2/envs/2.6-71-ga2d9061/lib/python2.7/site-packages/vcs-2.6-py2.7.egg/vcs/manageElements.py", line 57, in check_name_source
        raise vcsError("Error %s object named %s already exists" % (typ, name))
    vcsError: Error 3d_dual_scalar object named 3d_dual_scalar_ex1 already exists
**********************************************************************
File "vcs/Canvas.rst", line 18, in manageElements_create
Failed example:
    ex=vcs.create3d_scalar('3d_scalar_ex1') # Create 3d_scalar '3d_scalar_ex1' that inherits from 'default'
Exception raised:
    Traceback (most recent call last):
      File "/home/edward/anaconda2/envs/2.6-71-ga2d9061/lib/python2.7/doctest.py", line 1315, in __run
        compileflags, 1) in test.globs
      File "<doctest manageElements_create[1]>", line 1, in <module>
        ex=vcs.create3d_scalar('3d_scalar_ex1') # Create 3d_scalar '3d_scalar_ex1' that inherits from 'default'
      File "/home/edward/anaconda2/envs/2.6-71-ga2d9061/lib/python2.7/site-packages/vcs-2.6-py2.7.egg/vcs/manageElements.py", line 1531, in create3d_scalar
        name, source = check_name_source(name, source, '3d_scalar')
      File "/home/edward/anaconda2/envs/2.6-71-ga2d9061/lib/python2.7/site-packages/vcs-2.6-py2.7.egg/vcs/manageElements.py", line 57, in check_name_source
        raise vcsError("Error %s object named %s already exists" % (typ, name))
    vcsError: Error 3d_scalar object named 3d_scalar_ex1 already exists
**********************************************************************
File "vcs/Canvas.rst", line 18, in manageElements_create
Failed example:
    ex=vcs.create3d_vector('3d_vector_ex1') # Create 3d_vector '3d_vector_ex1' that inherits from 'default'
Exception raised:
    Traceback (most recent call last):
      File "/home/edward/anaconda2/envs/2.6-71-ga2d9061/lib/python2.7/doctest.py", line 1315, in __run
        compileflags, 1) in test.globs
      File "<doctest manageElements_create[1]>", line 1, in <module>
        ex=vcs.create3d_vector('3d_vector_ex1') # Create 3d_vector '3d_vector_ex1' that inherits from 'default'
      File "/home/edward/anaconda2/envs/2.6-71-ga2d9061/lib/python2.7/site-packages/vcs-2.6-py2.7.egg/vcs/manageElements.py", line 1608, in create3d_vector
        name, source = check_name_source(name, source, '3d_vector')
      File "/home/edward/anaconda2/envs/2.6-71-ga2d9061/lib/python2.7/site-packages/vcs-2.6-py2.7.egg/vcs/manageElements.py", line 57, in check_name_source
        raise vcsError("Error %s object named %s already exists" % (typ, name))
    vcsError: Error 3d_vector object named 3d_vector_ex1 already exists
**********************************************************************
File "vcs/Canvas.rst", line 18, in manageElements_create
Failed example:
    ex=vcs.createboxfill('boxfill_ex1') # Create boxfill 'boxfill_ex1' that inherits from 'default'
Exception raised:
    Traceback (most recent call last):
      File "/home/edward/anaconda2/envs/2.6-71-ga2d9061/lib/python2.7/doctest.py", line 1315, in __run
        compileflags, 1) in test.globs
      File "<doctest manageElements_create[1]>", line 1, in <module>
        ex=vcs.createboxfill('boxfill_ex1') # Create boxfill 'boxfill_ex1' that inherits from 'default'
      File "/home/edward/anaconda2/envs/2.6-71-ga2d9061/lib/python2.7/site-packages/vcs-2.6-py2.7.egg/vcs/manageElements.py", line 164, in createboxfill
        name, source = check_name_source(name, source, 'boxfill')
      File "/home/edward/anaconda2/envs/2.6-71-ga2d9061/lib/python2.7/site-packages/vcs-2.6-py2.7.egg/vcs/manageElements.py", line 57, in check_name_source
        raise vcsError("Error %s object named %s already exists" % (typ, name))
    vcsError: Error boxfill object named boxfill_ex1 already exists
**********************************************************************
File "vcs/Canvas.rst", line 21, in manageElements_create
Failed example:
    ex2=vcs.createboxfill('boxfill_ex2','polar') # create 'boxfill_ex2' from 'polar' template
Exception raised:
    Traceback (most recent call last):
      File "/home/edward/anaconda2/envs/2.6-71-ga2d9061/lib/python2.7/doctest.py", line 1315, in __run
        compileflags, 1) in test.globs
      File "<doctest manageElements_create[3]>", line 1, in <module>
        ex2=vcs.createboxfill('boxfill_ex2','polar') # create 'boxfill_ex2' from 'polar' template
      File "/home/edward/anaconda2/envs/2.6-71-ga2d9061/lib/python2.7/site-packages/vcs-2.6-py2.7.egg/vcs/manageElements.py", line 164, in createboxfill
        name, source = check_name_source(name, source, 'boxfill')
      File "/home/edward/anaconda2/envs/2.6-71-ga2d9061/lib/python2.7/site-packages/vcs-2.6-py2.7.egg/vcs/manageElements.py", line 57, in check_name_source
        raise vcsError("Error %s object named %s already exists" % (typ, name))
    vcsError: Error boxfill object named boxfill_ex2 already exists
**********************************************************************
File "vcs/Canvas.rst", line 18, in manageElements_create
Failed example:
    ex=vcs.createcolormap('colormap_ex1') # Create colormap 'colormap_ex1' that inherits from 'default'
Exception raised:
    Traceback (most recent call last):
      File "/home/edward/anaconda2/envs/2.6-71-ga2d9061/lib/python2.7/doctest.py", line 1315, in __run
        compileflags, 1) in test.globs
      File "<doctest manageElements_create[1]>", line 1, in <module>
        ex=vcs.createcolormap('colormap_ex1') # Create colormap 'colormap_ex1' that inherits from 'default'
      File "/home/edward/anaconda2/envs/2.6-71-ga2d9061/lib/python2.7/site-packages/vcs-2.6-py2.7.egg/vcs/manageElements.py", line 1633, in createcolormap
        Cp_name, Cp_name_src = check_name_source(Cp_name, Cp_name_src, 'colormap')
      File "/home/edward/anaconda2/envs/2.6-71-ga2d9061/lib/python2.7/site-packages/vcs-2.6-py2.7.egg/vcs/manageElements.py", line 57, in check_name_source
        raise vcsError("Error %s object named %s already exists" % (typ, name))
    vcsError: Error colormap object named colormap_ex1 already exists
**********************************************************************
File "vcs/Canvas.rst", line 21, in manageElements_create
Failed example:
    ex2=vcs.createcolormap('colormap_ex2','rainbow') # create 'colormap_ex2' from 'rainbow' template
Exception raised:
    Traceback (most recent call last):
      File "/home/edward/anaconda2/envs/2.6-71-ga2d9061/lib/python2.7/doctest.py", line 1315, in __run
        compileflags, 1) in test.globs
      File "<doctest manageElements_create[3]>", line 1, in <module>
        ex2=vcs.createcolormap('colormap_ex2','rainbow') # create 'colormap_ex2' from 'rainbow' template
      File "/home/edward/anaconda2/envs/2.6-71-ga2d9061/lib/python2.7/site-packages/vcs-2.6-py2.7.egg/vcs/manageElements.py", line 1633, in createcolormap
        Cp_name, Cp_name_src = check_name_source(Cp_name, Cp_name_src, 'colormap')
      File "/home/edward/anaconda2/envs/2.6-71-ga2d9061/lib/python2.7/site-packages/vcs-2.6-py2.7.egg/vcs/manageElements.py", line 57, in check_name_source
        raise vcsError("Error %s object named %s already exists" % (typ, name))
    vcsError: Error colormap object named colormap_ex2 already exists
**********************************************************************
File "vcs/Canvas.rst", line 18, in manageElements_create
Failed example:
    ex=vcs.createfillarea('fillarea_ex1') # Create fillarea 'fillarea_ex1' that inherits from 'default'
Exception raised:
    Traceback (most recent call last):
      File "/home/edward/anaconda2/envs/2.6-71-ga2d9061/lib/python2.7/doctest.py", line 1315, in __run
        compileflags, 1) in test.globs
      File "<doctest manageElements_create[1]>", line 1, in <module>
        ex=vcs.createfillarea('fillarea_ex1') # Create fillarea 'fillarea_ex1' that inherits from 'default'
      File "/home/edward/anaconda2/envs/2.6-71-ga2d9061/lib/python2.7/site-packages/vcs-2.6-py2.7.egg/vcs/manageElements.py", line 1015, in createfillarea
        name, source = check_name_source(name, source, 'fillarea')
      File "/home/edward/anaconda2/envs/2.6-71-ga2d9061/lib/python2.7/site-packages/vcs-2.6-py2.7.egg/vcs/manageElements.py", line 57, in check_name_source
        raise vcsError("Error %s object named %s already exists" % (typ, name))
    vcsError: Error fillarea object named fillarea_ex1 already exists
**********************************************************************
File "vcs/Canvas.rst", line 18, in manageElements_create
Failed example:
    ex=vcs.createisofill('isofill_ex1') # Create isofill 'isofill_ex1' that inherits from 'default'
Exception raised:
    Traceback (most recent call last):
      File "/home/edward/anaconda2/envs/2.6-71-ga2d9061/lib/python2.7/doctest.py", line 1315, in __run
        compileflags, 1) in test.globs
      File "<doctest manageElements_create[1]>", line 1, in <module>
        ex=vcs.createisofill('isofill_ex1') # Create isofill 'isofill_ex1' that inherits from 'default'
      File "/home/edward/anaconda2/envs/2.6-71-ga2d9061/lib/python2.7/site-packages/vcs-2.6-py2.7.egg/vcs/manageElements.py", line 312, in createisofill
        name, source = check_name_source(name, source, 'isofill')
      File "/home/edward/anaconda2/envs/2.6-71-ga2d9061/lib/python2.7/site-packages/vcs-2.6-py2.7.egg/vcs/manageElements.py", line 57, in check_name_source
        raise vcsError("Error %s object named %s already exists" % (typ, name))
    vcsError: Error isofill object named isofill_ex1 already exists
**********************************************************************
File "vcs/Canvas.rst", line 21, in manageElements_create
Failed example:
    ex2=vcs.createisofill('isofill_ex2','polar') # create 'isofill_ex2' from 'polar' template
Exception raised:
    Traceback (most recent call last):
      File "/home/edward/anaconda2/envs/2.6-71-ga2d9061/lib/python2.7/doctest.py", line 1315, in __run
        compileflags, 1) in test.globs
      File "<doctest manageElements_create[3]>", line 1, in <module>
        ex2=vcs.createisofill('isofill_ex2','polar') # create 'isofill_ex2' from 'polar' template
      File "/home/edward/anaconda2/envs/2.6-71-ga2d9061/lib/python2.7/site-packages/vcs-2.6-py2.7.egg/vcs/manageElements.py", line 312, in createisofill
        name, source = check_name_source(name, source, 'isofill')
      File "/home/edward/anaconda2/envs/2.6-71-ga2d9061/lib/python2.7/site-packages/vcs-2.6-py2.7.egg/vcs/manageElements.py", line 57, in check_name_source
        raise vcsError("Error %s object named %s already exists" % (typ, name))
    vcsError: Error isofill object named isofill_ex2 already exists
**********************************************************************
File "vcs/Canvas.rst", line 18, in manageElements_create
Failed example:
    ex=vcs.createisoline('isoline_ex1') # Create isoline 'isoline_ex1' that inherits from 'default'
Exception raised:
    Traceback (most recent call last):
      File "/home/edward/anaconda2/envs/2.6-71-ga2d9061/lib/python2.7/doctest.py", line 1315, in __run
        compileflags, 1) in test.globs
      File "<doctest manageElements_create[1]>", line 1, in <module>
        ex=vcs.createisoline('isoline_ex1') # Create isoline 'isoline_ex1' that inherits from 'default'
      File "/home/edward/anaconda2/envs/2.6-71-ga2d9061/lib/python2.7/site-packages/vcs-2.6-py2.7.egg/vcs/manageElements.py", line 368, in createisoline
        name, source = check_name_source(name, source, 'isoline')
      File "/home/edward/anaconda2/envs/2.6-71-ga2d9061/lib/python2.7/site-packages/vcs-2.6-py2.7.egg/vcs/manageElements.py", line 57, in check_name_source
        raise vcsError("Error %s object named %s already exists" % (typ, name))
    vcsError: Error isoline object named isoline_ex1 already exists
**********************************************************************
File "vcs/Canvas.rst", line 21, in manageElements_create
Failed example:
    ex2=vcs.createisoline('isoline_ex2','polar') # create 'isoline_ex2' from 'polar' template
Exception raised:
    Traceback (most recent call last):
      File "/home/edward/anaconda2/envs/2.6-71-ga2d9061/lib/python2.7/doctest.py", line 1315, in __run
        compileflags, 1) in test.globs
      File "<doctest manageElements_create[3]>", line 1, in <module>
        ex2=vcs.createisoline('isoline_ex2','polar') # create 'isoline_ex2' from 'polar' template
      File "/home/edward/anaconda2/envs/2.6-71-ga2d9061/lib/python2.7/site-packages/vcs-2.6-py2.7.egg/vcs/manageElements.py", line 368, in createisoline
        name, source = check_name_source(name, source, 'isoline')
      File "/home/edward/anaconda2/envs/2.6-71-ga2d9061/lib/python2.7/site-packages/vcs-2.6-py2.7.egg/vcs/manageElements.py", line 57, in check_name_source
        raise vcsError("Error %s object named %s already exists" % (typ, name))
    vcsError: Error isoline object named isoline_ex2 already exists
**********************************************************************
File "vcs/Canvas.rst", line 18, in manageElements_create
Failed example:
    ex=vcs.createline('line_ex1') # Create line 'line_ex1' that inherits from 'default'
Exception raised:
    Traceback (most recent call last):
      File "/home/edward/anaconda2/envs/2.6-71-ga2d9061/lib/python2.7/doctest.py", line 1315, in __run
        compileflags, 1) in test.globs
      File "<doctest manageElements_create[1]>", line 1, in <module>
        ex=vcs.createline('line_ex1') # Create line 'line_ex1' that inherits from 'default'
      File "/home/edward/anaconda2/envs/2.6-71-ga2d9061/lib/python2.7/site-packages/vcs-2.6-py2.7.egg/vcs/manageElements.py", line 744, in createline
        name, source = check_name_source(name, source, 'line')
      File "/home/edward/anaconda2/envs/2.6-71-ga2d9061/lib/python2.7/site-packages/vcs-2.6-py2.7.egg/vcs/manageElements.py", line 57, in check_name_source
        raise vcsError("Error %s object named %s already exists" % (typ, name))
    vcsError: Error line object named line_ex1 already exists
**********************************************************************
File "vcs/Canvas.rst", line 21, in manageElements_create
Failed example:
    ex2=vcs.createline('line_ex2','red') # create 'line_ex2' from 'red' template
Exception raised:
    Traceback (most recent call last):
      File "/home/edward/anaconda2/envs/2.6-71-ga2d9061/lib/python2.7/doctest.py", line 1315, in __run
        compileflags, 1) in test.globs
      File "<doctest manageElements_create[3]>", line 1, in <module>
        ex2=vcs.createline('line_ex2','red') # create 'line_ex2' from 'red' template
      File "/home/edward/anaconda2/envs/2.6-71-ga2d9061/lib/python2.7/site-packages/vcs-2.6-py2.7.egg/vcs/manageElements.py", line 744, in createline
        name, source = check_name_source(name, source, 'line')
      File "/home/edward/anaconda2/envs/2.6-71-ga2d9061/lib/python2.7/site-packages/vcs-2.6-py2.7.egg/vcs/manageElements.py", line 57, in check_name_source
        raise vcsError("Error %s object named %s already exists" % (typ, name))
    vcsError: Error line object named line_ex2 already exists
**********************************************************************
File "vcs/Canvas.rst", line 18, in manageElements_create
Failed example:
    ex=vcs.createmarker('marker_ex1') # Create marker 'marker_ex1' that inherits from 'default'
Exception raised:
    Traceback (most recent call last):
      File "/home/edward/anaconda2/envs/2.6-71-ga2d9061/lib/python2.7/doctest.py", line 1315, in __run
        compileflags, 1) in test.globs
      File "<doctest manageElements_create[1]>", line 1, in <module>
        ex=vcs.createmarker('marker_ex1') # Create marker 'marker_ex1' that inherits from 'default'
      File "/home/edward/anaconda2/envs/2.6-71-ga2d9061/lib/python2.7/site-packages/vcs-2.6-py2.7.egg/vcs/manageElements.py", line 877, in createmarker
        name, source = check_name_source(name, source, 'marker')
      File "/home/edward/anaconda2/envs/2.6-71-ga2d9061/lib/python2.7/site-packages/vcs-2.6-py2.7.egg/vcs/manageElements.py", line 57, in check_name_source
        raise vcsError("Error %s object named %s already exists" % (typ, name))
    vcsError: Error marker object named marker_ex1 already exists
**********************************************************************
File "vcs/Canvas.rst", line 21, in manageElements_create
Failed example:
    ex2=vcs.createmarker('marker_ex2','red') # create 'marker_ex2' from 'red' template
Exception raised:
    Traceback (most recent call last):
      File "/home/edward/anaconda2/envs/2.6-71-ga2d9061/lib/python2.7/doctest.py", line 1315, in __run
        compileflags, 1) in test.globs
      File "<doctest manageElements_create[3]>", line 1, in <module>
        ex2=vcs.createmarker('marker_ex2','red') # create 'marker_ex2' from 'red' template
      File "/home/edward/anaconda2/envs/2.6-71-ga2d9061/lib/python2.7/site-packages/vcs-2.6-py2.7.egg/vcs/manageElements.py", line 877, in createmarker
        name, source = check_name_source(name, source, 'marker')
      File "/home/edward/anaconda2/envs/2.6-71-ga2d9061/lib/python2.7/site-packages/vcs-2.6-py2.7.egg/vcs/manageElements.py", line 57, in check_name_source
        raise vcsError("Error %s object named %s already exists" % (typ, name))
    vcsError: Error marker object named marker_ex2 already exists
**********************************************************************
File "vcs/Canvas.rst", line 18, in manageElements_create
Failed example:
    ex=vcs.createmeshfill('meshfill_ex1') # Create meshfill 'meshfill_ex1' that inherits from 'default'
Exception raised:
    Traceback (most recent call last):
      File "/home/edward/anaconda2/envs/2.6-71-ga2d9061/lib/python2.7/doctest.py", line 1315, in __run
        compileflags, 1) in test.globs
      File "<doctest manageElements_create[1]>", line 1, in <module>
        ex=vcs.createmeshfill('meshfill_ex1') # Create meshfill 'meshfill_ex1' that inherits from 'default'
      File "/home/edward/anaconda2/envs/2.6-71-ga2d9061/lib/python2.7/site-packages/vcs-2.6-py2.7.egg/vcs/manageElements.py", line 266, in createmeshfill
        name, source = check_name_source(name, source, 'meshfill')
      File "/home/edward/anaconda2/envs/2.6-71-ga2d9061/lib/python2.7/site-packages/vcs-2.6-py2.7.egg/vcs/manageElements.py", line 57, in check_name_source
        raise vcsError("Error %s object named %s already exists" % (typ, name))
    vcsError: Error meshfill object named meshfill_ex1 already exists
**********************************************************************
File "vcs/Canvas.rst", line 21, in manageElements_create
Failed example:
    ex2=vcs.createmeshfill('meshfill_ex2','a_polar_meshfill') # create 'meshfill_ex2' from 'a_polar_meshfill' template
Exception raised:
    Traceback (most recent call last):
      File "/home/edward/anaconda2/envs/2.6-71-ga2d9061/lib/python2.7/doctest.py", line 1315, in __run
        compileflags, 1) in test.globs
      File "<doctest manageElements_create[3]>", line 1, in <module>
        ex2=vcs.createmeshfill('meshfill_ex2','a_polar_meshfill') # create 'meshfill_ex2' from 'a_polar_meshfill' template
      File "/home/edward/anaconda2/envs/2.6-71-ga2d9061/lib/python2.7/site-packages/vcs-2.6-py2.7.egg/vcs/manageElements.py", line 266, in createmeshfill
        name, source = check_name_source(name, source, 'meshfill')
      File "/home/edward/anaconda2/envs/2.6-71-ga2d9061/lib/python2.7/site-packages/vcs-2.6-py2.7.egg/vcs/manageElements.py", line 57, in check_name_source
        raise vcsError("Error %s object named %s already exists" % (typ, name))
    vcsError: Error meshfill object named meshfill_ex2 already exists
**********************************************************************
File "vcs/Canvas.rst", line 18, in manageElements_create
Failed example:
    ex=vcs.createprojection('projection_ex1') # Create projection 'projection_ex1' that inherits from 'default'
Exception raised:
    Traceback (most recent call last):
      File "/home/edward/anaconda2/envs/2.6-71-ga2d9061/lib/python2.7/doctest.py", line 1315, in __run
        compileflags, 1) in test.globs
      File "<doctest manageElements_create[1]>", line 1, in <module>
        ex=vcs.createprojection('projection_ex1') # Create projection 'projection_ex1' that inherits from 'default'
      File "/home/edward/anaconda2/envs/2.6-71-ga2d9061/lib/python2.7/site-packages/vcs-2.6-py2.7.egg/vcs/manageElements.py", line 118, in createprojection
        name, source = check_name_source(name, source, 'projection')
      File "/home/edward/anaconda2/envs/2.6-71-ga2d9061/lib/python2.7/site-packages/vcs-2.6-py2.7.egg/vcs/manageElements.py", line 57, in check_name_source
        raise vcsError("Error %s object named %s already exists" % (typ, name))
    vcsError: Error projection object named projection_ex1 already exists
**********************************************************************
File "vcs/Canvas.rst", line 21, in manageElements_create
Failed example:
    ex2=vcs.createprojection('projection_ex2','polar') # create 'projection_ex2' from 'polar' template
Exception raised:
    Traceback (most recent call last):
      File "/home/edward/anaconda2/envs/2.6-71-ga2d9061/lib/python2.7/doctest.py", line 1315, in __run
        compileflags, 1) in test.globs
      File "<doctest manageElements_create[3]>", line 1, in <module>
        ex2=vcs.createprojection('projection_ex2','polar') # create 'projection_ex2' from 'polar' template
      File "/home/edward/anaconda2/envs/2.6-71-ga2d9061/lib/python2.7/site-packages/vcs-2.6-py2.7.egg/vcs/manageElements.py", line 119, in createprojection
        return projection.Proj(name, source)
      File "/home/edward/anaconda2/envs/2.6-71-ga2d9061/lib/python2.7/site-packages/vcs-2.6-py2.7.egg/vcs/projection.py", line 434, in __init__
        self.type = src.type
      File "/home/edward/anaconda2/envs/2.6-71-ga2d9061/lib/python2.7/site-packages/vcs-2.6-py2.7.egg/vcs/projection.py", line 987, in _settype
        value = VCS_validation_functions.checkProjType(self, 'type', value)
      File "/home/edward/anaconda2/envs/2.6-71-ga2d9061/lib/python2.7/site-packages/vcs-2.6-py2.7.egg/vcs/VCS_validation_functions.py", line 1467, in checkProjType
        checkedRaise(self, value, Exception, err)
      File "/home/edward/anaconda2/envs/2.6-71-ga2d9061/lib/python2.7/site-packages/vcs-2.6-py2.7.egg/vcs/VCS_validation_functions.py", line 59, in checkedRaise
        raise ex(err)
    Exception: type can either be ('linear', 'utm', 'state plane', 'albers equal area', 'lambert', 'mercator', 'polar', 'polyconic', 'equid conic a', 'transverse mercator', 'stereographic', 'lambert azimuthal', 'azimuthal', 'gnomonic', 'orthographic', 'gen. vert. near per', 'sinusoidal', 'equirectangular', 'miller', 'van der grinten', 'hotin', 'robinson', 'space oblique', 'alaska', 'interrupted goode', 'mollweide', 'interrupted mollweide', 'hammer', 'wagner iv', 'wagner vii', 'oblated') or (0, 1, 2, 3, 4, 5, 6, 7, 8, 9, 10, 11, 12, 13, 14, 15, 16, 17, 18, 19, 20, 21, 22, 23, 24, 25, 26, 27, 28, 29, 30)
**********************************************************************
File "vcs/Canvas.rst", line 22, in manageElements_create
Failed example:
    vcs.listelements('projection') # should now contain the 'projection_ex2' projection
Expected:
    [...'projection_ex2'...]
Got:
    ['default', 'lambert', 'linear', 'mercator', 'mollweide', 'orthographic', 'polar', 'polyconic', 'projection_ex1', 'robinson']
**********************************************************************
File "vcs/Canvas.rst", line 18, in manageElements_create
Failed example:
    ex=vcs.createscatter('scatter_ex1') # Create scatter 'scatter_ex1' that inherits from 'default'
Exception raised:
    Traceback (most recent call last):
      File "/home/edward/anaconda2/envs/2.6-71-ga2d9061/lib/python2.7/doctest.py", line 1315, in __run
        compileflags, 1) in test.globs
      File "<doctest manageElements_create[1]>", line 1, in <module>
        ex=vcs.createscatter('scatter_ex1') # Create scatter 'scatter_ex1' that inherits from 'default'
      File "/home/edward/anaconda2/envs/2.6-71-ga2d9061/lib/python2.7/site-packages/vcs-2.6-py2.7.egg/vcs/manageElements.py", line 666, in createscatter
        raise ve
    vcsError: Error 1d object named scatter_ex1 already exists
**********************************************************************
File "vcs/Canvas.rst", line 18, in manageElements_create
Failed example:
    ex=vcs.createtaylordiagram('taylordiagram_ex1') # Create taylordiagram 'taylordiagram_ex1' that inherits from 'default'
Exception raised:
    Traceback (most recent call last):
      File "/home/edward/anaconda2/envs/2.6-71-ga2d9061/lib/python2.7/doctest.py", line 1315, in __run
        compileflags, 1) in test.globs
      File "<doctest manageElements_create[1]>", line 1, in <module>
        ex=vcs.createtaylordiagram('taylordiagram_ex1') # Create taylordiagram 'taylordiagram_ex1' that inherits from 'default'
      File "/home/edward/anaconda2/envs/2.6-71-ga2d9061/lib/python2.7/site-packages/vcs-2.6-py2.7.egg/vcs/manageElements.py", line 214, in createtaylordiagram
        name, source = check_name_source(name, source, 'taylordiagram')
      File "/home/edward/anaconda2/envs/2.6-71-ga2d9061/lib/python2.7/site-packages/vcs-2.6-py2.7.egg/vcs/manageElements.py", line 57, in check_name_source
        raise vcsError("Error %s object named %s already exists" % (typ, name))
    vcsError: Error taylordiagram object named taylordiagram_ex1 already exists
**********************************************************************
File "vcs/Canvas.rst", line 18, in manageElements_create
Failed example:
    ex=vcs.createtemplate('template_ex1') # Create template 'template_ex1' that inherits from 'default'
Exception raised:
    Traceback (most recent call last):
      File "/home/edward/anaconda2/envs/2.6-71-ga2d9061/lib/python2.7/doctest.py", line 1315, in __run
        compileflags, 1) in test.globs
      File "<doctest manageElements_create[1]>", line 1, in <module>
        ex=vcs.createtemplate('template_ex1') # Create template 'template_ex1' that inherits from 'default'
      File "/home/edward/anaconda2/envs/2.6-71-ga2d9061/lib/python2.7/site-packages/vcs-2.6-py2.7.egg/vcs/manageElements.py", line 79, in createtemplate
        name, source = check_name_source(name, source, 'template')
      File "/home/edward/anaconda2/envs/2.6-71-ga2d9061/lib/python2.7/site-packages/vcs-2.6-py2.7.egg/vcs/manageElements.py", line 57, in check_name_source
        raise vcsError("Error %s object named %s already exists" % (typ, name))
    vcsError: Error template object named template_ex1 already exists
**********************************************************************
File "vcs/Canvas.rst", line 21, in manageElements_create
Failed example:
    ex2=vcs.createtemplate('template_ex2','polar') # create 'template_ex2' from 'polar' template
Exception raised:
    Traceback (most recent call last):
      File "/home/edward/anaconda2/envs/2.6-71-ga2d9061/lib/python2.7/doctest.py", line 1315, in __run
        compileflags, 1) in test.globs
      File "<doctest manageElements_create[3]>", line 1, in <module>
        ex2=vcs.createtemplate('template_ex2','polar') # create 'template_ex2' from 'polar' template
      File "/home/edward/anaconda2/envs/2.6-71-ga2d9061/lib/python2.7/site-packages/vcs-2.6-py2.7.egg/vcs/manageElements.py", line 79, in createtemplate
        name, source = check_name_source(name, source, 'template')
      File "/home/edward/anaconda2/envs/2.6-71-ga2d9061/lib/python2.7/site-packages/vcs-2.6-py2.7.egg/vcs/manageElements.py", line 57, in check_name_source
        raise vcsError("Error %s object named %s already exists" % (typ, name))
    vcsError: Error template object named template_ex2 already exists
**********************************************************************
File "vcs/Canvas.rst", line 18, in manageElements_create
Failed example:
    a.createtextcombined('EXAMPLE_tt', 'qa', 'EXAMPLE_tto', '7left') # Create 'EXAMPLE_tt' and 'EXAMPLE_tto'
Exception raised:
    Traceback (most recent call last):
      File "/home/edward/anaconda2/envs/2.6-71-ga2d9061/lib/python2.7/doctest.py", line 1315, in __run
        compileflags, 1) in test.globs
      File "<doctest manageElements_create[1]>", line 1, in <module>
        a.createtextcombined('EXAMPLE_tt', 'qa', 'EXAMPLE_tto', '7left') # Create 'EXAMPLE_tt' and 'EXAMPLE_tto'
    NameError: name 'a' is not defined
**********************************************************************
File "vcs/Canvas.rst", line 20, in manageElements_create
Failed example:
    vcs.listelements('textcombined') # should now contain the 'qa_tt:::left_tto' textcombined
Expected:
    [...'qa_tt:::left_tto'...]
Got:
    ['__texttable_105428135214588:::__textorientation_233741925909322', '__texttable_111586150524566:::__textorientation_493437008255392', '__texttable_113160428442170:::__textorientation_457440564173394', '__texttable_114280464926181:::__textorientation_611708765215247', '__texttable_119408238305689:::__textorientation_427431878112124', '__texttable_12029872581412:::__textorientation_61820065288628', '__texttable_123184832654971:::__textorientation_116838713056181', '__texttable_129757542393085:::__textorientation_155205293626162', '__texttable_130761756636581:::__textorientation_120562559668732', '__texttable_132511364985968:::__textorientation_724026258524600', '__texttable_133811386263249:::__textorientation_453510051915962', '__texttable_137619583157886:::__textorientation_1684074550297', '__texttable_143265902513778:::__textorientation_613213590429448', '__texttable_145344838587839:::__textorientation_262386790891210', '__texttable_146647625594746:::__textorientation_952531910509110', '__texttable_148033194965210:::__textorientation_858774372516965', '__texttable_152561352317501:::__textorientation_330682546539520', '__texttable_153885999506636:::__textorientation_361395636775430', '__texttable_15630112568475:::__textorientation_586653624913135', '__texttable_157760735244028:::__textorientation_125711042063977', '__texttable_159138974317747:::__textorientation_565211729562990', '__texttable_160293353121553:::__textorientation_909396155178605', '__texttable_161082618564953:::__textorientation_532164457633894', '__texttable_161158551580406:::__textorientation_656458184591119', '__texttable_162248290755651:::__textorientation_943165308826706', '__texttable_164977987613381:::__textorientation_472046128055683', '__texttable_167130134277584:::__textorientation_422027859618375', '__texttable_17218609169889:::__textorientation_158763513133323', '__texttable_17323027403564:::__textorientation_204194103707427', '__texttable_186565968729423:::__textorientation_199131051965213', '__texttable_194818673550061:::__textorientation_609821953780501', '__texttable_198729965418131:::__textorientation_859556207337714', '__texttable_208655314786808:::__textorientation_678067618893164', '__texttable_209180326843514:::__textorientation_119336416460966', '__texttable_213695809961605:::__textorientation_508978570190786', '__texttable_214757916811193:::__textorientation_222973052893938', '__texttable_22126199547029:::__textorientation_625565527764722', '__texttable_221891492468685:::__textorientation_456126636307219', '__texttable_224549765113078:::__textorientation_925523182441963', '__texttable_237249026597961:::__textorientation_168631504805972', '__texttable_241654594524222:::__textorientation_574636282637034', '__texttable_241787512379137:::__textorientation_864912685169879', '__texttable_244401939502697:::__textorientation_121445498166840', '__texttable_248795466574232:::__textorientation_541319402906769', '__texttable_249182445735940:::__textorientation_966725796299995', '__texttable_250077181847322:::__textorientation_251202720155284', '__texttable_250077992796751:::__textorientation_516257823948565', '__texttable_251315503008225:::__textorientation_119245627145937', '__texttable_253002725280996:::__textorientation_546946956799938', '__texttable_253435814946243:::__textorientation_231816838245221', '__texttable_259327297533133:::__textorientation_487010987682251', '__texttable_260347348947008:::__textorientation_436347799728183', '__texttable_262720091439314:::__textorientation_767550090588177', '__texttable_26723443670738:::__textorientation_642452690426137', '__texttable_276716798634542:::__textorientation_814566488692251', '__texttable_283831335091884:::__textorientation_325782574540476', '__texttable_287696416132435:::__textorientation_625930335328307', '__texttable_291420238649348:::__textorientation_243435203666754', '__texttable_2927753255218:::__textorientation_408602871207175', '__texttable_292840832238870:::__textorientation_176695489142682', '__texttable_295621479996318:::__textorientation_678638778505188', '__texttable_29612353228371:::__textorientation_132163620798600', '__texttable_301871216573641:::__textorientation_163571999693707', '__texttable_3045649350477:::__textorientation_199823569631059', '__texttable_305779207086168:::__textorientation_580677076092319', '__texttable_314960155765780:::__textorientation_686351950701368', '__texttable_319950904866156:::__textorientation_217150905381613', '__texttable_322347864880152:::__textorientation_564612389129692', '__texttable_322584114150474:::__textorientation_284988467518243', '__texttable_32458362437085:::__textorientation_59006545723115', '__texttable_328079989095999:::__textorientation_884792787944954', '__texttable_329666659120210:::__textorientation_554162268904944', '__texttable_329900416283076:::__textorientation_167296834007982', '__texttable_330561077374216:::__textorientation_322371042415887', '__texttable_337465529786057:::__textorientation_611130983313854', '__texttable_339133715202142:::__textorientation_931287810890773', '__texttable_339684516785235:::__textorientation_567479184008902', '__texttable_340893361943727:::__textorientation_922975766491385', '__texttable_342103527562327:::__textorientation_118596699250526', '__texttable_343477342992610:::__textorientation_272929564927129', '__texttable_344785332854742:::__textorientation_489107695061089', '__texttable_345173497841704:::__textorientation_165944100206984', '__texttable_3469000320834:::__textorientation_551787010556578', '__texttable_352812312393093:::__textorientation_580241999535632', '__texttable_353547443319510:::__textorientation_613082190361598', '__texttable_354752827157996:::__textorientation_365426330265187', '__texttable_354816530631118:::__textorientation_937205921395134', '__texttable_360079011688646:::__textorientation_508452215170733', '__texttable_361364463769192:::__textorientation_943585071692988', '__texttable_362309661028851:::__textorientation_882964107940658', '__texttable_364312216074763:::__textorientation_231100103610175', '__texttable_365590262240458:::__textorientation_812761835323589', '__texttable_369986183836062:::__textorientation_347431079034840', '__texttable_370558233303755:::__textorientation_599420723873316', '__texttable_371635284249392:::__textorientation_617184686524434', '__texttable_373978592321848:::__textorientation_878458259529803', '__texttable_377220291971140:::__textorientation_845863905958076', '__texttable_377389191157713:::__textorientation_394412131438169', '__texttable_382052662540654:::__textorientation_430546685693535', '__texttable_38213545637086:::__textorientation_387511452928140', '__texttable_384141149925429:::__textorientation_524423473191165', '__texttable_389072595295769:::__textorientation_841065790651148', '__texttable_402768550402668:::__textorientation_913723690108038', '__texttable_415248296668440:::__textorientation_798127358856600', '__texttable_415293023522079:::__textorientation_563352608197664', '__texttable_415464010735838:::__textorientation_707532092439628', '__texttable_425554292710337:::__textorientation_986263619271314', '__texttable_427844940196465:::__textorientation_821589417770357', '__texttable_428530434093381:::__textorientation_774827841325464', '__texttable_428534504156086:::__textorientation_931736090735812', '__texttable_434748211539921:::__textorientation_891555132169165', '__texttable_435125906219003:::__textorientation_183558495221422', '__texttable_438581081061254:::__textorientation_373957946886560', '__texttable_441671617893681:::__textorientation_289174059316638', '__texttable_441954353279091:::__textorientation_430000686244259', '__texttable_442868235065796:::__textorientation_596254691213963', '__texttable_449849146914126:::__textorientation_711443310881305', '__texttable_452773531448414:::__textorientation_617425844559160', '__texttable_45497638131178:::__textorientation_565878719644458', '__texttable_457203592880595:::__textorientation_164972323824870', '__texttable_464111619318747:::__textorientation_359076816724670', '__texttable_465245502252757:::__textorientation_14514624479302', '__texttable_466050345238399:::__textorientation_445032980278967', '__texttable_468635770398523:::__textorientation_349810008149647', '__texttable_470012947202377:::__textorientation_859582047167043', '__texttable_470228276090421:::__textorientation_836903658258470', '__texttable_471591896382549:::__textorientation_659482219513984', '__texttable_474025530070419:::__textorientation_971706578640823', '__texttable_474560088809261:::__textorientation_426066082702554', '__texttable_477561327301899:::__textorientation_954759648631334', '__texttable_481928484947001:::__textorientation_460562334332529', '__texttable_482560316924624:::__textorientation_694971538494659', '__texttable_495158355531203:::__textorientation_525511499033472', '__texttable_49650724503757:::__textorientation_925626201725308', '__texttable_496888756877820:::__textorientation_371690066699490', '__texttable_500127029296590:::__textorientation_761599684010864', '__texttable_500625808799948:::__textorientation_495215805896402', '__texttable_501972347621745:::__textorientation_897713581479408', '__texttable_5044248515238:::__textorientation_353742044072831', '__texttable_505405530529571:::__textorientation_773989138137853', '__texttable_509040911708664:::__textorientation_65554675811287', '__texttable_510993279080819:::__textorientation_386974207724959', '__texttable_511795662301034:::__textorientation_200274624463351', '__texttable_519601302439500:::__textorientation_926674163277092', '__texttable_52693555458143:::__textorientation_870393923701095', '__texttable_52897835523142:::__textorientation_308114086094644', '__texttable_529911816045044:::__textorientation_825843093990699', '__texttable_532372786809035:::__textorientation_246533559018527', '__texttable_534911562140598:::__textorientation_72147505971448', '__texttable_541179207795355:::__textorientation_840702509703257', '__texttable_542049474945016:::__textorientation_539802720449482', '__texttable_545732820670446:::__textorientation_237032102452243', '__texttable_546827660577607:::__textorientation_991623697599936', '__texttable_547782632043473:::__textorientation_142724842250882', '__texttable_558316603372405:::__textorientation_214179854750534', '__texttable_558747457872353:::__textorientation_615569664453658', '__texttable_563257830980747:::__textorientation_592967876762634', '__texttable_567432803374799:::__textorientation_509472286585494', '__texttable_569425812604332:::__textorientation_864639946201371', '__texttable_57075269089529:::__textorientation_990694140819499', '__texttable_571595601978446:::__textorientation_855883425929212', '__texttable_573880865034478:::__textorientation_792855965132382', '__texttable_579150706606794:::__textorientation_585419854596832', '__texttable_582976636021464:::__textorientation_513551447775554', '__texttable_5840364907405:::__textorientation_741506026497753', '__texttable_585239149973593:::__textorientation_160240068490100', '__texttable_589255973673573:::__textorientation_345866234211886', '__texttable_597946183177702:::__textorientation_642122032770466', '__texttable_598317632477248:::__textorientation_374808177796569', '__texttable_600840530038522:::__textorientation_608020303801137', '__texttable_602828989075520:::__textorientation_403674360688511', '__texttable_606982387631529:::__textorientation_757935357286847', '__texttable_609613974609320:::__textorientation_16628210959923', '__texttable_616168481983800:::__textorientation_520130487426894', '__texttable_61861166573734:::__textorientation_826777018785686', '__texttable_622064999193709:::__textorientation_50710398409476', '__texttable_62844692185827:::__textorientation_814216549253051', '__texttable_631142690358865:::__textorientation_623625045252936', '__texttable_63373827597049:::__textorientation_979757146962359', '__texttable_635168337928397:::__textorientation_500491577913537', '__texttable_637019206789314:::__textorientation_959670091685221', '__texttable_637412271930952:::__textorientation_723358991981451', '__texttable_640451804903072:::__textorientation_269470159235432', '__texttable_64403059900350:::__textorientation_138245399531887', '__texttable_6447320958936:::__textorientation_57468257275091', '__texttable_644915740964661:::__textorientation_356669850738206', '__texttable_64549591610177:::__textorientation_170020593274383', '__texttable_646060176863051:::__textorientation_763024991097663', '__texttable_647360463697040:::__textorientation_220894211815940', '__texttable_657676222624518:::__textorientation_967757051370212', '__texttable_657711021389040:::__textorientation_787852622053591', '__texttable_658281501220434:::__textorientation_509490190768578', '__texttable_672330102952655:::__textorientation_638322908079558', '__texttable_673085206086777:::__textorientation_325257414349049', '__texttable_674627656965925:::__textorientation_598293697812348', '__texttable_677219333257846:::__textorientation_977258177564910', '__texttable_681996996170869:::__textorientation_354761646523554', '__texttable_687470804158317:::__textorientation_617697291054267', '__texttable_688781724687049:::__textorientation_987633582525859', '__texttable_691555592225923:::__textorientation_16768176089870', '__texttable_692471432602659:::__textorientation_484112949250529', '__texttable_69299012537172:::__textorientation_622812601115182', '__texttable_698889914496983:::__textorientation_771672644699066', '__texttable_701117230522055:::__textorientation_154564239764047', '__texttable_702238794967854:::__textorientation_541603441536603', '__texttable_708951692823544:::__textorientation_63710073887451', '__texttable_711909152747991:::__textorientation_244433766507076', '__texttable_713319056853252:::__textorientation_822495270637964', '__texttable_716885181630022:::__textorientation_832918568843180', '__texttable_721156862903617:::__textorientation_177309568393748', '__texttable_725059593351716:::__textorientation_394661824307528', '__texttable_725888612168600:::__textorientation_491815777947148', '__texttable_725991839363032:::__textorientation_506951758306351', '__texttable_729256851489686:::__textorientation_114441848835834', '__texttable_736062701690219:::__textorientation_408022596498653', '__texttable_737231017035399:::__textorientation_623278041295101', '__texttable_738710357598627:::__textorientation_367434058222121', '__texttable_740250099426514:::__textorientation_672170446785731', '__texttable_740908715904132:::__textorientation_949490569602122', '__texttable_741449557992213:::__textorientation_215818645111072', '__texttable_744976752026176:::__textorientation_779965685100709', '__texttable_747357805637467:::__textorientation_181834505021395', '__texttable_752528336995456:::__textorientation_991873613841114', '__texttable_75510365290657:::__textorientation_4489353631770', '__texttable_755435532966601:::__textorientation_679621831210078', '__texttable_773471182220477:::__textorientation_29346204889648', '__texttable_777488868072137:::__textorientation_261167361141239', '__texttable_78241637488693:::__textorientation_43405460350529', '__texttable_783613993825703:::__textorientation_727797687800676', '__texttable_784339295946654:::__textorientation_892519440900711', '__texttable_785756576783502:::__textorientation_75701271741715', '__texttable_787217258133561:::__textorientation_910243672391243', '__texttable_788041182456278:::__textorientation_753323394503131', '__texttable_790576496089283:::__textorientation_648919188580120', '__texttable_794291216931550:::__textorientation_901182575786587', '__texttable_79542982460393:::__textorientation_735147034917170', '__texttable_799890302219949:::__textorientation_124608915925603', '__texttable_802405195804004:::__textorientation_707419229982960', '__texttable_803469647856812:::__textorientation_676297147232043', '__texttable_803709051709599:::__textorientation_412949569977581', '__texttable_80391504402279:::__textorientation_562262396681754', '__texttable_812481796806158:::__textorientation_23200932315043', '__texttable_813595707262974:::__textorientation_9443298486060', '__texttable_815202268130979:::__textorientation_975273942048019', '__texttable_817194923233334:::__textorientation_783045534132258', '__texttable_821496172029083:::__textorientation_240693959896732', '__texttable_824411223266839:::__textorientation_324665683261578', '__texttable_82717745838168:::__textorientation_13271644720464', '__texttable_82852830198732:::__textorientation_302546508017202', '__texttable_832079815335505:::__textorientation_692524825983201', '__texttable_833984426973890:::__textorientation_529608159297162', '__texttable_844649155289172:::__textorientation_823562193978437', '__texttable_855454293475159:::__textorientation_803431840388106', '__texttable_856245725890157:::__textorientation_99933125530280', '__texttable_856489355379038:::__textorientation_724300874825181', '__texttable_858654621377229:::__textorientation_720075046139883', '__texttable_862696751233463:::__textorientation_750434008591979', '__texttable_863664455723333:::__textorientation_359112369164732', '__texttable_867598901282794:::__textorientation_24698244912344', '__texttable_869735952425517:::__textorientation_217793775706649', '__texttable_871181067697414:::__textorientation_955584972847437', '__texttable_879049222768975:::__textorientation_582858988374430', '__texttable_883982653091862:::__textorientation_92096209346362', '__texttable_887692148477080:::__textorientation_645957816339651', '__texttable_890129147957860:::__textorientation_15208316442040', '__texttable_891193186442052:::__textorientation_923259461941228', '__texttable_893841606095980:::__textorientation_214107466873284', '__texttable_895708380583228:::__textorientation_266652053328923', '__texttable_896148382193730:::__textorientation_322127229158726', '__texttable_898288447815418:::__textorientation_921438931902136', '__texttable_900634263974291:::__textorientation_238572282621248', '__texttable_901239879865880:::__textorientation_757688930472309', '__texttable_903644158810424:::__textorientation_585301749879661', '__texttable_907023738940862:::__textorientation_183829558996479', '__texttable_909440967344315:::__textorientation_264295219011513', '__texttable_914112607418360:::__textorientation_751972070290639', '__texttable_919207382550062:::__textorientation_227569228091567', '__texttable_920273334843561:::__textorientation_418806730417021', '__texttable_925342707381856:::__textorientation_19090104938581', '__texttable_93441376049184:::__textorientation_678637757777064', '__texttable_936639461768513:::__textorientation_352309266500613', '__texttable_939204648534673:::__textorientation_320020064201013', '__texttable_943165151807726:::__textorientation_347156895270338', '__texttable_945380603949066:::__textorientation_229035729978809', '__texttable_947975104287704:::__textorientation_469564327151785', '__texttable_950521184634205:::__textorientation_571777655155712', '__texttable_951439365235478:::__textorientation_730450624019337', '__texttable_958475122689149:::__textorientation_928463859535700', '__texttable_959172284684055:::__textorientation_650386751464309', '__texttable_959992686161197:::__textorientation_77234859752378', '__texttable_964891594610529:::__textorientation_656198400742818', '__texttable_967118253337470:::__textorientation_640071605657365', '__texttable_967186655638892:::__textorientation_262060256479249', '__texttable_968313224535182:::__textorientation_919977727563845', '__texttable_969015677197162:::__textorientation_193667400812627', '__texttable_971475848180748:::__textorientation_356503950706176', '__texttable_972732678114255:::__textorientation_792834281677598', '__texttable_973123842517381:::__textorientation_789484326008189', '__texttable_973974931989887:::__textorientation_253200011299949', '__texttable_974806576433109:::__textorientation_778577012627575', '__texttable_978800989947414:::__textorientation_73011430050286', '__texttable_983463858903487:::__textorientation_172287924576927', '__texttable_985541611848345:::__textorientation_907125183946357', '__texttable_987282765772334:::__textorientation_761761131432162', '__texttable_992355947588327:::__textorientation_491943800183383', '__texttable_995350295941325:::__textorientation_915266738790443', 'cor_156:::cor_156', 'cor_157:::cor_157', 'cor_158:::cor_158', 'cor_159:::cor_159', 'cor_160:::cor_160', 'cor_161:::cor_161', 'cor_162:::cor_162', 'cor_163:::cor_163', 'cor_164:::cor_164', 'cor_165:::cor_165', 'cor_166:::cor_166', 'cor_167:::cor_167', 'cor__13:::cor__13', 'stax13:::stax13', 'tc213:::tc213', 'tic13:::tic13', 'xstax13:::xstax13']
**********************************************************************
File "vcs/Canvas.rst", line 18, in manageElements_create
Failed example:
    a.createtextcombined('EXAMPLE_tt', 'qa', 'EXAMPLE_tto', '7left') # Create 'EXAMPLE_tt' and 'EXAMPLE_tto'
Exception raised:
    Traceback (most recent call last):
      File "/home/edward/anaconda2/envs/2.6-71-ga2d9061/lib/python2.7/doctest.py", line 1315, in __run
        compileflags, 1) in test.globs
      File "<doctest manageElements_create[1]>", line 1, in <module>
        a.createtextcombined('EXAMPLE_tt', 'qa', 'EXAMPLE_tto', '7left') # Create 'EXAMPLE_tt' and 'EXAMPLE_tto'
    NameError: name 'a' is not defined
**********************************************************************
File "vcs/Canvas.rst", line 20, in manageElements_create
Failed example:
    vcs.listelements('textcombined') # should now contain the 'qa_tt:::left_tto' textcombined
Expected:
    [...'qa_tt:::left_tto'...]
Got:
    ['__texttable_105428135214588:::__textorientation_233741925909322', '__texttable_111586150524566:::__textorientation_493437008255392', '__texttable_113160428442170:::__textorientation_457440564173394', '__texttable_114280464926181:::__textorientation_611708765215247', '__texttable_119408238305689:::__textorientation_427431878112124', '__texttable_12029872581412:::__textorientation_61820065288628', '__texttable_123184832654971:::__textorientation_116838713056181', '__texttable_129757542393085:::__textorientation_155205293626162', '__texttable_130761756636581:::__textorientation_120562559668732', '__texttable_132511364985968:::__textorientation_724026258524600', '__texttable_133811386263249:::__textorientation_453510051915962', '__texttable_137619583157886:::__textorientation_1684074550297', '__texttable_143265902513778:::__textorientation_613213590429448', '__texttable_145344838587839:::__textorientation_262386790891210', '__texttable_146647625594746:::__textorientation_952531910509110', '__texttable_148033194965210:::__textorientation_858774372516965', '__texttable_152561352317501:::__textorientation_330682546539520', '__texttable_153885999506636:::__textorientation_361395636775430', '__texttable_15630112568475:::__textorientation_586653624913135', '__texttable_157760735244028:::__textorientation_125711042063977', '__texttable_159138974317747:::__textorientation_565211729562990', '__texttable_160293353121553:::__textorientation_909396155178605', '__texttable_161082618564953:::__textorientation_532164457633894', '__texttable_161158551580406:::__textorientation_656458184591119', '__texttable_162248290755651:::__textorientation_943165308826706', '__texttable_164977987613381:::__textorientation_472046128055683', '__texttable_167130134277584:::__textorientation_422027859618375', '__texttable_17218609169889:::__textorientation_158763513133323', '__texttable_17323027403564:::__textorientation_204194103707427', '__texttable_186565968729423:::__textorientation_199131051965213', '__texttable_194818673550061:::__textorientation_609821953780501', '__texttable_198729965418131:::__textorientation_859556207337714', '__texttable_208655314786808:::__textorientation_678067618893164', '__texttable_209180326843514:::__textorientation_119336416460966', '__texttable_213695809961605:::__textorientation_508978570190786', '__texttable_214757916811193:::__textorientation_222973052893938', '__texttable_22126199547029:::__textorientation_625565527764722', '__texttable_221891492468685:::__textorientation_456126636307219', '__texttable_224549765113078:::__textorientation_925523182441963', '__texttable_237249026597961:::__textorientation_168631504805972', '__texttable_241654594524222:::__textorientation_574636282637034', '__texttable_241787512379137:::__textorientation_864912685169879', '__texttable_244401939502697:::__textorientation_121445498166840', '__texttable_248795466574232:::__textorientation_541319402906769', '__texttable_249182445735940:::__textorientation_966725796299995', '__texttable_250077181847322:::__textorientation_251202720155284', '__texttable_250077992796751:::__textorientation_516257823948565', '__texttable_251315503008225:::__textorientation_119245627145937', '__texttable_253002725280996:::__textorientation_546946956799938', '__texttable_253435814946243:::__textorientation_231816838245221', '__texttable_259327297533133:::__textorientation_487010987682251', '__texttable_260347348947008:::__textorientation_436347799728183', '__texttable_262720091439314:::__textorientation_767550090588177', '__texttable_26723443670738:::__textorientation_642452690426137', '__texttable_276716798634542:::__textorientation_814566488692251', '__texttable_283831335091884:::__textorientation_325782574540476', '__texttable_287696416132435:::__textorientation_625930335328307', '__texttable_291420238649348:::__textorientation_243435203666754', '__texttable_2927753255218:::__textorientation_408602871207175', '__texttable_292840832238870:::__textorientation_176695489142682', '__texttable_295621479996318:::__textorientation_678638778505188', '__texttable_29612353228371:::__textorientation_132163620798600', '__texttable_301871216573641:::__textorientation_163571999693707', '__texttable_3045649350477:::__textorientation_199823569631059', '__texttable_305779207086168:::__textorientation_580677076092319', '__texttable_314960155765780:::__textorientation_686351950701368', '__texttable_319950904866156:::__textorientation_217150905381613', '__texttable_322347864880152:::__textorientation_564612389129692', '__texttable_322584114150474:::__textorientation_284988467518243', '__texttable_32458362437085:::__textorientation_59006545723115', '__texttable_328079989095999:::__textorientation_884792787944954', '__texttable_329666659120210:::__textorientation_554162268904944', '__texttable_329900416283076:::__textorientation_167296834007982', '__texttable_330561077374216:::__textorientation_322371042415887', '__texttable_337465529786057:::__textorientation_611130983313854', '__texttable_339133715202142:::__textorientation_931287810890773', '__texttable_339684516785235:::__textorientation_567479184008902', '__texttable_340893361943727:::__textorientation_922975766491385', '__texttable_342103527562327:::__textorientation_118596699250526', '__texttable_343477342992610:::__textorientation_272929564927129', '__texttable_344785332854742:::__textorientation_489107695061089', '__texttable_345173497841704:::__textorientation_165944100206984', '__texttable_3469000320834:::__textorientation_551787010556578', '__texttable_352812312393093:::__textorientation_580241999535632', '__texttable_353547443319510:::__textorientation_613082190361598', '__texttable_354752827157996:::__textorientation_365426330265187', '__texttable_354816530631118:::__textorientation_937205921395134', '__texttable_360079011688646:::__textorientation_508452215170733', '__texttable_361364463769192:::__textorientation_943585071692988', '__texttable_362309661028851:::__textorientation_882964107940658', '__texttable_364312216074763:::__textorientation_231100103610175', '__texttable_365590262240458:::__textorientation_812761835323589', '__texttable_369986183836062:::__textorientation_347431079034840', '__texttable_370558233303755:::__textorientation_599420723873316', '__texttable_371635284249392:::__textorientation_617184686524434', '__texttable_373978592321848:::__textorientation_878458259529803', '__texttable_377220291971140:::__textorientation_845863905958076', '__texttable_377389191157713:::__textorientation_394412131438169', '__texttable_382052662540654:::__textorientation_430546685693535', '__texttable_38213545637086:::__textorientation_387511452928140', '__texttable_384141149925429:::__textorientation_524423473191165', '__texttable_389072595295769:::__textorientation_841065790651148', '__texttable_402768550402668:::__textorientation_913723690108038', '__texttable_415248296668440:::__textorientation_798127358856600', '__texttable_415293023522079:::__textorientation_563352608197664', '__texttable_415464010735838:::__textorientation_707532092439628', '__texttable_425554292710337:::__textorientation_986263619271314', '__texttable_427844940196465:::__textorientation_821589417770357', '__texttable_428530434093381:::__textorientation_774827841325464', '__texttable_428534504156086:::__textorientation_931736090735812', '__texttable_434748211539921:::__textorientation_891555132169165', '__texttable_435125906219003:::__textorientation_183558495221422', '__texttable_438581081061254:::__textorientation_373957946886560', '__texttable_441671617893681:::__textorientation_289174059316638', '__texttable_441954353279091:::__textorientation_430000686244259', '__texttable_442868235065796:::__textorientation_596254691213963', '__texttable_449849146914126:::__textorientation_711443310881305', '__texttable_452773531448414:::__textorientation_617425844559160', '__texttable_45497638131178:::__textorientation_565878719644458', '__texttable_457203592880595:::__textorientation_164972323824870', '__texttable_464111619318747:::__textorientation_359076816724670', '__texttable_465245502252757:::__textorientation_14514624479302', '__texttable_466050345238399:::__textorientation_445032980278967', '__texttable_468635770398523:::__textorientation_349810008149647', '__texttable_470012947202377:::__textorientation_859582047167043', '__texttable_470228276090421:::__textorientation_836903658258470', '__texttable_471591896382549:::__textorientation_659482219513984', '__texttable_474025530070419:::__textorientation_971706578640823', '__texttable_474560088809261:::__textorientation_426066082702554', '__texttable_477561327301899:::__textorientation_954759648631334', '__texttable_481928484947001:::__textorientation_460562334332529', '__texttable_482560316924624:::__textorientation_694971538494659', '__texttable_495158355531203:::__textorientation_525511499033472', '__texttable_49650724503757:::__textorientation_925626201725308', '__texttable_496888756877820:::__textorientation_371690066699490', '__texttable_500127029296590:::__textorientation_761599684010864', '__texttable_500625808799948:::__textorientation_495215805896402', '__texttable_501972347621745:::__textorientation_897713581479408', '__texttable_5044248515238:::__textorientation_353742044072831', '__texttable_505405530529571:::__textorientation_773989138137853', '__texttable_509040911708664:::__textorientation_65554675811287', '__texttable_510993279080819:::__textorientation_386974207724959', '__texttable_511795662301034:::__textorientation_200274624463351', '__texttable_519601302439500:::__textorientation_926674163277092', '__texttable_52693555458143:::__textorientation_870393923701095', '__texttable_52897835523142:::__textorientation_308114086094644', '__texttable_529911816045044:::__textorientation_825843093990699', '__texttable_532372786809035:::__textorientation_246533559018527', '__texttable_534911562140598:::__textorientation_72147505971448', '__texttable_541179207795355:::__textorientation_840702509703257', '__texttable_542049474945016:::__textorientation_539802720449482', '__texttable_545732820670446:::__textorientation_237032102452243', '__texttable_546827660577607:::__textorientation_991623697599936', '__texttable_547782632043473:::__textorientation_142724842250882', '__texttable_558316603372405:::__textorientation_214179854750534', '__texttable_558747457872353:::__textorientation_615569664453658', '__texttable_563257830980747:::__textorientation_592967876762634', '__texttable_567432803374799:::__textorientation_509472286585494', '__texttable_569425812604332:::__textorientation_864639946201371', '__texttable_57075269089529:::__textorientation_990694140819499', '__texttable_571595601978446:::__textorientation_855883425929212', '__texttable_573880865034478:::__textorientation_792855965132382', '__texttable_579150706606794:::__textorientation_585419854596832', '__texttable_582976636021464:::__textorientation_513551447775554', '__texttable_5840364907405:::__textorientation_741506026497753', '__texttable_585239149973593:::__textorientation_160240068490100', '__texttable_589255973673573:::__textorientation_345866234211886', '__texttable_597946183177702:::__textorientation_642122032770466', '__texttable_598317632477248:::__textorientation_374808177796569', '__texttable_600840530038522:::__textorientation_608020303801137', '__texttable_602828989075520:::__textorientation_403674360688511', '__texttable_606982387631529:::__textorientation_757935357286847', '__texttable_609613974609320:::__textorientation_16628210959923', '__texttable_616168481983800:::__textorientation_520130487426894', '__texttable_61861166573734:::__textorientation_826777018785686', '__texttable_622064999193709:::__textorientation_50710398409476', '__texttable_62844692185827:::__textorientation_814216549253051', '__texttable_631142690358865:::__textorientation_623625045252936', '__texttable_63373827597049:::__textorientation_979757146962359', '__texttable_635168337928397:::__textorientation_500491577913537', '__texttable_637019206789314:::__textorientation_959670091685221', '__texttable_637412271930952:::__textorientation_723358991981451', '__texttable_640451804903072:::__textorientation_269470159235432', '__texttable_64403059900350:::__textorientation_138245399531887', '__texttable_6447320958936:::__textorientation_57468257275091', '__texttable_644915740964661:::__textorientation_356669850738206', '__texttable_64549591610177:::__textorientation_170020593274383', '__texttable_646060176863051:::__textorientation_763024991097663', '__texttable_647360463697040:::__textorientation_220894211815940', '__texttable_657676222624518:::__textorientation_967757051370212', '__texttable_657711021389040:::__textorientation_787852622053591', '__texttable_658281501220434:::__textorientation_509490190768578', '__texttable_672330102952655:::__textorientation_638322908079558', '__texttable_673085206086777:::__textorientation_325257414349049', '__texttable_674627656965925:::__textorientation_598293697812348', '__texttable_677219333257846:::__textorientation_977258177564910', '__texttable_681996996170869:::__textorientation_354761646523554', '__texttable_687470804158317:::__textorientation_617697291054267', '__texttable_688781724687049:::__textorientation_987633582525859', '__texttable_691555592225923:::__textorientation_16768176089870', '__texttable_692471432602659:::__textorientation_484112949250529', '__texttable_69299012537172:::__textorientation_622812601115182', '__texttable_698889914496983:::__textorientation_771672644699066', '__texttable_701117230522055:::__textorientation_154564239764047', '__texttable_702238794967854:::__textorientation_541603441536603', '__texttable_708951692823544:::__textorientation_63710073887451', '__texttable_711909152747991:::__textorientation_244433766507076', '__texttable_713319056853252:::__textorientation_822495270637964', '__texttable_716885181630022:::__textorientation_832918568843180', '__texttable_721156862903617:::__textorientation_177309568393748', '__texttable_725059593351716:::__textorientation_394661824307528', '__texttable_725888612168600:::__textorientation_491815777947148', '__texttable_725991839363032:::__textorientation_506951758306351', '__texttable_729256851489686:::__textorientation_114441848835834', '__texttable_736062701690219:::__textorientation_408022596498653', '__texttable_737231017035399:::__textorientation_623278041295101', '__texttable_738710357598627:::__textorientation_367434058222121', '__texttable_740250099426514:::__textorientation_672170446785731', '__texttable_740908715904132:::__textorientation_949490569602122', '__texttable_741449557992213:::__textorientation_215818645111072', '__texttable_744976752026176:::__textorientation_779965685100709', '__texttable_747357805637467:::__textorientation_181834505021395', '__texttable_752528336995456:::__textorientation_991873613841114', '__texttable_75510365290657:::__textorientation_4489353631770', '__texttable_755435532966601:::__textorientation_679621831210078', '__texttable_773471182220477:::__textorientation_29346204889648', '__texttable_777488868072137:::__textorientation_261167361141239', '__texttable_78241637488693:::__textorientation_43405460350529', '__texttable_783613993825703:::__textorientation_727797687800676', '__texttable_784339295946654:::__textorientation_892519440900711', '__texttable_785756576783502:::__textorientation_75701271741715', '__texttable_787217258133561:::__textorientation_910243672391243', '__texttable_788041182456278:::__textorientation_753323394503131', '__texttable_790576496089283:::__textorientation_648919188580120', '__texttable_794291216931550:::__textorientation_901182575786587', '__texttable_79542982460393:::__textorientation_735147034917170', '__texttable_799890302219949:::__textorientation_124608915925603', '__texttable_802405195804004:::__textorientation_707419229982960', '__texttable_803469647856812:::__textorientation_676297147232043', '__texttable_803709051709599:::__textorientation_412949569977581', '__texttable_80391504402279:::__textorientation_562262396681754', '__texttable_812481796806158:::__textorientation_23200932315043', '__texttable_813595707262974:::__textorientation_9443298486060', '__texttable_815202268130979:::__textorientation_975273942048019', '__texttable_817194923233334:::__textorientation_783045534132258', '__texttable_821496172029083:::__textorientation_240693959896732', '__texttable_824411223266839:::__textorientation_324665683261578', '__texttable_82717745838168:::__textorientation_13271644720464', '__texttable_82852830198732:::__textorientation_302546508017202', '__texttable_832079815335505:::__textorientation_692524825983201', '__texttable_833984426973890:::__textorientation_529608159297162', '__texttable_844649155289172:::__textorientation_823562193978437', '__texttable_855454293475159:::__textorientation_803431840388106', '__texttable_856245725890157:::__textorientation_99933125530280', '__texttable_856489355379038:::__textorientation_724300874825181', '__texttable_858654621377229:::__textorientation_720075046139883', '__texttable_862696751233463:::__textorientation_750434008591979', '__texttable_863664455723333:::__textorientation_359112369164732', '__texttable_867598901282794:::__textorientation_24698244912344', '__texttable_869735952425517:::__textorientation_217793775706649', '__texttable_871181067697414:::__textorientation_955584972847437', '__texttable_879049222768975:::__textorientation_582858988374430', '__texttable_883982653091862:::__textorientation_92096209346362', '__texttable_887692148477080:::__textorientation_645957816339651', '__texttable_890129147957860:::__textorientation_15208316442040', '__texttable_891193186442052:::__textorientation_923259461941228', '__texttable_893841606095980:::__textorientation_214107466873284', '__texttable_895708380583228:::__textorientation_266652053328923', '__texttable_896148382193730:::__textorientation_322127229158726', '__texttable_898288447815418:::__textorientation_921438931902136', '__texttable_900634263974291:::__textorientation_238572282621248', '__texttable_901239879865880:::__textorientation_757688930472309', '__texttable_903644158810424:::__textorientation_585301749879661', '__texttable_907023738940862:::__textorientation_183829558996479', '__texttable_909440967344315:::__textorientation_264295219011513', '__texttable_914112607418360:::__textorientation_751972070290639', '__texttable_919207382550062:::__textorientation_227569228091567', '__texttable_920273334843561:::__textorientation_418806730417021', '__texttable_925342707381856:::__textorientation_19090104938581', '__texttable_93441376049184:::__textorientation_678637757777064', '__texttable_936639461768513:::__textorientation_352309266500613', '__texttable_939204648534673:::__textorientation_320020064201013', '__texttable_943165151807726:::__textorientation_347156895270338', '__texttable_945380603949066:::__textorientation_229035729978809', '__texttable_947975104287704:::__textorientation_469564327151785', '__texttable_950521184634205:::__textorientation_571777655155712', '__texttable_951439365235478:::__textorientation_730450624019337', '__texttable_958475122689149:::__textorientation_928463859535700', '__texttable_959172284684055:::__textorientation_650386751464309', '__texttable_959992686161197:::__textorientation_77234859752378', '__texttable_964891594610529:::__textorientation_656198400742818', '__texttable_967118253337470:::__textorientation_640071605657365', '__texttable_967186655638892:::__textorientation_262060256479249', '__texttable_968313224535182:::__textorientation_919977727563845', '__texttable_969015677197162:::__textorientation_193667400812627', '__texttable_971475848180748:::__textorientation_356503950706176', '__texttable_972732678114255:::__textorientation_792834281677598', '__texttable_973123842517381:::__textorientation_789484326008189', '__texttable_973974931989887:::__textorientation_253200011299949', '__texttable_974806576433109:::__textorientation_778577012627575', '__texttable_978800989947414:::__textorientation_73011430050286', '__texttable_983463858903487:::__textorientation_172287924576927', '__texttable_985541611848345:::__textorientation_907125183946357', '__texttable_987282765772334:::__textorientation_761761131432162', '__texttable_992355947588327:::__textorientation_491943800183383', '__texttable_995350295941325:::__textorientation_915266738790443', 'cor_156:::cor_156', 'cor_157:::cor_157', 'cor_158:::cor_158', 'cor_159:::cor_159', 'cor_160:::cor_160', 'cor_161:::cor_161', 'cor_162:::cor_162', 'cor_163:::cor_163', 'cor_164:::cor_164', 'cor_165:::cor_165', 'cor_166:::cor_166', 'cor_167:::cor_167', 'cor__13:::cor__13', 'stax13:::stax13', 'tc213:::tc213', 'tic13:::tic13', 'xstax13:::xstax13']
**********************************************************************
File "vcs/Canvas.rst", line 18, in manageElements_create
Failed example:
    ex=vcs.createtextorientation('textorientation_ex1') # Create textorientation 'textorientation_ex1' that inherits from 'default'
Exception raised:
    Traceback (most recent call last):
      File "/home/edward/anaconda2/envs/2.6-71-ga2d9061/lib/python2.7/doctest.py", line 1315, in __run
        compileflags, 1) in test.globs
      File "<doctest manageElements_create[1]>", line 1, in <module>
        ex=vcs.createtextorientation('textorientation_ex1') # Create textorientation 'textorientation_ex1' that inherits from 'default'
      File "/home/edward/anaconda2/envs/2.6-71-ga2d9061/lib/python2.7/site-packages/vcs-2.6-py2.7.egg/vcs/manageElements.py", line 1238, in createtextorientation
        name, source = check_name_source(name, source, 'textorientation')
      File "/home/edward/anaconda2/envs/2.6-71-ga2d9061/lib/python2.7/site-packages/vcs-2.6-py2.7.egg/vcs/manageElements.py", line 57, in check_name_source
        raise vcsError("Error %s object named %s already exists" % (typ, name))
    vcsError: Error textorientation object named textorientation_ex1 already exists
**********************************************************************
File "vcs/Canvas.rst", line 21, in manageElements_create
Failed example:
    ex2=vcs.createtextorientation('textorientation_ex2','bigger') # create 'textorientation_ex2' from 'bigger' template
Exception raised:
    Traceback (most recent call last):
      File "/home/edward/anaconda2/envs/2.6-71-ga2d9061/lib/python2.7/doctest.py", line 1315, in __run
        compileflags, 1) in test.globs
      File "<doctest manageElements_create[3]>", line 1, in <module>
        ex2=vcs.createtextorientation('textorientation_ex2','bigger') # create 'textorientation_ex2' from 'bigger' template
      File "/home/edward/anaconda2/envs/2.6-71-ga2d9061/lib/python2.7/site-packages/vcs-2.6-py2.7.egg/vcs/manageElements.py", line 1238, in createtextorientation
        name, source = check_name_source(name, source, 'textorientation')
      File "/home/edward/anaconda2/envs/2.6-71-ga2d9061/lib/python2.7/site-packages/vcs-2.6-py2.7.egg/vcs/manageElements.py", line 57, in check_name_source
        raise vcsError("Error %s object named %s already exists" % (typ, name))
    vcsError: Error textorientation object named textorientation_ex2 already exists
**********************************************************************
File "vcs/Canvas.rst", line 18, in manageElements_create
Failed example:
    ex=vcs.createtexttable('texttable_ex1') # Create texttable 'texttable_ex1' that inherits from 'default'
Exception raised:
    Traceback (most recent call last):
      File "/home/edward/anaconda2/envs/2.6-71-ga2d9061/lib/python2.7/doctest.py", line 1315, in __run
        compileflags, 1) in test.globs
      File "<doctest manageElements_create[1]>", line 1, in <module>
        ex=vcs.createtexttable('texttable_ex1') # Create texttable 'texttable_ex1' that inherits from 'default'
      File "/home/edward/anaconda2/envs/2.6-71-ga2d9061/lib/python2.7/site-packages/vcs-2.6-py2.7.egg/vcs/manageElements.py", line 1147, in createtexttable
        name, source = check_name_source(name, source, 'texttable')
      File "/home/edward/anaconda2/envs/2.6-71-ga2d9061/lib/python2.7/site-packages/vcs-2.6-py2.7.egg/vcs/manageElements.py", line 57, in check_name_source
        raise vcsError("Error %s object named %s already exists" % (typ, name))
    vcsError: Error texttable object named texttable_ex1 already exists
**********************************************************************
File "vcs/Canvas.rst", line 21, in manageElements_create
Failed example:
    ex2=vcs.createtexttable('texttable_ex2','bigger') # create 'texttable_ex2' from 'bigger' template
Exception raised:
    Traceback (most recent call last):
      File "/home/edward/anaconda2/envs/2.6-71-ga2d9061/lib/python2.7/doctest.py", line 1315, in __run
        compileflags, 1) in test.globs
      File "<doctest manageElements_create[3]>", line 1, in <module>
        ex2=vcs.createtexttable('texttable_ex2','bigger') # create 'texttable_ex2' from 'bigger' template
      File "/home/edward/anaconda2/envs/2.6-71-ga2d9061/lib/python2.7/site-packages/vcs-2.6-py2.7.egg/vcs/manageElements.py", line 1147, in createtexttable
        name, source = check_name_source(name, source, 'texttable')
      File "/home/edward/anaconda2/envs/2.6-71-ga2d9061/lib/python2.7/site-packages/vcs-2.6-py2.7.egg/vcs/manageElements.py", line 57, in check_name_source
        raise vcsError("Error %s object named %s already exists" % (typ, name))
    vcsError: Error texttable object named texttable_ex2 already exists
**********************************************************************
File "vcs/Canvas.rst", line 18, in manageElements_create
Failed example:
    ex=vcs.createxvsy('xvsy_ex1') # Create xvsy 'xvsy_ex1' that inherits from 'default'
Exception raised:
    Traceback (most recent call last):
      File "/home/edward/anaconda2/envs/2.6-71-ga2d9061/lib/python2.7/doctest.py", line 1315, in __run
        compileflags, 1) in test.globs
      File "<doctest manageElements_create[1]>", line 1, in <module>
        ex=vcs.createxvsy('xvsy_ex1') # Create xvsy 'xvsy_ex1' that inherits from 'default'
      File "/home/edward/anaconda2/envs/2.6-71-ga2d9061/lib/python2.7/site-packages/vcs-2.6-py2.7.egg/vcs/manageElements.py", line 569, in createxvsy
        raise ve
    vcsError: Error 1d object named xvsy_ex1 already exists
**********************************************************************
File "vcs/Canvas.rst", line 18, in manageElements_create
Failed example:
    ex=vcs.createxyvsy('xyvsy_ex1') # Create xyvsy 'xyvsy_ex1' that inherits from 'default'
Exception raised:
    Traceback (most recent call last):
      File "/home/edward/anaconda2/envs/2.6-71-ga2d9061/lib/python2.7/doctest.py", line 1315, in __run
        compileflags, 1) in test.globs
      File "<doctest manageElements_create[1]>", line 1, in <module>
        ex=vcs.createxyvsy('xyvsy_ex1') # Create xyvsy 'xyvsy_ex1' that inherits from 'default'
      File "/home/edward/anaconda2/envs/2.6-71-ga2d9061/lib/python2.7/site-packages/vcs-2.6-py2.7.egg/vcs/manageElements.py", line 447, in createxyvsy
        raise ve
    vcsError: Error 1d object named xyvsy_ex1 already exists
**********************************************************************
File "vcs/Canvas.rst", line 18, in manageElements_create
Failed example:
    ex=vcs.createyxvsx('yxvsx_ex1') # Create yxvsx 'yxvsx_ex1' that inherits from 'default'
Exception raised:
    Traceback (most recent call last):
      File "/home/edward/anaconda2/envs/2.6-71-ga2d9061/lib/python2.7/doctest.py", line 1315, in __run
        compileflags, 1) in test.globs
      File "<doctest manageElements_create[1]>", line 1, in <module>
        ex=vcs.createyxvsx('yxvsx_ex1') # Create yxvsx 'yxvsx_ex1' that inherits from 'default'
      File "/home/edward/anaconda2/envs/2.6-71-ga2d9061/lib/python2.7/site-packages/vcs-2.6-py2.7.egg/vcs/manageElements.py", line 509, in createyxvsx
        raise ve
    vcsError: Error 1d object named yxvsx_ex1 already exists
**********************************************************************
File "vcs/Canvas.rst", line 22, in canvas_textcombined
Failed example:
    vcs.createtext('qa_tta', 'qa', '7left_tto', '7left') # Create instance of 'std_tt' and '7left_to'
Exception raised:
    Traceback (most recent call last):
      File "/home/edward/anaconda2/envs/2.6-71-ga2d9061/lib/python2.7/doctest.py", line 1315, in __run
        compileflags, 1) in test.globs
      File "<doctest canvas_textcombined[4]>", line 1, in <module>
        vcs.createtext('qa_tta', 'qa', '7left_tto', '7left') # Create instance of 'std_tt' and '7left_to'
      File "/home/edward/anaconda2/envs/2.6-71-ga2d9061/lib/python2.7/site-packages/vcs-2.6-py2.7.egg/vcs/manageElements.py", line 1336, in createtextcombined
        Tt_name, Tt_source = check_name_source(Tt_name, Tt_source, 'texttable')
      File "/home/edward/anaconda2/envs/2.6-71-ga2d9061/lib/python2.7/site-packages/vcs-2.6-py2.7.egg/vcs/manageElements.py", line 57, in check_name_source
        raise vcsError("Error %s object named %s already exists" % (typ, name))
    vcsError: Error texttable object named qa_tta already exists
**********************************************************************
File "vcs/Canvas.rst", line 10, in canvas_grid
Failed example:
    a.grid(12,12,0,71,0,45)
Exception raised:
    Traceback (most recent call last):
      File "/home/edward/anaconda2/envs/2.6-71-ga2d9061/lib/python2.7/doctest.py", line 1315, in __run
        compileflags, 1) in test.globs
      File "<doctest canvas_grid[1]>", line 1, in <module>
        a.grid(12,12,0,71,0,45)
      File "/home/edward/anaconda2/envs/2.6-71-ga2d9061/lib/python2.7/site-packages/vcs-2.6-py2.7.egg/vcs/Canvas.py", line 4258, in grid
        p = self.canvas.grid(*args)
    AttributeError: 'module' object has no attribute 'grid'
**********************************************************************
File "vcs/Canvas.rst", line 22, in manageElements_get
Failed example:
    a.plot(ex, slab1, slab2) # plot using specified 3d_dual_scalar object
Expected:
    <vcs.displayplot.Dp ...>
Got:
    initCamera: Camera => ((0.0, 0.0, 540.0), (0.0, 0.0, 0.0), (0.0, 1.0, 0.0)) 
    <vcs.displayplot.Dp object at 0x7f72ae3bc910>
**********************************************************************
File "vcs/Canvas.rst", line 21, in manageElements_get
Failed example:
    a.plot(ex, slab1) # plot using specified 3d_scalar object
Expected:
    <vcs.displayplot.Dp ...>
Got:
    initCamera: Camera => ((0.0, 0.0, 540.0), (0.0, 0.0, 0.0), (0.0, 1.0, 0.0)) 
    <vcs.displayplot.Dp object at 0x7f72ae321050>
**********************************************************************
File "vcs/Canvas.rst", line 22, in manageElements_get
Failed example:
    a.plot(ex, slab1, slab2) # plot using specified 3d_vector object
Expected:
    <vcs.displayplot.Dp ...>
Got:
    Sample rate: 6 
    Sample rate: 6 
    initCamera: Camera => ((0.0, 0.0, 540.0), (0.0, 0.0, 0.0), (0.0, 1.0, 0.0)) 
    <vcs.displayplot.Dp object at 0x7f723b9b36e0>
**********************************************************************
File "vcs/Canvas.rst", line 20, in manageElements_get
Failed example:
    ex2=vcs.getline('red')  # instance of 'red' line secondary method
Exception raised:
    Traceback (most recent call last):
      File "/home/edward/anaconda2/envs/2.6-71-ga2d9061/lib/python2.7/doctest.py", line 1315, in __run
        compileflags, 1) in test.globs
      File "<doctest manageElements_get[4]>", line 1, in <module>
        ex2=vcs.getline('red')  # instance of 'red' line secondary method
      File "/home/edward/anaconda2/envs/2.6-71-ga2d9061/lib/python2.7/site-packages/vcs-2.6-py2.7.egg/vcs/manageElements.py", line 812, in getline
        raise ValueError("The line '%s' does not exist" % name)
    ValueError: The line 'red' does not exist
**********************************************************************
File "vcs/Canvas.rst", line 21, in manageElements_get
Failed example:
    a.line(ex2) # plot using specified line object
Exception raised:
    Traceback (most recent call last):
      File "/home/edward/anaconda2/envs/2.6-71-ga2d9061/lib/python2.7/doctest.py", line 1315, in __run
        compileflags, 1) in test.globs
      File "<doctest manageElements_get[5]>", line 1, in <module>
        a.line(ex2) # plot using specified line object
      File "/home/edward/anaconda2/envs/2.6-71-ga2d9061/lib/python2.7/site-packages/vcs-2.6-py2.7.egg/vcs/Canvas.py", line 1751, in line
        return self.__plot(arglist, parms)
      File "/home/edward/anaconda2/envs/2.6-71-ga2d9061/lib/python2.7/site-packages/vcs-2.6-py2.7.egg/vcs/Canvas.py", line 3660, in __plot
        gm = vcs.elements[tp][arglist[4]]
    KeyError: 'polar'
**********************************************************************
File "vcs/Canvas.rst", line 21, in manageElements_get
Failed example:
    a.taylordiagram(ex, slab1) # plot using specified taylordiagram object
Exception raised:
    Traceback (most recent call last):
      File "/home/edward/anaconda2/envs/2.6-71-ga2d9061/lib/python2.7/doctest.py", line 1315, in __run
        compileflags, 1) in test.globs
      File "<doctest manageElements_get[6]>", line 1, in <module>
        a.taylordiagram(ex, slab1) # plot using specified taylordiagram object
      File "/home/edward/anaconda2/envs/2.6-71-ga2d9061/lib/python2.7/site-packages/vcs-2.6-py2.7.egg/vcs/Canvas.py", line 1271, in taylordiagram
        return self.__plot(arglist, parms)
      File "/home/edward/anaconda2/envs/2.6-71-ga2d9061/lib/python2.7/site-packages/vcs-2.6-py2.7.egg/vcs/Canvas.py", line 3625, in __plot
        t.plot(arglist[0], canvas=self, template=arglist[2], **keyargs)
      File "/home/edward/anaconda2/envs/2.6-71-ga2d9061/lib/python2.7/site-packages/vcs-2.6-py2.7.egg/vcs/taylor.py", line 1965, in plot
        self.draw(canvas, data)
      File "/home/edward/anaconda2/envs/2.6-71-ga2d9061/lib/python2.7/site-packages/vcs-2.6-py2.7.egg/vcs/taylor.py", line 1205, in draw
        d0 = float(data[i][0])
      File "/home/edward/anaconda2/envs/2.6-71-ga2d9061/lib/python2.7/site-packages/numpy/ma/core.py", line 3897, in __float__
        raise TypeError("Only length-1 arrays can be converted "
    TypeError: Only length-1 arrays can be converted to Python scalars
**********************************************************************
File "vcs/Canvas.rst", line 17, in manageElements_get
Failed example:
    a.createtextcombined('EXAMPLE_tt', 'qa', 'EXAMPLE_tto', '7left') # Create 'EXAMPLE_tt' and 'EXAMPLE_tto'
Exception raised:
    Traceback (most recent call last):
      File "/home/edward/anaconda2/envs/2.6-71-ga2d9061/lib/python2.7/doctest.py", line 1315, in __run
        compileflags, 1) in test.globs
      File "<doctest manageElements_get[2]>", line 1, in <module>
        a.createtextcombined('EXAMPLE_tt', 'qa', 'EXAMPLE_tto', '7left') # Create 'EXAMPLE_tt' and 'EXAMPLE_tto'
      File "/home/edward/anaconda2/envs/2.6-71-ga2d9061/lib/python2.7/site-packages/vcs-2.6-py2.7.egg/vcs/Canvas.py", line 2117, in createtextcombined
        x, y, height, angle, path, halign, valign, projection)
      File "/home/edward/anaconda2/envs/2.6-71-ga2d9061/lib/python2.7/site-packages/vcs-2.6-py2.7.egg/vcs/manageElements.py", line 1336, in createtextcombined
        Tt_name, Tt_source = check_name_source(Tt_name, Tt_source, 'texttable')
      File "/home/edward/anaconda2/envs/2.6-71-ga2d9061/lib/python2.7/site-packages/vcs-2.6-py2.7.egg/vcs/manageElements.py", line 57, in check_name_source
        raise vcsError("Error %s object named %s already exists" % (typ, name))
    vcsError: Error texttable object named EXAMPLE_tt already exists
**********************************************************************
File "vcs/Canvas.rst", line 19, in manageElements_get
Failed example:
    ex=vcs.gettextcombined('EXAMPLE_tt', 'EXAMPLE_tto')  # instance of 'EXAMPLE_tt:::EXAMPLE_tto' textcombined secondary method
Exception raised:
    Traceback (most recent call last):
      File "/home/edward/anaconda2/envs/2.6-71-ga2d9061/lib/python2.7/doctest.py", line 1315, in __run
        compileflags, 1) in test.globs
      File "<doctest manageElements_get[3]>", line 1, in <module>
        ex=vcs.gettextcombined('EXAMPLE_tt', 'EXAMPLE_tto')  # instance of 'EXAMPLE_tt:::EXAMPLE_tto' textcombined secondary method
      File "/home/edward/anaconda2/envs/2.6-71-ga2d9061/lib/python2.7/site-packages/vcs-2.6-py2.7.egg/vcs/manageElements.py", line 1458, in gettextcombined
        (Tt_name_src, To_name_src))
    Exception: No such text combined: EXAMPLE_tt:::EXAMPLE_tto
**********************************************************************
File "vcs/Canvas.rst", line 20, in manageElements_get
Failed example:
    a.textcombined(ex) # plot using specified textcombined object
Exception raised:
    Traceback (most recent call last):
      File "/home/edward/anaconda2/envs/2.6-71-ga2d9061/lib/python2.7/doctest.py", line 1315, in __run
        compileflags, 1) in test.globs
      File "<doctest manageElements_get[4]>", line 1, in <module>
        a.textcombined(ex) # plot using specified textcombined object
      File "/home/edward/anaconda2/envs/2.6-71-ga2d9061/lib/python2.7/site-packages/vcs-2.6-py2.7.egg/vcs/Canvas.py", line 2193, in textcombined
        t.x = [args.pop(0)]
    IndexError: pop from empty list
**********************************************************************
File "vcs/Canvas.rst", line 17, in manageElements_get
Failed example:
    a.createtextcombined('EXAMPLE_tt', 'qa', 'EXAMPLE_tto', '7left') # Create 'EXAMPLE_tt' and 'EXAMPLE_tto'
Exception raised:
    Traceback (most recent call last):
      File "/home/edward/anaconda2/envs/2.6-71-ga2d9061/lib/python2.7/doctest.py", line 1315, in __run
        compileflags, 1) in test.globs
      File "<doctest manageElements_get[2]>", line 1, in <module>
        a.createtextcombined('EXAMPLE_tt', 'qa', 'EXAMPLE_tto', '7left') # Create 'EXAMPLE_tt' and 'EXAMPLE_tto'
      File "/home/edward/anaconda2/envs/2.6-71-ga2d9061/lib/python2.7/site-packages/vcs-2.6-py2.7.egg/vcs/Canvas.py", line 2117, in createtextcombined
        x, y, height, angle, path, halign, valign, projection)
      File "/home/edward/anaconda2/envs/2.6-71-ga2d9061/lib/python2.7/site-packages/vcs-2.6-py2.7.egg/vcs/manageElements.py", line 1336, in createtextcombined
        Tt_name, Tt_source = check_name_source(Tt_name, Tt_source, 'texttable')
      File "/home/edward/anaconda2/envs/2.6-71-ga2d9061/lib/python2.7/site-packages/vcs-2.6-py2.7.egg/vcs/manageElements.py", line 57, in check_name_source
        raise vcsError("Error %s object named %s already exists" % (typ, name))
    vcsError: Error texttable object named EXAMPLE_tt already exists
**********************************************************************
File "vcs/Canvas.rst", line 19, in manageElements_get
Failed example:
    ex=vcs.gettextcombined('EXAMPLE_tt', 'EXAMPLE_tto')  # instance of 'EXAMPLE_tt:::EXAMPLE_tto' textcombined secondary method
Exception raised:
    Traceback (most recent call last):
      File "/home/edward/anaconda2/envs/2.6-71-ga2d9061/lib/python2.7/doctest.py", line 1315, in __run
        compileflags, 1) in test.globs
      File "<doctest manageElements_get[3]>", line 1, in <module>
        ex=vcs.gettextcombined('EXAMPLE_tt', 'EXAMPLE_tto')  # instance of 'EXAMPLE_tt:::EXAMPLE_tto' textcombined secondary method
      File "/home/edward/anaconda2/envs/2.6-71-ga2d9061/lib/python2.7/site-packages/vcs-2.6-py2.7.egg/vcs/manageElements.py", line 1458, in gettextcombined
        (Tt_name_src, To_name_src))
    Exception: No such text combined: EXAMPLE_tt:::EXAMPLE_tto
**********************************************************************
File "vcs/Canvas.rst", line 20, in manageElements_get
Failed example:
    a.textcombined(ex) # plot using specified textcombined object
Exception raised:
    Traceback (most recent call last):
      File "/home/edward/anaconda2/envs/2.6-71-ga2d9061/lib/python2.7/doctest.py", line 1315, in __run
        compileflags, 1) in test.globs
      File "<doctest manageElements_get[4]>", line 1, in <module>
        a.textcombined(ex) # plot using specified textcombined object
      File "/home/edward/anaconda2/envs/2.6-71-ga2d9061/lib/python2.7/site-packages/vcs-2.6-py2.7.egg/vcs/Canvas.py", line 2193, in textcombined
        t.x = [args.pop(0)]
    IndexError: pop from empty list
**********************************************************************
File "vcs/Canvas.rst", line 15, in manageElements_removeobject
Failed example:
    line=a.getline('red') # To Modify an existing line object
Exception raised:
    Traceback (most recent call last):
      File "/home/edward/anaconda2/envs/2.6-71-ga2d9061/lib/python2.7/doctest.py", line 1315, in __run
        compileflags, 1) in test.globs
      File "<doctest manageElements_removeobject[1]>", line 1, in <module>
        line=a.getline('red') # To Modify an existing line object
      File "/home/edward/anaconda2/envs/2.6-71-ga2d9061/lib/python2.7/site-packages/vcs-2.6-py2.7.egg/vcs/Canvas.py", line 1721, in getline
        name, ltype, width, color, priority, viewport, worldcoordinate, x, y)
      File "/home/edward/anaconda2/envs/2.6-71-ga2d9061/lib/python2.7/site-packages/vcs-2.6-py2.7.egg/vcs/manageElements.py", line 812, in getline
        raise ValueError("The line '%s' does not exist" % name)
    ValueError: The line 'red' does not exist
**********************************************************************
File "vcs/Canvas.rst", line 17, in manageElements_removeobject
Failed example:
    a.removeobject(line) # Removes line object from VCS list
Exception raised:
    Traceback (most recent call last):
      File "/home/edward/anaconda2/envs/2.6-71-ga2d9061/lib/python2.7/doctest.py", line 1315, in __run
        compileflags, 1) in test.globs
      File "<doctest manageElements_removeobject[3]>", line 1, in <module>
        a.removeobject(line) # Removes line object from VCS list
    NameError: name 'line' is not defined
**********************************************************************
File "vcs/Canvas.rst", line 21, in canvas_gif
Failed example:
    a.gif(filename='example.gif', merge='a', orientation='l', geometry='800x600')
Exception raised:
    Traceback (most recent call last):
      File "/home/edward/anaconda2/envs/2.6-71-ga2d9061/lib/python2.7/doctest.py", line 1315, in __run
        compileflags, 1) in test.globs
      File "<doctest canvas_gif[3]>", line 1, in <module>
        a.gif(filename='example.gif', merge='a', orientation='l', geometry='800x600')
      File "/home/edward/anaconda2/envs/2.6-71-ga2d9061/lib/python2.7/site-packages/vcs-2.6-py2.7.egg/vcs/Canvas.py", line 5258, in gif
        return self.backend.gif(nargs)
      File "/home/edward/anaconda2/envs/2.6-71-ga2d9061/lib/python2.7/site-packages/vcs-2.6-py2.7.egg/vcs/VTKPlots.py", line 1150, in gif
        raise RuntimeError("gif method not implemented in VTK backend yet")
    RuntimeError: gif method not implemented in VTK backend yet
**********************************************************************
File "vcs/Canvas.rst", line 22, in canvas_gif
Failed example:
    a.gif('example') # overwrite existing gif file (default is merge='r')
Exception raised:
    Traceback (most recent call last):
      File "/home/edward/anaconda2/envs/2.6-71-ga2d9061/lib/python2.7/doctest.py", line 1315, in __run
        compileflags, 1) in test.globs
      File "<doctest canvas_gif[4]>", line 1, in <module>
        a.gif('example') # overwrite existing gif file (default is merge='r')
      File "/home/edward/anaconda2/envs/2.6-71-ga2d9061/lib/python2.7/site-packages/vcs-2.6-py2.7.egg/vcs/Canvas.py", line 5258, in gif
        return self.backend.gif(nargs)
      File "/home/edward/anaconda2/envs/2.6-71-ga2d9061/lib/python2.7/site-packages/vcs-2.6-py2.7.egg/vcs/VTKPlots.py", line 1150, in gif
        raise RuntimeError("gif method not implemented in VTK backend yet")
    RuntimeError: gif method not implemented in VTK backend yet
**********************************************************************
File "vcs/Canvas.rst", line 23, in canvas_gif
Failed example:
    a.gif('example',merge='r') # overwrite existing gif file
Exception raised:
    Traceback (most recent call last):
      File "/home/edward/anaconda2/envs/2.6-71-ga2d9061/lib/python2.7/doctest.py", line 1315, in __run
        compileflags, 1) in test.globs
      File "<doctest canvas_gif[5]>", line 1, in <module>
        a.gif('example',merge='r') # overwrite existing gif file
      File "/home/edward/anaconda2/envs/2.6-71-ga2d9061/lib/python2.7/site-packages/vcs-2.6-py2.7.egg/vcs/Canvas.py", line 5258, in gif
        return self.backend.gif(nargs)
      File "/home/edward/anaconda2/envs/2.6-71-ga2d9061/lib/python2.7/site-packages/vcs-2.6-py2.7.egg/vcs/VTKPlots.py", line 1150, in gif
        raise RuntimeError("gif method not implemented in VTK backend yet")
    RuntimeError: gif method not implemented in VTK backend yet
**********************************************************************
File "vcs/Canvas.rst", line 24, in canvas_gif
Failed example:
    a.gif('example',merge='a') # merge gif image into existing gif file
Exception raised:
    Traceback (most recent call last):
      File "/home/edward/anaconda2/envs/2.6-71-ga2d9061/lib/python2.7/doctest.py", line 1315, in __run
        compileflags, 1) in test.globs
      File "<doctest canvas_gif[6]>", line 1, in <module>
        a.gif('example',merge='a') # merge gif image into existing gif file
      File "/home/edward/anaconda2/envs/2.6-71-ga2d9061/lib/python2.7/site-packages/vcs-2.6-py2.7.egg/vcs/Canvas.py", line 5258, in gif
        return self.backend.gif(nargs)
      File "/home/edward/anaconda2/envs/2.6-71-ga2d9061/lib/python2.7/site-packages/vcs-2.6-py2.7.egg/vcs/VTKPlots.py", line 1150, in gif
        raise RuntimeError("gif method not implemented in VTK backend yet")
    RuntimeError: gif method not implemented in VTK backend yet
**********************************************************************
File "vcs/Canvas.rst", line 25, in canvas_gif
Failed example:
    a.gif('example',orientation='l') # merge gif image into existing gif file with landscape orientation
Exception raised:
    Traceback (most recent call last):
      File "/home/edward/anaconda2/envs/2.6-71-ga2d9061/lib/python2.7/doctest.py", line 1315, in __run
        compileflags, 1) in test.globs
      File "<doctest canvas_gif[7]>", line 1, in <module>
        a.gif('example',orientation='l') # merge gif image into existing gif file with landscape orientation
      File "/home/edward/anaconda2/envs/2.6-71-ga2d9061/lib/python2.7/site-packages/vcs-2.6-py2.7.egg/vcs/Canvas.py", line 5258, in gif
        return self.backend.gif(nargs)
      File "/home/edward/anaconda2/envs/2.6-71-ga2d9061/lib/python2.7/site-packages/vcs-2.6-py2.7.egg/vcs/VTKPlots.py", line 1150, in gif
        raise RuntimeError("gif method not implemented in VTK backend yet")
    RuntimeError: gif method not implemented in VTK backend yet
**********************************************************************
File "vcs/Canvas.rst", line 26, in canvas_gif
Failed example:
    a.gif('example',orientation='p') # merge gif image into existing gif file with portrait orientation
Exception raised:
    Traceback (most recent call last):
      File "/home/edward/anaconda2/envs/2.6-71-ga2d9061/lib/python2.7/doctest.py", line 1315, in __run
        compileflags, 1) in test.globs
      File "<doctest canvas_gif[8]>", line 1, in <module>
        a.gif('example',orientation='p') # merge gif image into existing gif file with portrait orientation
      File "/home/edward/anaconda2/envs/2.6-71-ga2d9061/lib/python2.7/site-packages/vcs-2.6-py2.7.egg/vcs/Canvas.py", line 5258, in gif
        return self.backend.gif(nargs)
      File "/home/edward/anaconda2/envs/2.6-71-ga2d9061/lib/python2.7/site-packages/vcs-2.6-py2.7.egg/vcs/VTKPlots.py", line 1150, in gif
        raise RuntimeError("gif method not implemented in VTK backend yet")
    RuntimeError: gif method not implemented in VTK backend yet
**********************************************************************
File "vcs/Canvas.rst", line 27, in canvas_gif
Failed example:
    a.gif('example',geometry='600x500') # merge gif image into existing gif file and set gif geometry
Exception raised:
    Traceback (most recent call last):
      File "/home/edward/anaconda2/envs/2.6-71-ga2d9061/lib/python2.7/doctest.py", line 1315, in __run
        compileflags, 1) in test.globs
      File "<doctest canvas_gif[9]>", line 1, in <module>
        a.gif('example',geometry='600x500') # merge gif image into existing gif file and set gif geometry
      File "/home/edward/anaconda2/envs/2.6-71-ga2d9061/lib/python2.7/site-packages/vcs-2.6-py2.7.egg/vcs/Canvas.py", line 5258, in gif
        return self.backend.gif(nargs)
      File "/home/edward/anaconda2/envs/2.6-71-ga2d9061/lib/python2.7/site-packages/vcs-2.6-py2.7.egg/vcs/VTKPlots.py", line 1150, in gif
        raise RuntimeError("gif method not implemented in VTK backend yet")
    RuntimeError: gif method not implemented in VTK backend yet
**********************************************************************
File "vcs/Canvas.rst", line 7, in canvas_objecthelp
Failed example:
    ln=a.getline('red') # Get a VCS line object
Exception raised:
    Traceback (most recent call last):
      File "/home/edward/anaconda2/envs/2.6-71-ga2d9061/lib/python2.7/doctest.py", line 1315, in __run
        compileflags, 1) in test.globs
      File "<doctest canvas_objecthelp[1]>", line 1, in <module>
        ln=a.getline('red') # Get a VCS line object
      File "/home/edward/anaconda2/envs/2.6-71-ga2d9061/lib/python2.7/site-packages/vcs-2.6-py2.7.egg/vcs/Canvas.py", line 1721, in getline
        name, ltype, width, color, priority, viewport, worldcoordinate, x, y)
      File "/home/edward/anaconda2/envs/2.6-71-ga2d9061/lib/python2.7/site-packages/vcs-2.6-py2.7.egg/vcs/manageElements.py", line 812, in getline
        raise ValueError("The line '%s' does not exist" % name)
    ValueError: The line 'red' does not exist
**********************************************************************
File "vcs/Canvas.rst", line 8, in canvas_objecthelp
Failed example:
    a.objecthelp(ln) # This will print out information on how to use ln
Exception raised:
    Traceback (most recent call last):
      File "/home/edward/anaconda2/envs/2.6-71-ga2d9061/lib/python2.7/doctest.py", line 1315, in __run
        compileflags, 1) in test.globs
      File "<doctest canvas_objecthelp[2]>", line 1, in <module>
        a.objecthelp(ln) # This will print out information on how to use ln
    NameError: name 'ln' is not defined
**********************************************************************
File "vcs/Canvas.rst", line 11, in canvas_drawtextcombined
Failed example:
    tc=a.drawtextcombined(Tt_name = 'std_example', To_name='7left_example', string='Hello example!', spacing=5,
                      color=242, priority=1, viewport=[0, 1.0, 0, 1.0],
                      worldcoordinate=[0,100, 0,50],
                      x=[0,20,40,60,80,100],
                      y=[0,10,20,30,40,50]) # Create instance of texttable object 'red'
Exception raised:
    Traceback (most recent call last):
      File "/home/edward/anaconda2/envs/2.6-71-ga2d9061/lib/python2.7/doctest.py", line 1315, in __run
        compileflags, 1) in test.globs
      File "<doctest canvas_drawtextcombined[2]>", line 5, in <module>
        y=[0,10,20,30,40,50]) # Create instance of texttable object 'red'
      File "/home/edward/anaconda2/envs/2.6-71-ga2d9061/lib/python2.7/site-packages/vcs-2.6-py2.7.egg/vcs/Canvas.py", line 2309, in drawtextcombined
        t = self.gettextcombined(Tt_name, To_name)
      File "/home/edward/anaconda2/envs/2.6-71-ga2d9061/lib/python2.7/site-packages/vcs-2.6-py2.7.egg/vcs/Canvas.py", line 2130, in gettextcombined
        x, y, height, angle, path, halign, valign)
      File "/home/edward/anaconda2/envs/2.6-71-ga2d9061/lib/python2.7/site-packages/vcs-2.6-py2.7.egg/vcs/manageElements.py", line 1458, in gettextcombined
        (Tt_name_src, To_name_src))
    Exception: No such text combined: std_example:::7left_example
**********************************************************************
File "vcs/Canvas.rst", line 16, in canvas_drawtextcombined
Failed example:
    a.textcombined(tc) # Plot using specified texttable object
Exception raised:
    Traceback (most recent call last):
      File "/home/edward/anaconda2/envs/2.6-71-ga2d9061/lib/python2.7/doctest.py", line 1315, in __run
        compileflags, 1) in test.globs
      File "<doctest canvas_drawtextcombined[3]>", line 1, in <module>
        a.textcombined(tc) # Plot using specified texttable object
    NameError: name 'tc' is not defined
**********************************************************************
File "vcs/Canvas.rst", line 11, in canvas_drawtextcombined
Failed example:
    tc=a.drawtextcombined(Tt_name = 'std_example', To_name='7left_example', string='Hello example!', spacing=5,
                      color=242, priority=1, viewport=[0, 1.0, 0, 1.0],
                      worldcoordinate=[0,100, 0,50],
                      x=[0,20,40,60,80,100],
                      y=[0,10,20,30,40,50]) # Create instance of texttable object 'red'
Exception raised:
    Traceback (most recent call last):
      File "/home/edward/anaconda2/envs/2.6-71-ga2d9061/lib/python2.7/doctest.py", line 1315, in __run
        compileflags, 1) in test.globs
      File "<doctest canvas_drawtextcombined[2]>", line 5, in <module>
        y=[0,10,20,30,40,50]) # Create instance of texttable object 'red'
      File "/home/edward/anaconda2/envs/2.6-71-ga2d9061/lib/python2.7/site-packages/vcs-2.6-py2.7.egg/vcs/Canvas.py", line 2309, in drawtextcombined
        t = self.gettextcombined(Tt_name, To_name)
      File "/home/edward/anaconda2/envs/2.6-71-ga2d9061/lib/python2.7/site-packages/vcs-2.6-py2.7.egg/vcs/Canvas.py", line 2130, in gettextcombined
        x, y, height, angle, path, halign, valign)
      File "/home/edward/anaconda2/envs/2.6-71-ga2d9061/lib/python2.7/site-packages/vcs-2.6-py2.7.egg/vcs/manageElements.py", line 1458, in gettextcombined
        (Tt_name_src, To_name_src))
    Exception: No such text combined: std_example:::7left_example
**********************************************************************
File "vcs/Canvas.rst", line 16, in canvas_drawtextcombined
Failed example:
    a.textcombined(tc) # Plot using specified texttable object
Exception raised:
    Traceback (most recent call last):
      File "/home/edward/anaconda2/envs/2.6-71-ga2d9061/lib/python2.7/doctest.py", line 1315, in __run
        compileflags, 1) in test.globs
      File "<doctest canvas_drawtextcombined[3]>", line 1, in <module>
        a.textcombined(tc) # Plot using specified texttable object
    NameError: name 'tc' is not defined
50 items passed all tests:
  14 tests in canvas_boxfill
   4 tests in canvas_clear
   4 tests in canvas_close
   4 tests in canvas_destroy
   4 tests in canvas_drawfillarea
   4 tests in canvas_drawline
   3 tests in canvas_drawlogooff
   3 tests in canvas_drawlogoon
   4 tests in canvas_drawmarker
   9 tests in canvas_eps
   9 tests in canvas_fillarea
   4 tests in canvas_flush
   4 tests in canvas_geometry
   2 tests in canvas_getcontinentstype
   4 tests in canvas_getdrawlogo
   7 tests in canvas_getfont
   6 tests in canvas_gettextextent
   4 tests in canvas_islandscape
  10 tests in canvas_isofill
   8 tests in canvas_isoline
   4 tests in canvas_isportrait
   8 tests in canvas_landscape
   2 tests in canvas_listelements
   9 tests in canvas_marker
   9 tests in canvas_meshfill
   3 tests in canvas_open
   2 tests in canvas_orientation
   6 tests in canvas_pdf
  13 tests in canvas_plot
   4 tests in canvas_png
   8 tests in canvas_portrait
   9 tests in canvas_postscript
   6 tests in canvas_pstogif
   2 tests in canvas_saveinitial
   2 tests in canvas_saveinitial_warning
  10 tests in canvas_scatter
   4 tests in canvas_scriptobject
   3 tests in canvas_setbgoutputdimensions
  11 tests in canvas_setcolorcell
   5 tests in canvas_setcolormap
   5 tests in canvas_setcontinentsline
   4 tests in canvas_setcontinentstype
   6 tests in canvas_svg
   8 tests in canvas_taylordiagram
  13 tests in canvas_update
  10 tests in canvas_vector
  11 tests in canvas_xvsy
   8 tests in canvas_xyvsy
   8 tests in canvas_yxvsx
   4 tests in utils_getcolorcell
**********************************************************************
10 items had failures:
   4 of   8 in canvas_drawtextcombined
   1 of  12 in canvas_ffmpeg
   7 of  10 in canvas_gif
   1 of   2 in canvas_grid
   7 of   9 in canvas_line
   2 of   3 in canvas_objecthelp
   1 of  26 in canvas_textcombined
  36 of  91 in manageElements_create
  12 of 160 in manageElements_get
   2 of   5 in manageElements_removeobject
634 tests in 60 items.
561 passed and 73 failed.
***Test Failed*** 73 failures.
60 items passed all tests:
   1 tests in canvas_boxfill (cleanup code)
   1 tests in canvas_clear (cleanup code)
   1 tests in canvas_close (cleanup code)
   1 tests in canvas_destroy (cleanup code)
   1 tests in canvas_drawfillarea (cleanup code)
   1 tests in canvas_drawline (cleanup code)
   1 tests in canvas_drawlogooff (cleanup code)
   1 tests in canvas_drawlogoon (cleanup code)
   1 tests in canvas_drawmarker (cleanup code)
   1 tests in canvas_drawtextcombined (cleanup code)
   1 tests in canvas_eps (cleanup code)
   1 tests in canvas_ffmpeg (cleanup code)
   1 tests in canvas_fillarea (cleanup code)
   1 tests in canvas_flush (cleanup code)
   1 tests in canvas_geometry (cleanup code)
   1 tests in canvas_getcontinentstype (cleanup code)
   1 tests in canvas_getdrawlogo (cleanup code)
   1 tests in canvas_getfont (cleanup code)
   1 tests in canvas_gettextextent (cleanup code)
   1 tests in canvas_gif (cleanup code)
   1 tests in canvas_grid (cleanup code)
   1 tests in canvas_islandscape (cleanup code)
   1 tests in canvas_isofill (cleanup code)
   1 tests in canvas_isoline (cleanup code)
   1 tests in canvas_isportrait (cleanup code)
   1 tests in canvas_landscape (cleanup code)
   1 tests in canvas_line (cleanup code)
   1 tests in canvas_listelements (cleanup code)
   1 tests in canvas_marker (cleanup code)
   1 tests in canvas_meshfill (cleanup code)
   1 tests in canvas_objecthelp (cleanup code)
   1 tests in canvas_open (cleanup code)
   1 tests in canvas_orientation (cleanup code)
   1 tests in canvas_pdf (cleanup code)
   1 tests in canvas_plot (cleanup code)
   1 tests in canvas_png (cleanup code)
   1 tests in canvas_portrait (cleanup code)
   1 tests in canvas_postscript (cleanup code)
   1 tests in canvas_pstogif (cleanup code)
   1 tests in canvas_saveinitial (cleanup code)
   1 tests in canvas_saveinitial_warning (cleanup code)
   1 tests in canvas_scatter (cleanup code)
   1 tests in canvas_scriptobject (cleanup code)
   1 tests in canvas_setbgoutputdimensions (cleanup code)
   1 tests in canvas_setcolorcell (cleanup code)
   1 tests in canvas_setcolormap (cleanup code)
   1 tests in canvas_setcontinentsline (cleanup code)
   1 tests in canvas_setcontinentstype (cleanup code)
   1 tests in canvas_svg (cleanup code)
   1 tests in canvas_taylordiagram (cleanup code)
   1 tests in canvas_textcombined (cleanup code)
   1 tests in canvas_update (cleanup code)
   1 tests in canvas_vector (cleanup code)
   1 tests in canvas_xvsy (cleanup code)
   1 tests in canvas_xyvsy (cleanup code)
   1 tests in canvas_yxvsx (cleanup code)
   1 tests in manageElements_create (cleanup code)
   1 tests in manageElements_get (cleanup code)
   1 tests in manageElements_removeobject (cleanup code)
   1 tests in utils_getcolorcell (cleanup code)
60 tests in 60 items.
60 passed and 0 failed.
Test passed.

Document: vcs/secondary/marker
------------------------------
1 items passed all tests:
   4 tests in script_examples
4 tests in 1 items.
4 passed and 0 failed.
Test passed.
1 items passed all tests:
   1 tests in script_examples (cleanup code)
1 tests in 1 items.
1 passed and 0 failed.
Test passed.

Document: vcs/graphics/unified1D
--------------------------------
1 items passed all tests:
   4 tests in script_examples
4 tests in 1 items.
4 passed and 0 failed.
Test passed.
1 items passed all tests:
   1 tests in script_examples (cleanup code)
1 tests in 1 items.
1 passed and 0 failed.
Test passed.

Doctest summary
===============
 1167 tests
  172 failures in tests
    0 failures in setup code
    0 failures in cleanup code
